2023-04-06 11:21:26,112 [INFO] Can:71 - Can Add PropertyChangeListener com.st.microxplorer.plugins.ip.can.Can@49ebd56
2023-04-06 11:21:59,580 [INFO] NvicIntPanel:101 - NVIC parent = com.st.microxplorer.plugins.ip.nvic.MultiNvicIntPanel[,0,0,0x0,invalid,layout=javax.swing.BoxLayout,alignmentX=0.0,alignmentY=0.0,border=,flags=9,maximumSize=,minimumSize=,preferredSize=]
2023-04-06 11:21:59,627 [INFO] NvicIntPanel:101 - NVIC parent = com.st.microxplorer.plugins.ip.nvic.MultiNvicIntPanel[,0,0,0x0,invalid,layout=javax.swing.BoxLayout,alignmentX=0.0,alignmentY=0.0,border=,flags=9,maximumSize=,minimumSize=,preferredSize=]
2023-04-06 11:22:01,500 [INFO] NvicIntPanel:101 - NVIC parent = com.st.microxplorer.plugins.ip.nvic.MultiNvicIntPanel[,0,0,0x0,invalid,layout=javax.swing.BoxLayout,alignmentX=0.0,alignmentY=0.0,border=,flags=9,maximumSize=,minimumSize=,preferredSize=]
2023-04-06 11:22:01,531 [INFO] NvicIntPanel:101 - NVIC parent = com.st.microxplorer.plugins.ip.nvic.MultiNvicIntPanel[,0,0,0x0,invalid,layout=javax.swing.BoxLayout,alignmentX=0.0,alignmentY=0.0,border=,flags=9,maximumSize=,minimumSize=,preferredSize=]
2023-04-06 11:22:03,273 [INFO] NvicIntPanel:101 - NVIC parent = com.st.microxplorer.plugins.ip.nvic.MultiNvicIntPanel[,0,0,0x0,invalid,layout=javax.swing.BoxLayout,alignmentX=0.0,alignmentY=0.0,border=,flags=9,maximumSize=,minimumSize=,preferredSize=]
2023-04-06 11:22:03,320 [INFO] NvicIntPanel:101 - NVIC parent = com.st.microxplorer.plugins.ip.nvic.MultiNvicIntPanel[,0,0,0x0,invalid,layout=javax.swing.BoxLayout,alignmentX=0.0,alignmentY=0.0,border=,flags=9,maximumSize=,minimumSize=,preferredSize=]
2023-04-06 11:22:09,197 [INFO] NvicIntPanel:101 - NVIC parent = com.st.microxplorer.plugins.ip.nvic.MultiNvicIntPanel[,0,0,0x0,invalid,layout=javax.swing.BoxLayout,alignmentX=0.0,alignmentY=0.0,border=,flags=9,maximumSize=,minimumSize=,preferredSize=]
2023-04-06 11:22:09,244 [INFO] NvicIntPanel:101 - NVIC parent = com.st.microxplorer.plugins.ip.nvic.MultiNvicIntPanel[,0,0,0x0,invalid,layout=javax.swing.BoxLayout,alignmentX=0.0,alignmentY=0.0,border=,flags=9,maximumSize=,minimumSize=,preferredSize=]
2023-04-06 11:22:20,414 [INFO] NvicIntPanel:101 - NVIC parent = com.st.microxplorer.plugins.ip.nvic.MultiNvicIntPanel[,0,0,0x0,invalid,layout=javax.swing.BoxLayout,alignmentX=0.0,alignmentY=0.0,border=,flags=9,maximumSize=,minimumSize=,preferredSize=]
2023-04-06 11:22:20,445 [INFO] NvicIntPanel:101 - NVIC parent = com.st.microxplorer.plugins.ip.nvic.MultiNvicIntPanel[,0,0,0x0,invalid,layout=javax.swing.BoxLayout,alignmentX=0.0,alignmentY=0.0,border=,flags=9,maximumSize=,minimumSize=,preferredSize=]
2023-04-06 11:22:24,050 [INFO] NvicIntPanel:101 - NVIC parent = com.st.microxplorer.plugins.ip.nvic.MultiNvicIntPanel[,0,0,0x0,invalid,layout=javax.swing.BoxLayout,alignmentX=0.0,alignmentY=0.0,border=,flags=9,maximumSize=,minimumSize=,preferredSize=]
2023-04-06 11:22:24,088 [INFO] NvicIntPanel:101 - NVIC parent = com.st.microxplorer.plugins.ip.nvic.MultiNvicIntPanel[,0,0,0x0,invalid,layout=javax.swing.BoxLayout,alignmentX=0.0,alignmentY=0.0,border=,flags=9,maximumSize=,minimumSize=,preferredSize=]
2023-04-06 11:22:38,010 [INFO] NvicIntPanel:101 - NVIC parent = com.st.microxplorer.plugins.ip.nvic.MultiNvicIntPanel[,0,0,0x0,invalid,layout=javax.swing.BoxLayout,alignmentX=0.0,alignmentY=0.0,border=,flags=9,maximumSize=,minimumSize=,preferredSize=]
2023-04-06 11:23:33,949 [INFO] Gpio:273 - dependency for GPIO [CAN1, RCC]
2023-04-06 11:23:43,860 [INFO] Gpio:273 - dependency for GPIO [CAN1, RCC]
2023-04-06 11:23:49,088 [INFO] UtilMem:75 - End SaveConfig() Used Memory: 411443184 Bytes (705691648)
2023-04-06 11:23:58,488 [INFO] UtilMem:75 - End SaveConfig() Used Memory: 439232496 Bytes (705691648)
2023-04-06 11:24:02,417 [INFO] UtilMem:75 - End SaveConfig() Used Memory: 490086384 Bytes (705691648)
2023-04-06 11:24:02,548 [INFO] BlockDiagram:2759 - set Specific Code input for plugin: CAN
2023-04-06 11:24:02,548 [INFO] BlockDiagram:2759 - set Specific Code input for plugin: RCC
2023-04-06 11:24:02,548 [INFO] BlockDiagram:2759 - set Specific Code input for plugin: NVIC
2023-04-06 11:24:02,548 [INFO] BlockDiagram:2759 - set Specific Code input for plugin: GPIO
2023-04-06 11:24:02,548 [INFO] CodeGenerator:793 - code generatio: config db path: C:\ST\STM32CubeIDE_1.12.0\STM32CubeIDE\plugins\com.st.stm32cube.common.mx_6.8.0.202302231600\\db\
2023-04-06 11:24:02,632 [INFO] CodeEngine:255 - oldGeneratedFile, C:\Users\ktp21\STM32CubeIDE\workspace_1.12.0\CANtest\MXTmpFiles\license.tmp_save
2023-04-06 11:24:02,679 [INFO] CodeEngine:279 - Generated code: C:\Users\ktp21\STM32CubeIDE\workspace_1.12.0\CANtest\MXTmpFiles\license.tmp
2023-04-06 11:24:02,695 [INFO] CodeEngine:255 - oldGeneratedFile, C:\Users\ktp21\STM32CubeIDE\workspace_1.12.0\CANtest\MXTmpFiles\gpio.tmp_save
2023-04-06 11:24:02,748 [INFO] CodeEngine:279 - Generated code: C:\Users\ktp21\STM32CubeIDE\workspace_1.12.0\CANtest\MXTmpFiles\gpio.tmp
2023-04-06 11:24:02,764 [INFO] CodeEngine:255 - oldGeneratedFile, C:\Users\ktp21\STM32CubeIDE\workspace_1.12.0\CANtest\Core\Src\stm32f4xx_it.c_save
2023-04-06 11:24:02,866 [INFO] CodeEngine:279 - Generated code: C:\Users\ktp21\STM32CubeIDE\workspace_1.12.0\CANtest\Core\Src\stm32f4xx_it.c
2023-04-06 11:24:02,882 [INFO] CodeEngine:255 - oldGeneratedFile, C:\Users\ktp21\STM32CubeIDE\workspace_1.12.0\CANtest\Core\Inc\stm32f4xx_it.h_save
2023-04-06 11:24:02,923 [INFO] CodeEngine:279 - Generated code: C:\Users\ktp21\STM32CubeIDE\workspace_1.12.0\CANtest\Core\Inc\stm32f4xx_it.h
2023-04-06 11:24:02,923 [INFO] CodeEngine:255 - oldGeneratedFile, C:\Users\ktp21\STM32CubeIDE\workspace_1.12.0\CANtest\Core\Src\stm32f4xx_hal_msp.c_save
2023-04-06 11:24:02,995 [INFO] CodeEngine:279 - Generated code: C:\Users\ktp21\STM32CubeIDE\workspace_1.12.0\CANtest\Core\Src\stm32f4xx_hal_msp.c
2023-04-06 11:24:02,995 [INFO] CodeEngine:255 - oldGeneratedFile, C:\Users\ktp21\STM32CubeIDE\workspace_1.12.0\CANtest\MXTmpFiles\system.tmp_save
2023-04-06 11:24:03,026 [INFO] CodeEngine:279 - Generated code: C:\Users\ktp21\STM32CubeIDE\workspace_1.12.0\CANtest\MXTmpFiles\system.tmp
2023-04-06 11:24:03,049 [INFO] CodeEngine:311 - oldGeneratedFile, C:\Users\ktp21\STM32CubeIDE\workspace_1.12.0\CANtest\Core\Inc\stm32f4xx_hal_conf.h_save
2023-04-06 11:24:03,096 [INFO] CodeEngine:335 - Generated code: C:\Users\ktp21\STM32CubeIDE\workspace_1.12.0\CANtest\Core\Inc\stm32f4xx_hal_conf.h
2023-04-06 11:24:03,112 [INFO] CodeEngine:255 - oldGeneratedFile, C:\Users\ktp21\STM32CubeIDE\workspace_1.12.0\CANtest\Core\Inc\main.h_save
2023-04-06 11:24:03,157 [INFO] CodeEngine:279 - Generated code: C:\Users\ktp21\STM32CubeIDE\workspace_1.12.0\CANtest\Core\Inc\main.h
2023-04-06 11:24:03,172 [INFO] CodeEngine:255 - oldGeneratedFile, C:\Users\ktp21\STM32CubeIDE\workspace_1.12.0\CANtest\Core\Src\main.c_save
2023-04-06 11:24:03,265 [INFO] CodeEngine:279 - Generated code: C:\Users\ktp21\STM32CubeIDE\workspace_1.12.0\CANtest\Core\Src\main.c
2023-04-06 11:24:03,781 [INFO] ProjectBuilder:2996 - Time for Copy HAL[1] : 317mS.
2023-04-06 11:24:03,781 [INFO] ProjectBuilder:4304 - Project Generator version: 3.19.2
2023-04-06 11:24:03,881 [INFO] ConfigFileManager:1483 - The Die is : DIE413
2023-04-06 11:24:04,767 [INFO] ProjectBuilder:4505 - Time for Generating toolchain IDE Files: 986mS.
2023-04-06 11:24:04,767 [INFO] ProjectBuilder:2867 - Time for Copy CMSIS : 0mS.
2023-04-06 11:24:04,767 [INFO] ProjectBuilder:2867 - Time for Copy CMSIS : 0mS.
2023-04-06 14:00:21,242 [INFO] NvicIntPanel:101 - NVIC parent = com.st.microxplorer.plugins.ip.nvic.MultiNvicIntPanel[,0,0,0x0,invalid,layout=javax.swing.BoxLayout,alignmentX=0.0,alignmentY=0.0,border=,flags=9,maximumSize=,minimumSize=,preferredSize=]
2023-04-06 14:00:21,281 [INFO] NvicIntPanel:101 - NVIC parent = com.st.microxplorer.plugins.ip.nvic.MultiNvicIntPanel[,0,0,0x0,invalid,layout=javax.swing.BoxLayout,alignmentX=0.0,alignmentY=0.0,border=,flags=9,maximumSize=,minimumSize=,preferredSize=]
2023-04-06 14:00:30,612 [INFO] NvicIntPanel:101 - NVIC parent = com.st.microxplorer.plugins.ip.nvic.MultiNvicIntPanel[,0,0,0x0,invalid,layout=javax.swing.BoxLayout,alignmentX=0.0,alignmentY=0.0,border=,flags=9,maximumSize=,minimumSize=,preferredSize=]
2023-04-06 14:00:30,658 [INFO] NvicIntPanel:101 - NVIC parent = com.st.microxplorer.plugins.ip.nvic.MultiNvicIntPanel[,0,0,0x0,invalid,layout=javax.swing.BoxLayout,alignmentX=0.0,alignmentY=0.0,border=,flags=9,maximumSize=,minimumSize=,preferredSize=]
2023-04-06 14:00:38,655 [INFO] NvicIntPanel:101 - NVIC parent = com.st.microxplorer.plugins.ip.nvic.MultiNvicIntPanel[,0,0,0x0,invalid,layout=javax.swing.BoxLayout,alignmentX=0.0,alignmentY=0.0,border=,flags=9,maximumSize=,minimumSize=,preferredSize=]
2023-04-06 14:00:46,475 [INFO] NvicIntPanel:101 - NVIC parent = com.st.microxplorer.plugins.ip.nvic.MultiNvicIntPanel[,0,0,0x0,invalid,layout=javax.swing.BoxLayout,alignmentX=0.0,alignmentY=0.0,border=,flags=9,maximumSize=,minimumSize=,preferredSize=]
2023-04-06 14:00:51,184 [INFO] NvicIntPanel:101 - NVIC parent = com.st.microxplorer.plugins.ip.nvic.MultiNvicIntPanel[,0,0,0x0,invalid,layout=javax.swing.BoxLayout,alignmentX=0.0,alignmentY=0.0,border=,flags=9,maximumSize=,minimumSize=,preferredSize=]
2023-04-06 14:00:51,217 [INFO] NvicIntPanel:101 - NVIC parent = com.st.microxplorer.plugins.ip.nvic.MultiNvicIntPanel[,0,0,0x0,invalid,layout=javax.swing.BoxLayout,alignmentX=0.0,alignmentY=0.0,border=,flags=9,maximumSize=,minimumSize=,preferredSize=]
2023-04-06 14:01:02,087 [INFO] NvicIntPanel:101 - NVIC parent = com.st.microxplorer.plugins.ip.nvic.MultiNvicIntPanel[,0,0,0x0,invalid,layout=javax.swing.BoxLayout,alignmentX=0.0,alignmentY=0.0,border=,flags=9,maximumSize=,minimumSize=,preferredSize=]
2023-04-06 14:01:02,134 [INFO] NvicIntPanel:101 - NVIC parent = com.st.microxplorer.plugins.ip.nvic.MultiNvicIntPanel[,0,0,0x0,invalid,layout=javax.swing.BoxLayout,alignmentX=0.0,alignmentY=0.0,border=,flags=9,maximumSize=,minimumSize=,preferredSize=]
2023-04-06 14:01:04,454 [INFO] NvicIntPanel:101 - NVIC parent = com.st.microxplorer.plugins.ip.nvic.MultiNvicIntPanel[,0,0,0x0,invalid,layout=javax.swing.BoxLayout,alignmentX=0.0,alignmentY=0.0,border=,flags=9,maximumSize=,minimumSize=,preferredSize=]
2023-04-06 14:01:04,476 [INFO] NvicIntPanel:101 - NVIC parent = com.st.microxplorer.plugins.ip.nvic.MultiNvicIntPanel[,0,0,0x0,invalid,layout=javax.swing.BoxLayout,alignmentX=0.0,alignmentY=0.0,border=,flags=9,maximumSize=,minimumSize=,preferredSize=]
2023-04-06 14:01:13,475 [INFO] NvicIntPanel:101 - NVIC parent = com.st.microxplorer.plugins.ip.nvic.MultiNvicIntPanel[,0,0,0x0,invalid,layout=javax.swing.BoxLayout,alignmentX=0.0,alignmentY=0.0,border=,flags=9,maximumSize=,minimumSize=,preferredSize=]
2023-04-06 14:01:13,506 [INFO] NvicIntPanel:101 - NVIC parent = com.st.microxplorer.plugins.ip.nvic.MultiNvicIntPanel[,0,0,0x0,invalid,layout=javax.swing.BoxLayout,alignmentX=0.0,alignmentY=0.0,border=,flags=9,maximumSize=,minimumSize=,preferredSize=]
2023-04-06 14:01:16,395 [INFO] NvicIntPanel:101 - NVIC parent = com.st.microxplorer.plugins.ip.nvic.MultiNvicIntPanel[,0,0,0x0,invalid,layout=javax.swing.BoxLayout,alignmentX=0.0,alignmentY=0.0,border=,flags=9,maximumSize=,minimumSize=,preferredSize=]
2023-04-06 14:01:16,442 [INFO] NvicIntPanel:101 - NVIC parent = com.st.microxplorer.plugins.ip.nvic.MultiNvicIntPanel[,0,0,0x0,invalid,layout=javax.swing.BoxLayout,alignmentX=0.0,alignmentY=0.0,border=,flags=9,maximumSize=,minimumSize=,preferredSize=]
2023-04-06 14:01:20,917 [INFO] NvicIntPanel:101 - NVIC parent = com.st.microxplorer.plugins.ip.nvic.MultiNvicIntPanel[,0,0,0x0,invalid,layout=javax.swing.BoxLayout,alignmentX=0.0,alignmentY=0.0,border=,flags=9,maximumSize=,minimumSize=,preferredSize=]
2023-04-06 14:01:20,948 [INFO] NvicIntPanel:101 - NVIC parent = com.st.microxplorer.plugins.ip.nvic.MultiNvicIntPanel[,0,0,0x0,invalid,layout=javax.swing.BoxLayout,alignmentX=0.0,alignmentY=0.0,border=,flags=9,maximumSize=,minimumSize=,preferredSize=]
2023-04-06 14:01:43,471 [INFO] NvicIntPanel:101 - NVIC parent = com.st.microxplorer.plugins.ip.nvic.MultiNvicIntPanel[,0,0,0x0,invalid,layout=javax.swing.BoxLayout,alignmentX=0.0,alignmentY=0.0,border=,flags=9,maximumSize=,minimumSize=,preferredSize=]
2023-04-06 14:01:43,518 [INFO] NvicIntPanel:101 - NVIC parent = com.st.microxplorer.plugins.ip.nvic.MultiNvicIntPanel[,0,0,0x0,invalid,layout=javax.swing.BoxLayout,alignmentX=0.0,alignmentY=0.0,border=,flags=9,maximumSize=,minimumSize=,preferredSize=]
2023-04-06 14:01:48,779 [INFO] NvicIntPanel:101 - NVIC parent = com.st.microxplorer.plugins.ip.nvic.MultiNvicIntPanel[,0,0,0x0,invalid,layout=javax.swing.BoxLayout,alignmentX=0.0,alignmentY=0.0,border=,flags=9,maximumSize=,minimumSize=,preferredSize=]
2023-04-06 14:01:48,826 [INFO] NvicIntPanel:101 - NVIC parent = com.st.microxplorer.plugins.ip.nvic.MultiNvicIntPanel[,0,0,0x0,invalid,layout=javax.swing.BoxLayout,alignmentX=0.0,alignmentY=0.0,border=,flags=9,maximumSize=,minimumSize=,preferredSize=]
2023-04-06 14:01:52,271 [INFO] NvicIntPanel:101 - NVIC parent = com.st.microxplorer.plugins.ip.nvic.MultiNvicIntPanel[,0,0,0x0,invalid,layout=javax.swing.BoxLayout,alignmentX=0.0,alignmentY=0.0,border=,flags=9,maximumSize=,minimumSize=,preferredSize=]
2023-04-06 14:01:52,302 [INFO] NvicIntPanel:101 - NVIC parent = com.st.microxplorer.plugins.ip.nvic.MultiNvicIntPanel[,0,0,0x0,invalid,layout=javax.swing.BoxLayout,alignmentX=0.0,alignmentY=0.0,border=,flags=9,maximumSize=,minimumSize=,preferredSize=]
2023-04-06 14:01:54,633 [INFO] NvicIntPanel:101 - NVIC parent = com.st.microxplorer.plugins.ip.nvic.MultiNvicIntPanel[,0,0,0x0,invalid,layout=javax.swing.BoxLayout,alignmentX=0.0,alignmentY=0.0,border=,flags=9,maximumSize=,minimumSize=,preferredSize=]
2023-04-06 14:01:54,660 [INFO] NvicIntPanel:101 - NVIC parent = com.st.microxplorer.plugins.ip.nvic.MultiNvicIntPanel[,0,0,0x0,invalid,layout=javax.swing.BoxLayout,alignmentX=0.0,alignmentY=0.0,border=,flags=9,maximumSize=,minimumSize=,preferredSize=]
2023-04-06 14:01:58,851 [INFO] NvicIntPanel:101 - NVIC parent = com.st.microxplorer.plugins.ip.nvic.MultiNvicIntPanel[,0,0,0x0,invalid,layout=javax.swing.BoxLayout,alignmentX=0.0,alignmentY=0.0,border=,flags=9,maximumSize=,minimumSize=,preferredSize=]
2023-04-06 14:01:58,898 [INFO] NvicIntPanel:101 - NVIC parent = com.st.microxplorer.plugins.ip.nvic.MultiNvicIntPanel[,0,0,0x0,invalid,layout=javax.swing.BoxLayout,alignmentX=0.0,alignmentY=0.0,border=,flags=9,maximumSize=,minimumSize=,preferredSize=]
2023-04-06 14:02:02,331 [INFO] NvicIntPanel:101 - NVIC parent = com.st.microxplorer.plugins.ip.nvic.MultiNvicIntPanel[,0,0,0x0,invalid,layout=javax.swing.BoxLayout,alignmentX=0.0,alignmentY=0.0,border=,flags=9,maximumSize=,minimumSize=,preferredSize=]
2023-04-06 14:02:02,359 [INFO] NvicIntPanel:101 - NVIC parent = com.st.microxplorer.plugins.ip.nvic.MultiNvicIntPanel[,0,0,0x0,invalid,layout=javax.swing.BoxLayout,alignmentX=0.0,alignmentY=0.0,border=,flags=9,maximumSize=,minimumSize=,preferredSize=]
2023-04-06 14:02:03,993 [INFO] NvicIntPanel:101 - NVIC parent = com.st.microxplorer.plugins.ip.nvic.MultiNvicIntPanel[,0,0,0x0,invalid,layout=javax.swing.BoxLayout,alignmentX=0.0,alignmentY=0.0,border=,flags=9,maximumSize=,minimumSize=,preferredSize=]
2023-04-06 14:02:04,040 [INFO] NvicIntPanel:101 - NVIC parent = com.st.microxplorer.plugins.ip.nvic.MultiNvicIntPanel[,0,0,0x0,invalid,layout=javax.swing.BoxLayout,alignmentX=0.0,alignmentY=0.0,border=,flags=9,maximumSize=,minimumSize=,preferredSize=]
2023-04-06 14:02:07,615 [INFO] NvicIntPanel:101 - NVIC parent = com.st.microxplorer.plugins.ip.nvic.MultiNvicIntPanel[,0,0,0x0,invalid,layout=javax.swing.BoxLayout,alignmentX=0.0,alignmentY=0.0,border=,flags=9,maximumSize=,minimumSize=,preferredSize=]
2023-04-06 14:02:07,647 [INFO] NvicIntPanel:101 - NVIC parent = com.st.microxplorer.plugins.ip.nvic.MultiNvicIntPanel[,0,0,0x0,invalid,layout=javax.swing.BoxLayout,alignmentX=0.0,alignmentY=0.0,border=,flags=9,maximumSize=,minimumSize=,preferredSize=]
2023-04-06 14:02:10,290 [INFO] NvicIntPanel:101 - NVIC parent = com.st.microxplorer.plugins.ip.nvic.MultiNvicIntPanel[,0,0,0x0,invalid,layout=javax.swing.BoxLayout,alignmentX=0.0,alignmentY=0.0,border=,flags=9,maximumSize=,minimumSize=,preferredSize=]
2023-04-06 14:02:10,322 [INFO] NvicIntPanel:101 - NVIC parent = com.st.microxplorer.plugins.ip.nvic.MultiNvicIntPanel[,0,0,0x0,invalid,layout=javax.swing.BoxLayout,alignmentX=0.0,alignmentY=0.0,border=,flags=9,maximumSize=,minimumSize=,preferredSize=]
2023-04-06 14:02:12,141 [INFO] NvicIntPanel:101 - NVIC parent = com.st.microxplorer.plugins.ip.nvic.MultiNvicIntPanel[,0,0,0x0,invalid,layout=javax.swing.BoxLayout,alignmentX=0.0,alignmentY=0.0,border=,flags=9,maximumSize=,minimumSize=,preferredSize=]
2023-04-06 14:02:12,179 [INFO] NvicIntPanel:101 - NVIC parent = com.st.microxplorer.plugins.ip.nvic.MultiNvicIntPanel[,0,0,0x0,invalid,layout=javax.swing.BoxLayout,alignmentX=0.0,alignmentY=0.0,border=,flags=9,maximumSize=,minimumSize=,preferredSize=]
2023-04-06 14:02:15,779 [INFO] NvicIntPanel:101 - NVIC parent = com.st.microxplorer.plugins.ip.nvic.MultiNvicIntPanel[,0,0,0x0,invalid,layout=javax.swing.BoxLayout,alignmentX=0.0,alignmentY=0.0,border=,flags=9,maximumSize=,minimumSize=,preferredSize=]
2023-04-06 14:02:15,801 [INFO] NvicIntPanel:101 - NVIC parent = com.st.microxplorer.plugins.ip.nvic.MultiNvicIntPanel[,0,0,0x0,invalid,layout=javax.swing.BoxLayout,alignmentX=0.0,alignmentY=0.0,border=,flags=9,maximumSize=,minimumSize=,preferredSize=]
2023-04-06 14:02:17,821 [INFO] NvicIntPanel:101 - NVIC parent = com.st.microxplorer.plugins.ip.nvic.MultiNvicIntPanel[,0,0,0x0,invalid,layout=javax.swing.BoxLayout,alignmentX=0.0,alignmentY=0.0,border=,flags=9,maximumSize=,minimumSize=,preferredSize=]
2023-04-06 14:02:17,868 [INFO] NvicIntPanel:101 - NVIC parent = com.st.microxplorer.plugins.ip.nvic.MultiNvicIntPanel[,0,0,0x0,invalid,layout=javax.swing.BoxLayout,alignmentX=0.0,alignmentY=0.0,border=,flags=9,maximumSize=,minimumSize=,preferredSize=]
2023-04-06 14:02:27,102 [INFO] NvicIntPanel:101 - NVIC parent = com.st.microxplorer.plugins.ip.nvic.MultiNvicIntPanel[,0,0,0x0,invalid,layout=javax.swing.BoxLayout,alignmentX=0.0,alignmentY=0.0,border=,flags=9,maximumSize=,minimumSize=,preferredSize=]
2023-04-06 14:02:28,520 [INFO] NvicIntPanel:101 - NVIC parent = com.st.microxplorer.plugins.ip.nvic.MultiNvicIntPanel[,0,0,0x0,invalid,layout=javax.swing.BoxLayout,alignmentX=0.0,alignmentY=0.0,border=,flags=9,maximumSize=,minimumSize=,preferredSize=]
2023-04-06 14:02:35,135 [INFO] NvicIntPanel:101 - NVIC parent = com.st.microxplorer.plugins.ip.nvic.MultiNvicIntPanel[,0,0,0x0,invalid,layout=javax.swing.BoxLayout,alignmentX=0.0,alignmentY=0.0,border=,flags=9,maximumSize=,minimumSize=,preferredSize=]
2023-04-06 14:02:35,166 [INFO] NvicIntPanel:101 - NVIC parent = com.st.microxplorer.plugins.ip.nvic.MultiNvicIntPanel[,0,0,0x0,invalid,layout=javax.swing.BoxLayout,alignmentX=0.0,alignmentY=0.0,border=,flags=9,maximumSize=,minimumSize=,preferredSize=]
2023-04-06 14:02:49,761 [INFO] NvicIntPanel:101 - NVIC parent = com.st.microxplorer.plugins.ip.nvic.MultiNvicIntPanel[,0,0,0x0,invalid,layout=javax.swing.BoxLayout,alignmentX=0.0,alignmentY=0.0,border=,flags=9,maximumSize=,minimumSize=,preferredSize=]
2023-04-06 14:02:49,792 [INFO] NvicIntPanel:101 - NVIC parent = com.st.microxplorer.plugins.ip.nvic.MultiNvicIntPanel[,0,0,0x0,invalid,layout=javax.swing.BoxLayout,alignmentX=0.0,alignmentY=0.0,border=,flags=9,maximumSize=,minimumSize=,preferredSize=]
2023-04-06 14:02:58,454 [INFO] NvicIntPanel:101 - NVIC parent = com.st.microxplorer.plugins.ip.nvic.MultiNvicIntPanel[,0,0,0x0,invalid,layout=javax.swing.BoxLayout,alignmentX=0.0,alignmentY=0.0,border=,flags=9,maximumSize=,minimumSize=,preferredSize=]
2023-04-06 14:02:58,476 [INFO] NvicIntPanel:101 - NVIC parent = com.st.microxplorer.plugins.ip.nvic.MultiNvicIntPanel[,0,0,0x0,invalid,layout=javax.swing.BoxLayout,alignmentX=0.0,alignmentY=0.0,border=,flags=9,maximumSize=,minimumSize=,preferredSize=]
2023-04-06 14:03:03,618 [INFO] NvicIntPanel:101 - NVIC parent = com.st.microxplorer.plugins.ip.nvic.MultiNvicIntPanel[,0,0,0x0,invalid,layout=javax.swing.BoxLayout,alignmentX=0.0,alignmentY=0.0,border=,flags=9,maximumSize=,minimumSize=,preferredSize=]
2023-04-06 14:03:03,649 [INFO] NvicIntPanel:101 - NVIC parent = com.st.microxplorer.plugins.ip.nvic.MultiNvicIntPanel[,0,0,0x0,invalid,layout=javax.swing.BoxLayout,alignmentX=0.0,alignmentY=0.0,border=,flags=9,maximumSize=,minimumSize=,preferredSize=]
2023-04-06 14:03:06,208 [INFO] NvicIntPanel:101 - NVIC parent = com.st.microxplorer.plugins.ip.nvic.MultiNvicIntPanel[,0,0,0x0,invalid,layout=javax.swing.BoxLayout,alignmentX=0.0,alignmentY=0.0,border=,flags=9,maximumSize=,minimumSize=,preferredSize=]
2023-04-06 14:03:06,266 [INFO] NvicIntPanel:101 - NVIC parent = com.st.microxplorer.plugins.ip.nvic.MultiNvicIntPanel[,0,0,0x0,invalid,layout=javax.swing.BoxLayout,alignmentX=0.0,alignmentY=0.0,border=,flags=9,maximumSize=,minimumSize=,preferredSize=]
2023-04-06 14:03:08,395 [INFO] NvicIntPanel:101 - NVIC parent = com.st.microxplorer.plugins.ip.nvic.MultiNvicIntPanel[,0,0,0x0,invalid,layout=javax.swing.BoxLayout,alignmentX=0.0,alignmentY=0.0,border=,flags=9,maximumSize=,minimumSize=,preferredSize=]
2023-04-06 14:03:08,442 [INFO] NvicIntPanel:101 - NVIC parent = com.st.microxplorer.plugins.ip.nvic.MultiNvicIntPanel[,0,0,0x0,invalid,layout=javax.swing.BoxLayout,alignmentX=0.0,alignmentY=0.0,border=,flags=9,maximumSize=,minimumSize=,preferredSize=]
2023-04-06 14:05:21,328 [INFO] MainUpdater:2854 - connection check result : 10
2023-04-06 14:05:21,328 [INFO] MainUpdater:2854 - connection check result : 10
2023-04-06 14:05:21,344 [INFO] MicroXplorer:468 - Change Database Path : 
2023-04-06 14:05:21,344 [INFO] MicroXplorer:498 - Change Database Version : DB.6.0.80
2023-04-06 14:05:21,359 [WARN] ThirdParty:871 - waiting for thirdparty lock release [close project]
2023-04-06 14:05:21,359 [INFO] ThirdParty:873 - entering critical section [close project]
2023-04-06 14:05:21,359 [INFO] ThirdParty:883 - exiting critical section [close project]
2023-04-06 14:05:21,359 [INFO] PinOutPanel:1499 - setPackage(No Configuration,No Configuration)
2023-04-06 14:05:21,375 [WARN] IpParametersView:150 - Warning: This peripheral hasn't parameters
2023-04-06 14:05:21,375 [WARN] MainPanel:257 - <html><b><center>Warning: This peripheral has no parameters to be configured<br></b></html>
2023-04-06 14:05:21,375 [INFO] UtilMem:75 - Begin LoadConfig() Used Memory: 482160256 Bytes (736100352)
2023-04-06 14:05:21,375 [INFO] MicroXplorer:468 - Change Database Path : 
2023-04-06 14:05:21,375 [INFO] MicroXplorer:498 - Change Database Version : DB.6.0.80
2023-04-06 14:05:21,375 [INFO] OpenFileManager:308 - Change cursor
2023-04-06 14:05:21,387 [INFO] RulesReader:64 - Compatibility file has been processed (293 Rules)
2023-04-06 14:05:21,387 [INFO] Mcu:1937 - Initializing MCU STM32F405RGTx STM32F405RGTx STM32F405RGT6
2023-04-06 14:05:21,976 [INFO] Context:659 - Trying to add GPIOservice into a context  which must be forbidden
2023-04-06 14:05:22,161 [INFO] RtosManager:555 - Registered RTOS mode: class=CMSIS, group=RTOS, mode=CMSIS_V1, owner=FREERTOS
2023-04-06 14:05:22,161 [INFO] RtosManager:555 - Registered RTOS mode: class=CMSIS, group=RTOS2, mode=CMSIS_V2, owner=FREERTOS
2023-04-06 14:05:22,161 [INFO] RtosManager:555 - Registered RTOS mode: class=RTOS, group=Core, mode=CMSIS_V1, owner=FREERTOS
2023-04-06 14:05:22,161 [INFO] RtosManager:555 - Registered RTOS mode: class=RTOS, group=Core, mode=CMSIS_V2, owner=FREERTOS
2023-04-06 14:05:22,161 [WARN] ModelIntegratedComponent:184 - Missing modes for component STMicroelectronics:FreeRTOS:0.0.1:STMicroelectronics:RTOS:FreeRTOS:Core:::10.2.0:
2023-04-06 14:05:22,161 [WARN] ModelIntegratedComponent:63 - No mode defined for component null
2023-04-06 14:05:22,161 [WARN] ModelIntegratedComponent:63 - No mode defined for component null
2023-04-06 14:05:22,161 [WARN] ModelIntegratedComponent:63 - No mode defined for component null
2023-04-06 14:05:22,161 [WARN] ModelIntegratedComponent:63 - No mode defined for component null
2023-04-06 14:05:22,161 [WARN] ModelIntegratedComponent:63 - No mode defined for component null
2023-04-06 14:05:22,161 [WARN] ModelIntegratedComponent:63 - No mode defined for component null
2023-04-06 14:05:22,161 [WARN] ModelIntegratedComponent:63 - No mode defined for component null
2023-04-06 14:05:22,161 [WARN] ModelIntegratedComponent:63 - No mode defined for component null
2023-04-06 14:05:22,161 [WARN] ModelIntegratedComponent:63 - No mode defined for component null
2023-04-06 14:05:22,161 [WARN] ModelIntegratedComponent:63 - No mode defined for component null
2023-04-06 14:05:22,161 [WARN] ModelIntegratedComponent:63 - No mode defined for component null
2023-04-06 14:05:22,161 [WARN] ModelIntegratedComponent:63 - No mode defined for component null
2023-04-06 14:05:22,161 [WARN] ModelIntegratedComponent:63 - No mode defined for component null
2023-04-06 14:05:22,161 [WARN] ModelIntegratedComponent:63 - No mode defined for component null
2023-04-06 14:05:22,161 [WARN] ModelIntegratedComponent:63 - No mode defined for component null
2023-04-06 14:05:22,161 [WARN] ModelIntegratedComponent:63 - No mode defined for component null
2023-04-06 14:05:22,161 [WARN] ModelIntegratedComponent:63 - No mode defined for component null
2023-04-06 14:05:22,161 [WARN] ModelIntegratedComponent:63 - No mode defined for component null
2023-04-06 14:05:22,161 [WARN] ModelIntegratedComponent:63 - No mode defined for component null
2023-04-06 14:05:22,161 [WARN] ModelIntegratedComponent:63 - No mode defined for component null
2023-04-06 14:05:22,161 [WARN] ModelIntegratedComponent:63 - No mode defined for component null
2023-04-06 14:05:22,161 [WARN] ModelIntegratedComponent:63 - No mode defined for component null
2023-04-06 14:05:22,161 [WARN] ModelIntegratedComponent:63 - No mode defined for component null
2023-04-06 14:05:22,161 [WARN] ModelIntegratedComponent:63 - No mode defined for component null
2023-04-06 14:05:22,161 [WARN] ModelIntegratedComponent:63 - No mode defined for component null
2023-04-06 14:05:22,161 [WARN] ModelIntegratedComponent:63 - No mode defined for component null
2023-04-06 14:05:22,161 [WARN] ModelIntegratedComponent:63 - No mode defined for component null
2023-04-06 14:05:22,161 [WARN] ModelIntegratedComponent:63 - No mode defined for component null
2023-04-06 14:05:22,161 [WARN] ModelIntegratedComponent:63 - No mode defined for component null
2023-04-06 14:05:22,161 [WARN] ModelIntegratedComponent:63 - No mode defined for component null
2023-04-06 14:05:22,161 [WARN] ModelIntegratedComponent:63 - No mode defined for component null
2023-04-06 14:05:22,161 [WARN] ModelIntegratedComponent:63 - No mode defined for component null
2023-04-06 14:05:22,161 [WARN] ModelIntegratedComponent:63 - No mode defined for component null
2023-04-06 14:05:22,192 [INFO] ThirdPartyModel:298 - Start build external matchings
2023-04-06 14:05:22,277 [INFO] ThirdPartyModel:316 - End build external matchings
2023-04-06 14:05:22,277 [INFO] ImportTextPane:194 - (OptionalMessage_ERROR) IP (RCC) : Parameter (RTCHSEDivFreq_Value) has invalid value (8000000)
2023-04-06 14:05:22,408 [INFO] UtilMem:75 - End LoadConfig() Used Memory: 595717496 Bytes (736100352)
2023-04-06 14:05:22,430 [WARN] ThirdParty:833 - waiting for thirdparty lock release [change project]
2023-04-06 14:05:22,430 [INFO] ThirdParty:835 - entering critical section [change project]
2023-04-06 14:05:22,430 [INFO] ThirdParty:1030 - CMSIS Pack Vendor :STMicroelectronics X-CUBE-ISPU 1.1.0
2023-04-06 14:05:22,430 [INFO] ThirdParty:1030 - CMSIS Pack Vendor :RoweBots I-CUBE-UNISONRTOS 5.5.0-4
2023-04-06 14:05:22,430 [INFO] ThirdParty:1030 - CMSIS Pack Vendor :STMicroelectronics X-CUBE-GNSS1 6.0.0
2023-04-06 14:05:22,430 [INFO] ThirdParty:1030 - CMSIS Pack Vendor :STMicroelectronics USB_HOST 2.0.0
2023-04-06 14:05:22,430 [INFO] ThirdParty:1030 - CMSIS Pack Vendor :STMicroelectronics X-CUBE-AZRTOS-F4 1.1.0
2023-04-06 14:05:22,430 [INFO] ThirdParty:1030 - CMSIS Pack Vendor :STMicroelectronics LIBJPEG 8.0.0
2023-04-06 14:05:22,430 [INFO] ThirdParty:1030 - CMSIS Pack Vendor :wolfSSL I-CUBE-wolfSSL 5.6.0
2023-04-06 14:05:22,430 [INFO] ThirdParty:1030 - CMSIS Pack Vendor :STMicroelectronics USB_DEVICE 3.0.0
2023-04-06 14:05:22,430 [INFO] ThirdParty:1030 - CMSIS Pack Vendor :STMicroelectronics X-CUBE-AI 8.0.0
2023-04-06 14:05:22,430 [INFO] ThirdParty:1030 - CMSIS Pack Vendor :STMicroelectronics X-CUBE-FREERTOS 1.0.0
2023-04-06 14:05:22,430 [INFO] ThirdParty:1030 - CMSIS Pack Vendor :STMicroelectronics X-CUBE-TOUCHGFX 4.21.3
2023-04-06 14:05:22,430 [INFO] ThirdParty:1030 - CMSIS Pack Vendor :STMicroelectronics X-CUBE-AZRTOS-F7 1.1.0
2023-04-06 14:05:22,430 [INFO] ThirdParty:1030 - CMSIS Pack Vendor :STMicroelectronics USB_DEVICE 2.0.0
2023-04-06 14:05:22,430 [INFO] ThirdParty:1030 - CMSIS Pack Vendor :STMicroelectronics X-CUBE-ALGOBUILD 1.3.0
2023-04-06 14:05:22,430 [INFO] ThirdParty:1030 - CMSIS Pack Vendor :STMicroelectronics X-CUBE-BLE1 6.2.4
2023-04-06 14:05:22,430 [INFO] ThirdParty:1030 - CMSIS Pack Vendor :STMicroelectronics X-CUBE-AZRTOS-L5 1.1.0
2023-04-06 14:05:22,430 [INFO] ThirdParty:1030 - CMSIS Pack Vendor :STMicroelectronics FreeRTOS 0.0.1
2023-04-06 14:05:22,430 [INFO] ThirdParty:1030 - CMSIS Pack Vendor :emotas I-CUBE-CANOPEN 1.1.3
2023-04-06 14:05:22,430 [INFO] ThirdParty:1030 - CMSIS Pack Vendor :STMicroelectronics X-CUBE-AZRTOS-G0 1.1.0
2023-04-06 14:05:22,430 [INFO] ThirdParty:1030 - CMSIS Pack Vendor :STMicroelectronics X-CUBE-BLEMGR 2.0.0
2023-04-06 14:05:22,430 [INFO] ThirdParty:1030 - CMSIS Pack Vendor :STMicroelectronics X-CUBE-SUBG2 5.0.0
2023-04-06 14:05:22,430 [INFO] ThirdParty:1030 - CMSIS Pack Vendor :STMicroelectronics X-CUBE-NFC4 3.0.0
2023-04-06 14:05:22,430 [INFO] ThirdParty:1030 - CMSIS Pack Vendor :STMicroelectronics STM32_WPAN 1.0.0
2023-04-06 14:05:22,430 [INFO] ThirdParty:1030 - CMSIS Pack Vendor :STMicroelectronics lwIP 2.0.3
2023-04-06 14:05:22,430 [INFO] ThirdParty:1030 - CMSIS Pack Vendor :STMicroelectronics USB_HOST 1.0.0
2023-04-06 14:05:22,430 [INFO] ThirdParty:1030 - CMSIS Pack Vendor :STMicroelectronics PDM2PCM 3.1.0
2023-04-06 14:05:22,430 [INFO] ThirdParty:1030 - CMSIS Pack Vendor :STMicroelectronics X-CUBE-TOF1 3.3.0
2023-04-06 14:05:22,430 [INFO] ThirdParty:1030 - CMSIS Pack Vendor :STMicroelectronics FP-ATR-ASTRA1 1.1.1
2023-04-06 14:05:22,430 [INFO] ThirdParty:1030 - CMSIS Pack Vendor :STMicroelectronics PDM2PCM 3.3.0
2023-04-06 14:05:22,430 [INFO] ThirdParty:1030 - CMSIS Pack Vendor :STMicroelectronics X-CUBE-DISPLAY 3.0.0
2023-04-06 14:05:22,430 [INFO] ThirdParty:1030 - CMSIS Pack Vendor :STMicroelectronics X-CUBE-AZRTOS-G4 1.0.0
2023-04-06 14:05:22,430 [INFO] ThirdParty:1030 - CMSIS Pack Vendor :STMicroelectronics FP-ATR-SIGFOX1 3.2.0
2023-04-06 14:05:22,430 [INFO] ThirdParty:1030 - CMSIS Pack Vendor :STMicroelectronics X-CUBE-AZRTOS-L4 1.0.0
2023-04-06 14:05:22,430 [INFO] ThirdParty:1030 - CMSIS Pack Vendor :STMicroelectronics HAL Drivers 0.0.0
2023-04-06 14:05:22,430 [INFO] ThirdParty:1030 - CMSIS Pack Vendor :STMicroelectronics MBEDTLS 2.16.2
2023-04-06 14:05:22,430 [INFO] ThirdParty:1030 - CMSIS Pack Vendor :STMicroelectronics MBEDTLS 2.14.1
2023-04-06 14:05:22,430 [INFO] ThirdParty:1030 - CMSIS Pack Vendor :STMicroelectronics X-CUBE-NFC7 1.0.0
2023-04-06 14:05:22,430 [INFO] ThirdParty:1030 - CMSIS Pack Vendor :STMicroelectronics X-CUBE-AZRTOS-WL 1.0.0
2023-04-06 14:05:22,430 [INFO] ThirdParty:1030 - CMSIS Pack Vendor :STMicroelectronics X-CUBE-EEPRMA1 4.1.0
2023-04-06 14:05:22,430 [INFO] ThirdParty:1030 - CMSIS Pack Vendor :portGmbH I-Cube-SoM-uGOAL 1.1.0
2023-04-06 14:05:22,430 [INFO] ThirdParty:1030 - CMSIS Pack Vendor :STMicroelectronics X-CUBE-ALS 1.0.1
2023-04-06 14:05:22,430 [INFO] ThirdParty:1030 - CMSIS Pack Vendor :STMicroelectronics X-CUBE-MEMS1 9.5.0
2023-04-06 14:05:22,430 [INFO] ThirdParty:1030 - CMSIS Pack Vendor :STMicroelectronics ThreadX 1.0.0
2023-04-06 14:05:22,430 [INFO] ThirdParty:1030 - CMSIS Pack Vendor :STMicroelectronics X-CUBE-AZRTOS-WB 1.1.0
2023-04-06 14:05:22,430 [INFO] ThirdParty:1030 - CMSIS Pack Vendor :SEGGER I-CUBE-embOS 1.3.1
2023-04-06 14:05:22,430 [INFO] ThirdParty:1030 - CMSIS Pack Vendor :STMicroelectronics USB_DEVICE 1.0.0
2023-04-06 14:05:22,430 [INFO] ThirdParty:1030 - CMSIS Pack Vendor :STMicroelectronics ThreadX 0.0.2
2023-04-06 14:05:22,430 [INFO] ThirdParty:1030 - CMSIS Pack Vendor :WES I-CUBE-Cesium 1.3.0
2023-04-06 14:05:22,430 [INFO] ThirdParty:1030 - CMSIS Pack Vendor :STMicroelectronics lwIP 2.1.2
2023-04-06 14:05:22,430 [INFO] ThirdParty:1030 - CMSIS Pack Vendor :STMicroelectronics X-CUBE-SFXS2LP1 4.0.0
2023-04-06 14:05:22,430 [INFO] ThirdParty:1030 - CMSIS Pack Vendor :STMicroelectronics X-CUBE-BLE2 3.3.0
2023-04-06 14:05:22,430 [INFO] ThirdParty:1030 - CMSIS Pack Vendor :STMicroelectronics PDM2PCM 3.2.0
2023-04-06 14:05:22,430 [INFO] ThirdParty:1030 - CMSIS Pack Vendor :STMicroelectronics X-CUBE-AZRTOS-H7 3.0.0
2023-04-06 14:05:22,430 [INFO] ThirdParty:841 - exiting critical section [change project]
2023-04-06 14:05:22,524 [INFO] PinOutPanel:1499 - setPackage(No Configuration,No Configuration)
2023-04-06 14:05:22,524 [INFO] PinOutPanel:1499 - setPackage(STM32F405RGTx,LQFP64)
2023-04-06 14:05:22,631 [INFO] UtilMem:75 - Before build in PCC Used Memory: 511915656 Bytes (736100352)
2023-04-06 14:05:22,747 [INFO] UtilMem:75 - After build in PCC Used Memory: 555955848 Bytes (736100352)
2023-04-06 14:05:22,747 [INFO] IPUIPlugin:80 - create IPUIPlugin
2023-04-06 14:05:22,747 [INFO] IPUIPlugin:80 - create IPUIPlugin
2023-04-06 14:05:22,747 [INFO] IPUIPlugin:80 - create IPUIPlugin
2023-04-06 14:05:22,747 [INFO] IPUIPlugin:80 - create IPUIPlugin
2023-04-06 14:05:22,747 [INFO] IPUIPlugin:80 - create IPUIPlugin
2023-04-06 14:05:22,747 [INFO] IPUIPlugin:80 - create IPUIPlugin
2023-04-06 14:05:22,747 [INFO] IPUIPlugin:80 - create IPUIPlugin
2023-04-06 14:05:22,747 [INFO] IPUIPlugin:80 - create IPUIPlugin
2023-04-06 14:05:22,747 [INFO] IPUIPlugin:80 - create IPUIPlugin
2023-04-06 14:05:22,747 [INFO] IPUIPlugin:80 - create IPUIPlugin
2023-04-06 14:05:22,747 [INFO] IPUIPlugin:80 - create IPUIPlugin
2023-04-06 14:05:22,747 [INFO] IPUIPlugin:80 - create IPUIPlugin
2023-04-06 14:05:22,747 [INFO] IPUIPlugin:80 - create IPUIPlugin
2023-04-06 14:05:22,747 [INFO] IPUIPlugin:80 - create IPUIPlugin
2023-04-06 14:05:22,747 [INFO] IPUIPlugin:80 - create IPUIPlugin
2023-04-06 14:05:22,747 [INFO] IPUIPlugin:80 - create IPUIPlugin
2023-04-06 14:05:22,747 [INFO] IPUIPlugin:80 - create IPUIPlugin
2023-04-06 14:05:22,747 [INFO] IPUIPlugin:80 - create IPUIPlugin
2023-04-06 14:05:22,747 [INFO] IPUIPlugin:80 - create IPUIPlugin
2023-04-06 14:05:22,747 [INFO] IPUIPlugin:80 - create IPUIPlugin
2023-04-06 14:05:22,747 [INFO] IPUIPlugin:80 - create IPUIPlugin
2023-04-06 14:05:22,747 [INFO] IPUIPlugin:80 - create IPUIPlugin
2023-04-06 14:05:22,747 [INFO] IPUIPlugin:80 - create IPUIPlugin
2023-04-06 14:05:22,747 [INFO] IPUIPlugin:80 - create IPUIPlugin
2023-04-06 14:05:22,747 [INFO] IPUIPlugin:80 - create IPUIPlugin
2023-04-06 14:05:22,747 [INFO] IPUIPlugin:80 - create IPUIPlugin
2023-04-06 14:05:22,747 [INFO] IPUIPlugin:80 - create IPUIPlugin
2023-04-06 14:05:22,747 [INFO] IPUIPlugin:80 - create IPUIPlugin
2023-04-06 14:05:22,747 [INFO] IPUIPlugin:80 - create IPUIPlugin
2023-04-06 14:05:22,747 [INFO] IPUIPlugin:80 - create IPUIPlugin
2023-04-06 14:05:22,747 [INFO] IPUIPlugin:80 - create IPUIPlugin
2023-04-06 14:05:22,747 [INFO] IPUIPlugin:80 - create IPUIPlugin
2023-04-06 14:05:22,747 [INFO] IPUIPlugin:80 - create IPUIPlugin
2023-04-06 14:05:22,747 [INFO] IPUIPlugin:80 - create IPUIPlugin
2023-04-06 14:05:22,747 [INFO] IPUIPlugin:80 - create IPUIPlugin
2023-04-06 14:05:22,747 [INFO] IPUIPlugin:80 - create IPUIPlugin
2023-04-06 14:05:22,747 [INFO] IPUIPlugin:80 - create IPUIPlugin
2023-04-06 14:05:22,747 [INFO] IPUIPlugin:80 - create IPUIPlugin
2023-04-06 14:05:22,747 [INFO] IPUIPlugin:80 - create IPUIPlugin
2023-04-06 14:05:22,747 [INFO] IPUIPlugin:80 - create IPUIPlugin
2023-04-06 14:05:22,747 [INFO] IPUIPlugin:80 - create IPUIPlugin
2023-04-06 14:05:22,747 [INFO] IPUIPlugin:80 - create IPUIPlugin
2023-04-06 14:05:22,747 [INFO] IPUIPlugin:80 - create IPUIPlugin
2023-04-06 14:05:22,747 [INFO] IPUIPlugin:80 - create IPUIPlugin
2023-04-06 14:05:22,747 [INFO] IPUIPlugin:80 - create IPUIPlugin
2023-04-06 14:05:22,747 [INFO] IPUIPlugin:80 - create IPUIPlugin
2023-04-06 14:05:22,747 [INFO] IPUIPlugin:80 - create IPUIPlugin
2023-04-06 14:05:22,747 [INFO] IPUIPlugin:80 - create IPUIPlugin
2023-04-06 14:05:22,747 [INFO] IPUIPlugin:80 - create IPUIPlugin
2023-04-06 14:05:22,747 [INFO] IPUIPlugin:80 - create IPUIPlugin
2023-04-06 14:05:22,747 [INFO] IPUIPlugin:80 - create IPUIPlugin
2023-04-06 14:05:22,747 [INFO] IPUIPlugin:80 - create IPUIPlugin
2023-04-06 14:05:22,747 [INFO] IPUIPlugin:80 - create IPUIPlugin
2023-04-06 14:05:22,747 [INFO] IPUIPlugin:80 - create IPUIPlugin
2023-04-06 14:05:22,762 [INFO] ApiDbMcu:507 - Load IP Config File for PDM2PCM
2023-04-06 14:05:22,762 [INFO] Can:71 - Can Add PropertyChangeListener com.st.microxplorer.plugins.ip.can.Can@39ef8d1f
2023-04-06 14:05:22,778 [INFO] CADModel:165 - CPN selected for project levelSTM32F405RGT6
2023-04-06 14:05:22,778 [INFO] CADModel:114 - Register for checkConnection events
2023-04-06 14:05:22,847 [INFO] OpenFileManager:328 - Restore cursor
2023-04-06 14:05:32,425 [INFO] NvicIntPanel:101 - NVIC parent = com.st.microxplorer.plugins.ip.nvic.MultiNvicIntPanel[,0,0,0x0,invalid,layout=javax.swing.BoxLayout,alignmentX=0.0,alignmentY=0.0,border=,flags=9,maximumSize=,minimumSize=,preferredSize=]
2023-04-06 14:05:32,563 [INFO] NvicIntPanel:101 - NVIC parent = com.st.microxplorer.plugins.ip.nvic.MultiNvicIntPanel[,0,0,0x0,invalid,layout=javax.swing.BoxLayout,alignmentX=0.0,alignmentY=0.0,border=,flags=9,maximumSize=,minimumSize=,preferredSize=]
2023-04-06 14:05:45,800 [INFO] NvicIntPanel:101 - NVIC parent = com.st.microxplorer.plugins.ip.nvic.MultiNvicIntPanel[,0,0,0x0,invalid,layout=javax.swing.BoxLayout,alignmentX=0.0,alignmentY=0.0,border=,flags=9,maximumSize=,minimumSize=,preferredSize=]
2023-04-06 14:05:45,831 [INFO] NvicIntPanel:101 - NVIC parent = com.st.microxplorer.plugins.ip.nvic.MultiNvicIntPanel[,0,0,0x0,invalid,layout=javax.swing.BoxLayout,alignmentX=0.0,alignmentY=0.0,border=,flags=9,maximumSize=,minimumSize=,preferredSize=]
2023-04-06 14:05:47,689 [INFO] NvicIntPanel:101 - NVIC parent = com.st.microxplorer.plugins.ip.nvic.MultiNvicIntPanel[,0,0,0x0,invalid,layout=javax.swing.BoxLayout,alignmentX=0.0,alignmentY=0.0,border=,flags=9,maximumSize=,minimumSize=,preferredSize=]
2023-04-06 14:05:47,705 [INFO] NvicIntPanel:101 - NVIC parent = com.st.microxplorer.plugins.ip.nvic.MultiNvicIntPanel[,0,0,0x0,invalid,layout=javax.swing.BoxLayout,alignmentX=0.0,alignmentY=0.0,border=,flags=9,maximumSize=,minimumSize=,preferredSize=]
2023-04-06 14:05:56,768 [INFO] MainUpdater:2854 - connection check result : 10
2023-04-06 14:05:56,768 [INFO] MainUpdater:2854 - connection check result : 10
2023-04-06 14:05:56,784 [INFO] MicroXplorer:468 - Change Database Path : 
2023-04-06 14:05:56,784 [INFO] MicroXplorer:498 - Change Database Version : DB.6.0.80
2023-04-06 14:05:56,784 [WARN] ThirdParty:871 - waiting for thirdparty lock release [close project]
2023-04-06 14:05:56,784 [INFO] ThirdParty:873 - entering critical section [close project]
2023-04-06 14:05:56,784 [INFO] ThirdParty:883 - exiting critical section [close project]
2023-04-06 14:05:56,784 [INFO] PinOutPanel:1499 - setPackage(No Configuration,No Configuration)
2023-04-06 14:05:56,784 [WARN] IpParametersView:150 - Warning: This peripheral hasn't parameters
2023-04-06 14:05:56,784 [WARN] MainPanel:257 - <html><b><center>Warning: This peripheral has no parameters to be configured<br></b></html>
2023-04-06 14:05:56,784 [INFO] UtilMem:75 - Begin LoadConfig() Used Memory: 447988760 Bytes (736100352)
2023-04-06 14:05:56,784 [INFO] MicroXplorer:468 - Change Database Path : 
2023-04-06 14:05:56,784 [INFO] MicroXplorer:498 - Change Database Version : DB.6.0.80
2023-04-06 14:05:56,784 [INFO] OpenFileManager:308 - Change cursor
2023-04-06 14:05:56,799 [INFO] Mcu:1937 - Initializing MCU STM32F405RGTx STM32F405RGTx STM32F405RGT6
2023-04-06 14:05:57,223 [INFO] Context:659 - Trying to add GPIOservice into a context  which must be forbidden
2023-04-06 14:05:57,338 [INFO] RtosManager:555 - Registered RTOS mode: class=CMSIS, group=RTOS, mode=CMSIS_V1, owner=FREERTOS
2023-04-06 14:05:57,338 [INFO] RtosManager:555 - Registered RTOS mode: class=CMSIS, group=RTOS2, mode=CMSIS_V2, owner=FREERTOS
2023-04-06 14:05:57,338 [INFO] RtosManager:555 - Registered RTOS mode: class=RTOS, group=Core, mode=CMSIS_V1, owner=FREERTOS
2023-04-06 14:05:57,338 [INFO] RtosManager:555 - Registered RTOS mode: class=RTOS, group=Core, mode=CMSIS_V2, owner=FREERTOS
2023-04-06 14:05:57,338 [WARN] ModelIntegratedComponent:184 - Missing modes for component STMicroelectronics:FreeRTOS:0.0.1:STMicroelectronics:RTOS:FreeRTOS:Core:::10.2.0:
2023-04-06 14:05:57,338 [WARN] ModelIntegratedComponent:63 - No mode defined for component null
2023-04-06 14:05:57,338 [WARN] ModelIntegratedComponent:63 - No mode defined for component null
2023-04-06 14:05:57,338 [WARN] ModelIntegratedComponent:63 - No mode defined for component null
2023-04-06 14:05:57,338 [WARN] ModelIntegratedComponent:63 - No mode defined for component null
2023-04-06 14:05:57,338 [WARN] ModelIntegratedComponent:63 - No mode defined for component null
2023-04-06 14:05:57,338 [WARN] ModelIntegratedComponent:63 - No mode defined for component null
2023-04-06 14:05:57,338 [WARN] ModelIntegratedComponent:63 - No mode defined for component null
2023-04-06 14:05:57,338 [WARN] ModelIntegratedComponent:63 - No mode defined for component null
2023-04-06 14:05:57,338 [WARN] ModelIntegratedComponent:63 - No mode defined for component null
2023-04-06 14:05:57,338 [WARN] ModelIntegratedComponent:63 - No mode defined for component null
2023-04-06 14:05:57,338 [WARN] ModelIntegratedComponent:63 - No mode defined for component null
2023-04-06 14:05:57,338 [WARN] ModelIntegratedComponent:63 - No mode defined for component null
2023-04-06 14:05:57,338 [WARN] ModelIntegratedComponent:63 - No mode defined for component null
2023-04-06 14:05:57,338 [WARN] ModelIntegratedComponent:63 - No mode defined for component null
2023-04-06 14:05:57,338 [WARN] ModelIntegratedComponent:63 - No mode defined for component null
2023-04-06 14:05:57,338 [WARN] ModelIntegratedComponent:63 - No mode defined for component null
2023-04-06 14:05:57,338 [WARN] ModelIntegratedComponent:63 - No mode defined for component null
2023-04-06 14:05:57,338 [WARN] ModelIntegratedComponent:63 - No mode defined for component null
2023-04-06 14:05:57,338 [WARN] ModelIntegratedComponent:63 - No mode defined for component null
2023-04-06 14:05:57,338 [WARN] ModelIntegratedComponent:63 - No mode defined for component null
2023-04-06 14:05:57,338 [WARN] ModelIntegratedComponent:63 - No mode defined for component null
2023-04-06 14:05:57,338 [WARN] ModelIntegratedComponent:63 - No mode defined for component null
2023-04-06 14:05:57,338 [WARN] ModelIntegratedComponent:63 - No mode defined for component null
2023-04-06 14:05:57,338 [WARN] ModelIntegratedComponent:63 - No mode defined for component null
2023-04-06 14:05:57,338 [WARN] ModelIntegratedComponent:63 - No mode defined for component null
2023-04-06 14:05:57,338 [WARN] ModelIntegratedComponent:63 - No mode defined for component null
2023-04-06 14:05:57,338 [WARN] ModelIntegratedComponent:63 - No mode defined for component null
2023-04-06 14:05:57,338 [WARN] ModelIntegratedComponent:63 - No mode defined for component null
2023-04-06 14:05:57,338 [WARN] ModelIntegratedComponent:63 - No mode defined for component null
2023-04-06 14:05:57,338 [WARN] ModelIntegratedComponent:63 - No mode defined for component null
2023-04-06 14:05:57,338 [WARN] ModelIntegratedComponent:63 - No mode defined for component null
2023-04-06 14:05:57,338 [WARN] ModelIntegratedComponent:63 - No mode defined for component null
2023-04-06 14:05:57,338 [WARN] ModelIntegratedComponent:63 - No mode defined for component null
2023-04-06 14:05:57,369 [INFO] ThirdPartyModel:298 - Start build external matchings
2023-04-06 14:05:57,453 [INFO] ThirdPartyModel:316 - End build external matchings
2023-04-06 14:05:57,453 [INFO] ImportTextPane:194 - (OptionalMessage_ERROR) IP (RCC) : Parameter (RTCHSEDivFreq_Value) has invalid value (8000000)
2023-04-06 14:05:57,606 [INFO] UtilMem:75 - End LoadConfig() Used Memory: 338411064 Bytes (736100352)
2023-04-06 14:05:57,606 [WARN] ThirdParty:833 - waiting for thirdparty lock release [change project]
2023-04-06 14:05:57,622 [INFO] ThirdParty:835 - entering critical section [change project]
2023-04-06 14:05:57,622 [INFO] ThirdParty:1030 - CMSIS Pack Vendor :STMicroelectronics X-CUBE-ISPU 1.1.0
2023-04-06 14:05:57,622 [INFO] ThirdParty:1030 - CMSIS Pack Vendor :RoweBots I-CUBE-UNISONRTOS 5.5.0-4
2023-04-06 14:05:57,622 [INFO] ThirdParty:1030 - CMSIS Pack Vendor :STMicroelectronics X-CUBE-GNSS1 6.0.0
2023-04-06 14:05:57,622 [INFO] ThirdParty:1030 - CMSIS Pack Vendor :STMicroelectronics USB_HOST 2.0.0
2023-04-06 14:05:57,622 [INFO] ThirdParty:1030 - CMSIS Pack Vendor :STMicroelectronics X-CUBE-AZRTOS-F4 1.1.0
2023-04-06 14:05:57,622 [INFO] ThirdParty:1030 - CMSIS Pack Vendor :STMicroelectronics LIBJPEG 8.0.0
2023-04-06 14:05:57,622 [INFO] ThirdParty:1030 - CMSIS Pack Vendor :wolfSSL I-CUBE-wolfSSL 5.6.0
2023-04-06 14:05:57,622 [INFO] ThirdParty:1030 - CMSIS Pack Vendor :STMicroelectronics USB_DEVICE 3.0.0
2023-04-06 14:05:57,622 [INFO] ThirdParty:1030 - CMSIS Pack Vendor :STMicroelectronics X-CUBE-AI 8.0.0
2023-04-06 14:05:57,622 [INFO] ThirdParty:1030 - CMSIS Pack Vendor :STMicroelectronics X-CUBE-FREERTOS 1.0.0
2023-04-06 14:05:57,622 [INFO] ThirdParty:1030 - CMSIS Pack Vendor :STMicroelectronics X-CUBE-TOUCHGFX 4.21.3
2023-04-06 14:05:57,622 [INFO] ThirdParty:1030 - CMSIS Pack Vendor :STMicroelectronics X-CUBE-AZRTOS-F7 1.1.0
2023-04-06 14:05:57,622 [INFO] ThirdParty:1030 - CMSIS Pack Vendor :STMicroelectronics USB_DEVICE 2.0.0
2023-04-06 14:05:57,622 [INFO] ThirdParty:1030 - CMSIS Pack Vendor :STMicroelectronics X-CUBE-ALGOBUILD 1.3.0
2023-04-06 14:05:57,622 [INFO] ThirdParty:1030 - CMSIS Pack Vendor :STMicroelectronics X-CUBE-BLE1 6.2.4
2023-04-06 14:05:57,622 [INFO] ThirdParty:1030 - CMSIS Pack Vendor :STMicroelectronics X-CUBE-AZRTOS-L5 1.1.0
2023-04-06 14:05:57,622 [INFO] ThirdParty:1030 - CMSIS Pack Vendor :STMicroelectronics FreeRTOS 0.0.1
2023-04-06 14:05:57,622 [INFO] ThirdParty:1030 - CMSIS Pack Vendor :emotas I-CUBE-CANOPEN 1.1.3
2023-04-06 14:05:57,622 [INFO] ThirdParty:1030 - CMSIS Pack Vendor :STMicroelectronics X-CUBE-AZRTOS-G0 1.1.0
2023-04-06 14:05:57,622 [INFO] ThirdParty:1030 - CMSIS Pack Vendor :STMicroelectronics X-CUBE-BLEMGR 2.0.0
2023-04-06 14:05:57,622 [INFO] ThirdParty:1030 - CMSIS Pack Vendor :STMicroelectronics X-CUBE-SUBG2 5.0.0
2023-04-06 14:05:57,622 [INFO] ThirdParty:1030 - CMSIS Pack Vendor :STMicroelectronics X-CUBE-NFC4 3.0.0
2023-04-06 14:05:57,622 [INFO] ThirdParty:1030 - CMSIS Pack Vendor :STMicroelectronics STM32_WPAN 1.0.0
2023-04-06 14:05:57,622 [INFO] ThirdParty:1030 - CMSIS Pack Vendor :STMicroelectronics lwIP 2.0.3
2023-04-06 14:05:57,622 [INFO] ThirdParty:1030 - CMSIS Pack Vendor :STMicroelectronics USB_HOST 1.0.0
2023-04-06 14:05:57,622 [INFO] ThirdParty:1030 - CMSIS Pack Vendor :STMicroelectronics PDM2PCM 3.1.0
2023-04-06 14:05:57,622 [INFO] ThirdParty:1030 - CMSIS Pack Vendor :STMicroelectronics X-CUBE-TOF1 3.3.0
2023-04-06 14:05:57,622 [INFO] ThirdParty:1030 - CMSIS Pack Vendor :STMicroelectronics FP-ATR-ASTRA1 1.1.1
2023-04-06 14:05:57,622 [INFO] ThirdParty:1030 - CMSIS Pack Vendor :STMicroelectronics PDM2PCM 3.3.0
2023-04-06 14:05:57,622 [INFO] ThirdParty:1030 - CMSIS Pack Vendor :STMicroelectronics X-CUBE-DISPLAY 3.0.0
2023-04-06 14:05:57,622 [INFO] ThirdParty:1030 - CMSIS Pack Vendor :STMicroelectronics X-CUBE-AZRTOS-G4 1.0.0
2023-04-06 14:05:57,622 [INFO] ThirdParty:1030 - CMSIS Pack Vendor :STMicroelectronics FP-ATR-SIGFOX1 3.2.0
2023-04-06 14:05:57,622 [INFO] ThirdParty:1030 - CMSIS Pack Vendor :STMicroelectronics X-CUBE-AZRTOS-L4 1.0.0
2023-04-06 14:05:57,622 [INFO] ThirdParty:1030 - CMSIS Pack Vendor :STMicroelectronics HAL Drivers 0.0.0
2023-04-06 14:05:57,622 [INFO] ThirdParty:1030 - CMSIS Pack Vendor :STMicroelectronics MBEDTLS 2.16.2
2023-04-06 14:05:57,622 [INFO] ThirdParty:1030 - CMSIS Pack Vendor :STMicroelectronics MBEDTLS 2.14.1
2023-04-06 14:05:57,622 [INFO] ThirdParty:1030 - CMSIS Pack Vendor :STMicroelectronics X-CUBE-NFC7 1.0.0
2023-04-06 14:05:57,622 [INFO] ThirdParty:1030 - CMSIS Pack Vendor :STMicroelectronics X-CUBE-AZRTOS-WL 1.0.0
2023-04-06 14:05:57,622 [INFO] ThirdParty:1030 - CMSIS Pack Vendor :STMicroelectronics X-CUBE-EEPRMA1 4.1.0
2023-04-06 14:05:57,622 [INFO] ThirdParty:1030 - CMSIS Pack Vendor :portGmbH I-Cube-SoM-uGOAL 1.1.0
2023-04-06 14:05:57,622 [INFO] ThirdParty:1030 - CMSIS Pack Vendor :STMicroelectronics X-CUBE-ALS 1.0.1
2023-04-06 14:05:57,622 [INFO] ThirdParty:1030 - CMSIS Pack Vendor :STMicroelectronics X-CUBE-MEMS1 9.5.0
2023-04-06 14:05:57,622 [INFO] ThirdParty:1030 - CMSIS Pack Vendor :STMicroelectronics ThreadX 1.0.0
2023-04-06 14:05:57,622 [INFO] ThirdParty:1030 - CMSIS Pack Vendor :STMicroelectronics X-CUBE-AZRTOS-WB 1.1.0
2023-04-06 14:05:57,622 [INFO] ThirdParty:1030 - CMSIS Pack Vendor :SEGGER I-CUBE-embOS 1.3.1
2023-04-06 14:05:57,622 [INFO] ThirdParty:1030 - CMSIS Pack Vendor :STMicroelectronics USB_DEVICE 1.0.0
2023-04-06 14:05:57,622 [INFO] ThirdParty:1030 - CMSIS Pack Vendor :STMicroelectronics ThreadX 0.0.2
2023-04-06 14:05:57,622 [INFO] ThirdParty:1030 - CMSIS Pack Vendor :WES I-CUBE-Cesium 1.3.0
2023-04-06 14:05:57,622 [INFO] ThirdParty:1030 - CMSIS Pack Vendor :STMicroelectronics lwIP 2.1.2
2023-04-06 14:05:57,622 [INFO] ThirdParty:1030 - CMSIS Pack Vendor :STMicroelectronics X-CUBE-SFXS2LP1 4.0.0
2023-04-06 14:05:57,622 [INFO] ThirdParty:1030 - CMSIS Pack Vendor :STMicroelectronics X-CUBE-BLE2 3.3.0
2023-04-06 14:05:57,622 [INFO] ThirdParty:1030 - CMSIS Pack Vendor :STMicroelectronics PDM2PCM 3.2.0
2023-04-06 14:05:57,622 [INFO] ThirdParty:1030 - CMSIS Pack Vendor :STMicroelectronics X-CUBE-AZRTOS-H7 3.0.0
2023-04-06 14:05:57,622 [INFO] ThirdParty:841 - exiting critical section [change project]
2023-04-06 14:05:57,669 [INFO] PinOutPanel:1499 - setPackage(No Configuration,No Configuration)
2023-04-06 14:05:57,669 [INFO] PinOutPanel:1499 - setPackage(STM32F405RGTx,LQFP64)
2023-04-06 14:05:57,785 [INFO] UtilMem:75 - Before build in PCC Used Memory: 417346984 Bytes (736100352)
2023-04-06 14:05:57,857 [INFO] UtilMem:75 - After build in PCC Used Memory: 460864936 Bytes (736100352)
2023-04-06 14:05:57,872 [INFO] IPUIPlugin:80 - create IPUIPlugin
2023-04-06 14:05:57,872 [INFO] IPUIPlugin:80 - create IPUIPlugin
2023-04-06 14:05:57,872 [INFO] IPUIPlugin:80 - create IPUIPlugin
2023-04-06 14:05:57,872 [INFO] IPUIPlugin:80 - create IPUIPlugin
2023-04-06 14:05:57,872 [INFO] IPUIPlugin:80 - create IPUIPlugin
2023-04-06 14:05:57,872 [INFO] IPUIPlugin:80 - create IPUIPlugin
2023-04-06 14:05:57,872 [INFO] IPUIPlugin:80 - create IPUIPlugin
2023-04-06 14:05:57,872 [INFO] IPUIPlugin:80 - create IPUIPlugin
2023-04-06 14:05:57,872 [INFO] IPUIPlugin:80 - create IPUIPlugin
2023-04-06 14:05:57,872 [INFO] IPUIPlugin:80 - create IPUIPlugin
2023-04-06 14:05:57,872 [INFO] IPUIPlugin:80 - create IPUIPlugin
2023-04-06 14:05:57,872 [INFO] IPUIPlugin:80 - create IPUIPlugin
2023-04-06 14:05:57,872 [INFO] IPUIPlugin:80 - create IPUIPlugin
2023-04-06 14:05:57,872 [INFO] IPUIPlugin:80 - create IPUIPlugin
2023-04-06 14:05:57,872 [INFO] IPUIPlugin:80 - create IPUIPlugin
2023-04-06 14:05:57,872 [INFO] IPUIPlugin:80 - create IPUIPlugin
2023-04-06 14:05:57,872 [INFO] IPUIPlugin:80 - create IPUIPlugin
2023-04-06 14:05:57,872 [INFO] IPUIPlugin:80 - create IPUIPlugin
2023-04-06 14:05:57,872 [INFO] IPUIPlugin:80 - create IPUIPlugin
2023-04-06 14:05:57,872 [INFO] IPUIPlugin:80 - create IPUIPlugin
2023-04-06 14:05:57,872 [INFO] IPUIPlugin:80 - create IPUIPlugin
2023-04-06 14:05:57,872 [INFO] IPUIPlugin:80 - create IPUIPlugin
2023-04-06 14:05:57,872 [INFO] IPUIPlugin:80 - create IPUIPlugin
2023-04-06 14:05:57,872 [INFO] IPUIPlugin:80 - create IPUIPlugin
2023-04-06 14:05:57,872 [INFO] IPUIPlugin:80 - create IPUIPlugin
2023-04-06 14:05:57,872 [INFO] IPUIPlugin:80 - create IPUIPlugin
2023-04-06 14:05:57,872 [INFO] IPUIPlugin:80 - create IPUIPlugin
2023-04-06 14:05:57,872 [INFO] IPUIPlugin:80 - create IPUIPlugin
2023-04-06 14:05:57,872 [INFO] IPUIPlugin:80 - create IPUIPlugin
2023-04-06 14:05:57,872 [INFO] IPUIPlugin:80 - create IPUIPlugin
2023-04-06 14:05:57,872 [INFO] IPUIPlugin:80 - create IPUIPlugin
2023-04-06 14:05:57,872 [INFO] IPUIPlugin:80 - create IPUIPlugin
2023-04-06 14:05:57,872 [INFO] IPUIPlugin:80 - create IPUIPlugin
2023-04-06 14:05:57,872 [INFO] IPUIPlugin:80 - create IPUIPlugin
2023-04-06 14:05:57,872 [INFO] IPUIPlugin:80 - create IPUIPlugin
2023-04-06 14:05:57,872 [INFO] IPUIPlugin:80 - create IPUIPlugin
2023-04-06 14:05:57,872 [INFO] IPUIPlugin:80 - create IPUIPlugin
2023-04-06 14:05:57,872 [INFO] IPUIPlugin:80 - create IPUIPlugin
2023-04-06 14:05:57,872 [INFO] IPUIPlugin:80 - create IPUIPlugin
2023-04-06 14:05:57,872 [INFO] IPUIPlugin:80 - create IPUIPlugin
2023-04-06 14:05:57,872 [INFO] IPUIPlugin:80 - create IPUIPlugin
2023-04-06 14:05:57,872 [INFO] IPUIPlugin:80 - create IPUIPlugin
2023-04-06 14:05:57,872 [INFO] IPUIPlugin:80 - create IPUIPlugin
2023-04-06 14:05:57,872 [INFO] IPUIPlugin:80 - create IPUIPlugin
2023-04-06 14:05:57,872 [INFO] IPUIPlugin:80 - create IPUIPlugin
2023-04-06 14:05:57,872 [INFO] IPUIPlugin:80 - create IPUIPlugin
2023-04-06 14:05:57,872 [INFO] IPUIPlugin:80 - create IPUIPlugin
2023-04-06 14:05:57,872 [INFO] IPUIPlugin:80 - create IPUIPlugin
2023-04-06 14:05:57,872 [INFO] IPUIPlugin:80 - create IPUIPlugin
2023-04-06 14:05:57,872 [INFO] IPUIPlugin:80 - create IPUIPlugin
2023-04-06 14:05:57,872 [INFO] IPUIPlugin:80 - create IPUIPlugin
2023-04-06 14:05:57,872 [INFO] IPUIPlugin:80 - create IPUIPlugin
2023-04-06 14:05:57,872 [INFO] IPUIPlugin:80 - create IPUIPlugin
2023-04-06 14:05:57,872 [INFO] IPUIPlugin:80 - create IPUIPlugin
2023-04-06 14:05:57,872 [INFO] ApiDbMcu:507 - Load IP Config File for PDM2PCM
2023-04-06 14:05:57,872 [INFO] Can:71 - Can Add PropertyChangeListener com.st.microxplorer.plugins.ip.can.Can@3567c38
2023-04-06 14:05:57,888 [INFO] CADModel:165 - CPN selected for project levelSTM32F405RGT6
2023-04-06 14:05:57,888 [INFO] CADModel:114 - Register for checkConnection events
2023-04-06 14:05:57,938 [INFO] OpenFileManager:328 - Restore cursor
2023-04-06 14:06:01,149 [INFO] NvicIntPanel:101 - NVIC parent = com.st.microxplorer.plugins.ip.nvic.MultiNvicIntPanel[,0,0,0x0,invalid,layout=javax.swing.BoxLayout,alignmentX=0.0,alignmentY=0.0,border=,flags=9,maximumSize=,minimumSize=,preferredSize=]
2023-04-06 14:06:09,056 [INFO] NvicIntPanel:101 - NVIC parent = com.st.microxplorer.plugins.ip.nvic.MultiNvicIntPanel[,0,0,0x0,invalid,layout=javax.swing.BoxLayout,alignmentX=0.0,alignmentY=0.0,border=,flags=9,maximumSize=,minimumSize=,preferredSize=]
2023-04-06 14:06:09,172 [INFO] NvicIntPanel:101 - NVIC parent = com.st.microxplorer.plugins.ip.nvic.MultiNvicIntPanel[,0,0,0x0,invalid,layout=javax.swing.BoxLayout,alignmentX=0.0,alignmentY=0.0,border=,flags=9,maximumSize=,minimumSize=,preferredSize=]
2023-04-06 14:06:14,281 [INFO] MainUpdater:2854 - connection check result : 10
2023-04-06 14:06:14,281 [INFO] MainUpdater:2854 - connection check result : 10
2023-04-06 14:06:14,312 [INFO] MicroXplorer:468 - Change Database Path : 
2023-04-06 14:06:14,312 [INFO] MicroXplorer:498 - Change Database Version : DB.6.0.80
2023-04-06 14:06:14,312 [WARN] ThirdParty:871 - waiting for thirdparty lock release [close project]
2023-04-06 14:06:14,312 [INFO] ThirdParty:873 - entering critical section [close project]
2023-04-06 14:06:14,312 [INFO] ThirdParty:883 - exiting critical section [close project]
2023-04-06 14:06:14,312 [INFO] PinOutPanel:1499 - setPackage(No Configuration,No Configuration)
2023-04-06 14:06:14,328 [WARN] IpParametersView:150 - Warning: This peripheral hasn't parameters
2023-04-06 14:06:14,328 [WARN] MainPanel:257 - <html><b><center>Warning: This peripheral has no parameters to be configured<br></b></html>
2023-04-06 14:06:14,328 [INFO] UtilMem:75 - Begin LoadConfig() Used Memory: 484434360 Bytes (736100352)
2023-04-06 14:06:14,328 [INFO] MicroXplorer:468 - Change Database Path : 
2023-04-06 14:06:14,328 [INFO] MicroXplorer:498 - Change Database Version : DB.6.0.80
2023-04-06 14:06:14,328 [INFO] OpenFileManager:308 - Change cursor
2023-04-06 14:06:14,334 [INFO] Mcu:1937 - Initializing MCU STM32F405RGTx STM32F405RGTx STM32F405RGT6
2023-04-06 14:06:14,734 [INFO] Context:659 - Trying to add GPIOservice into a context  which must be forbidden
2023-04-06 14:06:14,834 [INFO] RtosManager:555 - Registered RTOS mode: class=CMSIS, group=RTOS, mode=CMSIS_V1, owner=FREERTOS
2023-04-06 14:06:14,834 [INFO] RtosManager:555 - Registered RTOS mode: class=CMSIS, group=RTOS2, mode=CMSIS_V2, owner=FREERTOS
2023-04-06 14:06:14,834 [INFO] RtosManager:555 - Registered RTOS mode: class=RTOS, group=Core, mode=CMSIS_V1, owner=FREERTOS
2023-04-06 14:06:14,834 [INFO] RtosManager:555 - Registered RTOS mode: class=RTOS, group=Core, mode=CMSIS_V2, owner=FREERTOS
2023-04-06 14:06:14,834 [WARN] ModelIntegratedComponent:184 - Missing modes for component STMicroelectronics:FreeRTOS:0.0.1:STMicroelectronics:RTOS:FreeRTOS:Core:::10.2.0:
2023-04-06 14:06:14,834 [WARN] ModelIntegratedComponent:63 - No mode defined for component null
2023-04-06 14:06:14,834 [WARN] ModelIntegratedComponent:63 - No mode defined for component null
2023-04-06 14:06:14,834 [WARN] ModelIntegratedComponent:63 - No mode defined for component null
2023-04-06 14:06:14,834 [WARN] ModelIntegratedComponent:63 - No mode defined for component null
2023-04-06 14:06:14,834 [WARN] ModelIntegratedComponent:63 - No mode defined for component null
2023-04-06 14:06:14,834 [WARN] ModelIntegratedComponent:63 - No mode defined for component null
2023-04-06 14:06:14,834 [WARN] ModelIntegratedComponent:63 - No mode defined for component null
2023-04-06 14:06:14,834 [WARN] ModelIntegratedComponent:63 - No mode defined for component null
2023-04-06 14:06:14,834 [WARN] ModelIntegratedComponent:63 - No mode defined for component null
2023-04-06 14:06:14,834 [WARN] ModelIntegratedComponent:63 - No mode defined for component null
2023-04-06 14:06:14,834 [WARN] ModelIntegratedComponent:63 - No mode defined for component null
2023-04-06 14:06:14,834 [WARN] ModelIntegratedComponent:63 - No mode defined for component null
2023-04-06 14:06:14,834 [WARN] ModelIntegratedComponent:63 - No mode defined for component null
2023-04-06 14:06:14,834 [WARN] ModelIntegratedComponent:63 - No mode defined for component null
2023-04-06 14:06:14,834 [WARN] ModelIntegratedComponent:63 - No mode defined for component null
2023-04-06 14:06:14,834 [WARN] ModelIntegratedComponent:63 - No mode defined for component null
2023-04-06 14:06:14,834 [WARN] ModelIntegratedComponent:63 - No mode defined for component null
2023-04-06 14:06:14,834 [WARN] ModelIntegratedComponent:63 - No mode defined for component null
2023-04-06 14:06:14,834 [WARN] ModelIntegratedComponent:63 - No mode defined for component null
2023-04-06 14:06:14,834 [WARN] ModelIntegratedComponent:63 - No mode defined for component null
2023-04-06 14:06:14,834 [WARN] ModelIntegratedComponent:63 - No mode defined for component null
2023-04-06 14:06:14,834 [WARN] ModelIntegratedComponent:63 - No mode defined for component null
2023-04-06 14:06:14,834 [WARN] ModelIntegratedComponent:63 - No mode defined for component null
2023-04-06 14:06:14,834 [WARN] ModelIntegratedComponent:63 - No mode defined for component null
2023-04-06 14:06:14,834 [WARN] ModelIntegratedComponent:63 - No mode defined for component null
2023-04-06 14:06:14,834 [WARN] ModelIntegratedComponent:63 - No mode defined for component null
2023-04-06 14:06:14,834 [WARN] ModelIntegratedComponent:63 - No mode defined for component null
2023-04-06 14:06:14,834 [WARN] ModelIntegratedComponent:63 - No mode defined for component null
2023-04-06 14:06:14,834 [WARN] ModelIntegratedComponent:63 - No mode defined for component null
2023-04-06 14:06:14,834 [WARN] ModelIntegratedComponent:63 - No mode defined for component null
2023-04-06 14:06:14,834 [WARN] ModelIntegratedComponent:63 - No mode defined for component null
2023-04-06 14:06:14,834 [WARN] ModelIntegratedComponent:63 - No mode defined for component null
2023-04-06 14:06:14,834 [WARN] ModelIntegratedComponent:63 - No mode defined for component null
2023-04-06 14:06:14,865 [INFO] ThirdPartyModel:298 - Start build external matchings
2023-04-06 14:06:14,934 [INFO] ThirdPartyModel:316 - End build external matchings
2023-04-06 14:06:14,934 [INFO] ImportTextPane:194 - (OptionalMessage_ERROR) IP (RCC) : Parameter (RTCHSEDivFreq_Value) has invalid value (8000000)
2023-04-06 14:06:15,077 [INFO] UtilMem:75 - End LoadConfig() Used Memory: 453926664 Bytes (736100352)
2023-04-06 14:06:15,093 [WARN] ThirdParty:833 - waiting for thirdparty lock release [change project]
2023-04-06 14:06:15,093 [INFO] ThirdParty:835 - entering critical section [change project]
2023-04-06 14:06:15,093 [INFO] ThirdParty:1030 - CMSIS Pack Vendor :STMicroelectronics X-CUBE-ISPU 1.1.0
2023-04-06 14:06:15,093 [INFO] ThirdParty:1030 - CMSIS Pack Vendor :RoweBots I-CUBE-UNISONRTOS 5.5.0-4
2023-04-06 14:06:15,093 [INFO] ThirdParty:1030 - CMSIS Pack Vendor :STMicroelectronics X-CUBE-GNSS1 6.0.0
2023-04-06 14:06:15,093 [INFO] ThirdParty:1030 - CMSIS Pack Vendor :STMicroelectronics USB_HOST 2.0.0
2023-04-06 14:06:15,093 [INFO] ThirdParty:1030 - CMSIS Pack Vendor :STMicroelectronics X-CUBE-AZRTOS-F4 1.1.0
2023-04-06 14:06:15,093 [INFO] ThirdParty:1030 - CMSIS Pack Vendor :STMicroelectronics LIBJPEG 8.0.0
2023-04-06 14:06:15,093 [INFO] ThirdParty:1030 - CMSIS Pack Vendor :wolfSSL I-CUBE-wolfSSL 5.6.0
2023-04-06 14:06:15,093 [INFO] ThirdParty:1030 - CMSIS Pack Vendor :STMicroelectronics USB_DEVICE 3.0.0
2023-04-06 14:06:15,093 [INFO] ThirdParty:1030 - CMSIS Pack Vendor :STMicroelectronics X-CUBE-AI 8.0.0
2023-04-06 14:06:15,093 [INFO] ThirdParty:1030 - CMSIS Pack Vendor :STMicroelectronics X-CUBE-FREERTOS 1.0.0
2023-04-06 14:06:15,093 [INFO] ThirdParty:1030 - CMSIS Pack Vendor :STMicroelectronics X-CUBE-TOUCHGFX 4.21.3
2023-04-06 14:06:15,093 [INFO] ThirdParty:1030 - CMSIS Pack Vendor :STMicroelectronics X-CUBE-AZRTOS-F7 1.1.0
2023-04-06 14:06:15,093 [INFO] ThirdParty:1030 - CMSIS Pack Vendor :STMicroelectronics USB_DEVICE 2.0.0
2023-04-06 14:06:15,093 [INFO] ThirdParty:1030 - CMSIS Pack Vendor :STMicroelectronics X-CUBE-ALGOBUILD 1.3.0
2023-04-06 14:06:15,093 [INFO] ThirdParty:1030 - CMSIS Pack Vendor :STMicroelectronics X-CUBE-BLE1 6.2.4
2023-04-06 14:06:15,093 [INFO] ThirdParty:1030 - CMSIS Pack Vendor :STMicroelectronics X-CUBE-AZRTOS-L5 1.1.0
2023-04-06 14:06:15,093 [INFO] ThirdParty:1030 - CMSIS Pack Vendor :STMicroelectronics FreeRTOS 0.0.1
2023-04-06 14:06:15,093 [INFO] ThirdParty:1030 - CMSIS Pack Vendor :emotas I-CUBE-CANOPEN 1.1.3
2023-04-06 14:06:15,093 [INFO] ThirdParty:1030 - CMSIS Pack Vendor :STMicroelectronics X-CUBE-AZRTOS-G0 1.1.0
2023-04-06 14:06:15,093 [INFO] ThirdParty:1030 - CMSIS Pack Vendor :STMicroelectronics X-CUBE-BLEMGR 2.0.0
2023-04-06 14:06:15,093 [INFO] ThirdParty:1030 - CMSIS Pack Vendor :STMicroelectronics X-CUBE-SUBG2 5.0.0
2023-04-06 14:06:15,093 [INFO] ThirdParty:1030 - CMSIS Pack Vendor :STMicroelectronics X-CUBE-NFC4 3.0.0
2023-04-06 14:06:15,093 [INFO] ThirdParty:1030 - CMSIS Pack Vendor :STMicroelectronics STM32_WPAN 1.0.0
2023-04-06 14:06:15,093 [INFO] ThirdParty:1030 - CMSIS Pack Vendor :STMicroelectronics lwIP 2.0.3
2023-04-06 14:06:15,093 [INFO] ThirdParty:1030 - CMSIS Pack Vendor :STMicroelectronics USB_HOST 1.0.0
2023-04-06 14:06:15,093 [INFO] ThirdParty:1030 - CMSIS Pack Vendor :STMicroelectronics PDM2PCM 3.1.0
2023-04-06 14:06:15,093 [INFO] ThirdParty:1030 - CMSIS Pack Vendor :STMicroelectronics X-CUBE-TOF1 3.3.0
2023-04-06 14:06:15,093 [INFO] ThirdParty:1030 - CMSIS Pack Vendor :STMicroelectronics FP-ATR-ASTRA1 1.1.1
2023-04-06 14:06:15,093 [INFO] ThirdParty:1030 - CMSIS Pack Vendor :STMicroelectronics PDM2PCM 3.3.0
2023-04-06 14:06:15,093 [INFO] ThirdParty:1030 - CMSIS Pack Vendor :STMicroelectronics X-CUBE-DISPLAY 3.0.0
2023-04-06 14:06:15,093 [INFO] ThirdParty:1030 - CMSIS Pack Vendor :STMicroelectronics X-CUBE-AZRTOS-G4 1.0.0
2023-04-06 14:06:15,093 [INFO] ThirdParty:1030 - CMSIS Pack Vendor :STMicroelectronics FP-ATR-SIGFOX1 3.2.0
2023-04-06 14:06:15,093 [INFO] ThirdParty:1030 - CMSIS Pack Vendor :STMicroelectronics X-CUBE-AZRTOS-L4 1.0.0
2023-04-06 14:06:15,093 [INFO] ThirdParty:1030 - CMSIS Pack Vendor :STMicroelectronics HAL Drivers 0.0.0
2023-04-06 14:06:15,093 [INFO] ThirdParty:1030 - CMSIS Pack Vendor :STMicroelectronics MBEDTLS 2.16.2
2023-04-06 14:06:15,093 [INFO] ThirdParty:1030 - CMSIS Pack Vendor :STMicroelectronics MBEDTLS 2.14.1
2023-04-06 14:06:15,093 [INFO] ThirdParty:1030 - CMSIS Pack Vendor :STMicroelectronics X-CUBE-NFC7 1.0.0
2023-04-06 14:06:15,093 [INFO] ThirdParty:1030 - CMSIS Pack Vendor :STMicroelectronics X-CUBE-AZRTOS-WL 1.0.0
2023-04-06 14:06:15,093 [INFO] ThirdParty:1030 - CMSIS Pack Vendor :STMicroelectronics X-CUBE-EEPRMA1 4.1.0
2023-04-06 14:06:15,093 [INFO] ThirdParty:1030 - CMSIS Pack Vendor :portGmbH I-Cube-SoM-uGOAL 1.1.0
2023-04-06 14:06:15,093 [INFO] ThirdParty:1030 - CMSIS Pack Vendor :STMicroelectronics X-CUBE-ALS 1.0.1
2023-04-06 14:06:15,093 [INFO] ThirdParty:1030 - CMSIS Pack Vendor :STMicroelectronics X-CUBE-MEMS1 9.5.0
2023-04-06 14:06:15,093 [INFO] ThirdParty:1030 - CMSIS Pack Vendor :STMicroelectronics ThreadX 1.0.0
2023-04-06 14:06:15,093 [INFO] ThirdParty:1030 - CMSIS Pack Vendor :STMicroelectronics X-CUBE-AZRTOS-WB 1.1.0
2023-04-06 14:06:15,093 [INFO] ThirdParty:1030 - CMSIS Pack Vendor :SEGGER I-CUBE-embOS 1.3.1
2023-04-06 14:06:15,093 [INFO] ThirdParty:1030 - CMSIS Pack Vendor :STMicroelectronics USB_DEVICE 1.0.0
2023-04-06 14:06:15,093 [INFO] ThirdParty:1030 - CMSIS Pack Vendor :STMicroelectronics ThreadX 0.0.2
2023-04-06 14:06:15,093 [INFO] ThirdParty:1030 - CMSIS Pack Vendor :WES I-CUBE-Cesium 1.3.0
2023-04-06 14:06:15,093 [INFO] ThirdParty:1030 - CMSIS Pack Vendor :STMicroelectronics lwIP 2.1.2
2023-04-06 14:06:15,093 [INFO] ThirdParty:1030 - CMSIS Pack Vendor :STMicroelectronics X-CUBE-SFXS2LP1 4.0.0
2023-04-06 14:06:15,093 [INFO] ThirdParty:1030 - CMSIS Pack Vendor :STMicroelectronics X-CUBE-BLE2 3.3.0
2023-04-06 14:06:15,093 [INFO] ThirdParty:1030 - CMSIS Pack Vendor :STMicroelectronics PDM2PCM 3.2.0
2023-04-06 14:06:15,093 [INFO] ThirdParty:1030 - CMSIS Pack Vendor :STMicroelectronics X-CUBE-AZRTOS-H7 3.0.0
2023-04-06 14:06:15,093 [INFO] ThirdParty:841 - exiting critical section [change project]
2023-04-06 14:06:15,150 [INFO] PinOutPanel:1499 - setPackage(No Configuration,No Configuration)
2023-04-06 14:06:15,150 [INFO] PinOutPanel:1499 - setPackage(STM32F405RGTx,LQFP64)
2023-04-06 14:06:15,251 [INFO] UtilMem:75 - Before build in PCC Used Memory: 349883184 Bytes (736100352)
2023-04-06 14:06:15,315 [INFO] UtilMem:75 - After build in PCC Used Memory: 393923376 Bytes (736100352)
2023-04-06 14:06:15,315 [INFO] IPUIPlugin:80 - create IPUIPlugin
2023-04-06 14:06:15,315 [INFO] IPUIPlugin:80 - create IPUIPlugin
2023-04-06 14:06:15,315 [INFO] IPUIPlugin:80 - create IPUIPlugin
2023-04-06 14:06:15,315 [INFO] IPUIPlugin:80 - create IPUIPlugin
2023-04-06 14:06:15,315 [INFO] IPUIPlugin:80 - create IPUIPlugin
2023-04-06 14:06:15,331 [INFO] IPUIPlugin:80 - create IPUIPlugin
2023-04-06 14:06:15,331 [INFO] IPUIPlugin:80 - create IPUIPlugin
2023-04-06 14:06:15,331 [INFO] IPUIPlugin:80 - create IPUIPlugin
2023-04-06 14:06:15,331 [INFO] IPUIPlugin:80 - create IPUIPlugin
2023-04-06 14:06:15,331 [INFO] IPUIPlugin:80 - create IPUIPlugin
2023-04-06 14:06:15,331 [INFO] IPUIPlugin:80 - create IPUIPlugin
2023-04-06 14:06:15,331 [INFO] IPUIPlugin:80 - create IPUIPlugin
2023-04-06 14:06:15,331 [INFO] IPUIPlugin:80 - create IPUIPlugin
2023-04-06 14:06:15,331 [INFO] IPUIPlugin:80 - create IPUIPlugin
2023-04-06 14:06:15,331 [INFO] IPUIPlugin:80 - create IPUIPlugin
2023-04-06 14:06:15,331 [INFO] IPUIPlugin:80 - create IPUIPlugin
2023-04-06 14:06:15,331 [INFO] IPUIPlugin:80 - create IPUIPlugin
2023-04-06 14:06:15,331 [INFO] IPUIPlugin:80 - create IPUIPlugin
2023-04-06 14:06:15,331 [INFO] IPUIPlugin:80 - create IPUIPlugin
2023-04-06 14:06:15,331 [INFO] IPUIPlugin:80 - create IPUIPlugin
2023-04-06 14:06:15,331 [INFO] IPUIPlugin:80 - create IPUIPlugin
2023-04-06 14:06:15,331 [INFO] IPUIPlugin:80 - create IPUIPlugin
2023-04-06 14:06:15,331 [INFO] IPUIPlugin:80 - create IPUIPlugin
2023-04-06 14:06:15,331 [INFO] IPUIPlugin:80 - create IPUIPlugin
2023-04-06 14:06:15,331 [INFO] IPUIPlugin:80 - create IPUIPlugin
2023-04-06 14:06:15,331 [INFO] IPUIPlugin:80 - create IPUIPlugin
2023-04-06 14:06:15,331 [INFO] IPUIPlugin:80 - create IPUIPlugin
2023-04-06 14:06:15,331 [INFO] IPUIPlugin:80 - create IPUIPlugin
2023-04-06 14:06:15,331 [INFO] IPUIPlugin:80 - create IPUIPlugin
2023-04-06 14:06:15,331 [INFO] IPUIPlugin:80 - create IPUIPlugin
2023-04-06 14:06:15,331 [INFO] IPUIPlugin:80 - create IPUIPlugin
2023-04-06 14:06:15,331 [INFO] IPUIPlugin:80 - create IPUIPlugin
2023-04-06 14:06:15,331 [INFO] IPUIPlugin:80 - create IPUIPlugin
2023-04-06 14:06:15,331 [INFO] IPUIPlugin:80 - create IPUIPlugin
2023-04-06 14:06:15,331 [INFO] IPUIPlugin:80 - create IPUIPlugin
2023-04-06 14:06:15,331 [INFO] IPUIPlugin:80 - create IPUIPlugin
2023-04-06 14:06:15,331 [INFO] IPUIPlugin:80 - create IPUIPlugin
2023-04-06 14:06:15,331 [INFO] IPUIPlugin:80 - create IPUIPlugin
2023-04-06 14:06:15,331 [INFO] IPUIPlugin:80 - create IPUIPlugin
2023-04-06 14:06:15,331 [INFO] IPUIPlugin:80 - create IPUIPlugin
2023-04-06 14:06:15,331 [INFO] IPUIPlugin:80 - create IPUIPlugin
2023-04-06 14:06:15,331 [INFO] IPUIPlugin:80 - create IPUIPlugin
2023-04-06 14:06:15,331 [INFO] IPUIPlugin:80 - create IPUIPlugin
2023-04-06 14:06:15,331 [INFO] IPUIPlugin:80 - create IPUIPlugin
2023-04-06 14:06:15,331 [INFO] IPUIPlugin:80 - create IPUIPlugin
2023-04-06 14:06:15,331 [INFO] IPUIPlugin:80 - create IPUIPlugin
2023-04-06 14:06:15,331 [INFO] IPUIPlugin:80 - create IPUIPlugin
2023-04-06 14:06:15,331 [INFO] IPUIPlugin:80 - create IPUIPlugin
2023-04-06 14:06:15,331 [INFO] IPUIPlugin:80 - create IPUIPlugin
2023-04-06 14:06:15,331 [INFO] IPUIPlugin:80 - create IPUIPlugin
2023-04-06 14:06:15,331 [INFO] IPUIPlugin:80 - create IPUIPlugin
2023-04-06 14:06:15,331 [INFO] IPUIPlugin:80 - create IPUIPlugin
2023-04-06 14:06:15,331 [INFO] IPUIPlugin:80 - create IPUIPlugin
2023-04-06 14:06:15,331 [INFO] IPUIPlugin:80 - create IPUIPlugin
2023-04-06 14:06:15,335 [INFO] ApiDbMcu:507 - Load IP Config File for PDM2PCM
2023-04-06 14:06:15,335 [INFO] Can:71 - Can Add PropertyChangeListener com.st.microxplorer.plugins.ip.can.Can@5df42a24
2023-04-06 14:06:15,351 [INFO] CADModel:165 - CPN selected for project levelSTM32F405RGT6
2023-04-06 14:06:15,351 [INFO] CADModel:114 - Register for checkConnection events
2023-04-06 14:06:15,397 [INFO] OpenFileManager:328 - Restore cursor
2023-04-06 14:06:28,454 [INFO] NvicIntPanel:101 - NVIC parent = com.st.microxplorer.plugins.ip.nvic.MultiNvicIntPanel[,0,0,0x0,invalid,layout=javax.swing.BoxLayout,alignmentX=0.0,alignmentY=0.0,border=,flags=9,maximumSize=,minimumSize=,preferredSize=]
2023-04-06 14:06:28,507 [INFO] NvicIntPanel:101 - NVIC parent = com.st.microxplorer.plugins.ip.nvic.MultiNvicIntPanel[,0,0,0x0,invalid,layout=javax.swing.BoxLayout,alignmentX=0.0,alignmentY=0.0,border=,flags=9,maximumSize=,minimumSize=,preferredSize=]
2023-04-06 14:06:31,315 [INFO] NvicIntPanel:101 - NVIC parent = com.st.microxplorer.plugins.ip.nvic.MultiNvicIntPanel[,0,0,0x0,invalid,layout=javax.swing.BoxLayout,alignmentX=0.0,alignmentY=0.0,border=,flags=9,maximumSize=,minimumSize=,preferredSize=]
2023-04-06 14:06:31,340 [INFO] NvicIntPanel:101 - NVIC parent = com.st.microxplorer.plugins.ip.nvic.MultiNvicIntPanel[,0,0,0x0,invalid,layout=javax.swing.BoxLayout,alignmentX=0.0,alignmentY=0.0,border=,flags=9,maximumSize=,minimumSize=,preferredSize=]
2023-04-06 14:06:32,786 [INFO] NvicIntPanel:101 - NVIC parent = com.st.microxplorer.plugins.ip.nvic.MultiNvicIntPanel[,0,0,0x0,invalid,layout=javax.swing.BoxLayout,alignmentX=0.0,alignmentY=0.0,border=,flags=9,maximumSize=,minimumSize=,preferredSize=]
2023-04-06 14:06:32,817 [INFO] NvicIntPanel:101 - NVIC parent = com.st.microxplorer.plugins.ip.nvic.MultiNvicIntPanel[,0,0,0x0,invalid,layout=javax.swing.BoxLayout,alignmentX=0.0,alignmentY=0.0,border=,flags=9,maximumSize=,minimumSize=,preferredSize=]
2023-04-06 14:06:40,578 [INFO] UtilMem:75 - End SaveConfig() Used Memory: 321403216 Bytes (736100352)
2023-04-06 14:06:42,097 [INFO] UtilMem:75 - End SaveConfig() Used Memory: 347330320 Bytes (736100352)
2023-04-06 14:06:42,319 [INFO] UtilMem:75 - End SaveConfig() Used Memory: 348711160 Bytes (736100352)
2023-04-06 14:06:42,404 [INFO] BlockDiagram:2759 - set Specific Code input for plugin: CAN
2023-04-06 14:06:42,404 [INFO] BlockDiagram:2759 - set Specific Code input for plugin: RCC
2023-04-06 14:06:42,404 [INFO] BlockDiagram:2759 - set Specific Code input for plugin: NVIC
2023-04-06 14:06:42,404 [INFO] BlockDiagram:2759 - set Specific Code input for plugin: GPIO
2023-04-06 14:06:42,404 [INFO] CodeGenerator:793 - code generatio: config db path: C:\ST\STM32CubeIDE_1.12.0\STM32CubeIDE\plugins\com.st.stm32cube.common.mx_6.8.0.202302231600\\db\
2023-04-06 14:06:42,520 [INFO] CodeEngine:255 - oldGeneratedFile, C:\Users\ktp21\STM32CubeIDE\workspace_1.12.0\CANtest\MXTmpFiles\license.tmp_save
2023-04-06 14:06:42,551 [INFO] CodeEngine:279 - Generated code: C:\Users\ktp21\STM32CubeIDE\workspace_1.12.0\CANtest\MXTmpFiles\license.tmp
2023-04-06 14:06:42,582 [INFO] CodeEngine:255 - oldGeneratedFile, C:\Users\ktp21\STM32CubeIDE\workspace_1.12.0\CANtest\MXTmpFiles\gpio.tmp_save
2023-04-06 14:06:42,621 [INFO] CodeEngine:279 - Generated code: C:\Users\ktp21\STM32CubeIDE\workspace_1.12.0\CANtest\MXTmpFiles\gpio.tmp
2023-04-06 14:06:42,653 [INFO] CodeEngine:255 - oldGeneratedFile, C:\Users\ktp21\STM32CubeIDE\workspace_1.12.0\CANtest\Core\Src\stm32f4xx_it.c_save
2023-04-06 14:06:42,720 [INFO] CodeEngine:279 - Generated code: C:\Users\ktp21\STM32CubeIDE\workspace_1.12.0\CANtest\Core\Src\stm32f4xx_it.c
2023-04-06 14:06:42,735 [INFO] CodeEngine:255 - oldGeneratedFile, C:\Users\ktp21\STM32CubeIDE\workspace_1.12.0\CANtest\Core\Inc\stm32f4xx_it.h_save
2023-04-06 14:06:42,767 [INFO] CodeEngine:279 - Generated code: C:\Users\ktp21\STM32CubeIDE\workspace_1.12.0\CANtest\Core\Inc\stm32f4xx_it.h
2023-04-06 14:06:42,782 [INFO] CodeEngine:255 - oldGeneratedFile, C:\Users\ktp21\STM32CubeIDE\workspace_1.12.0\CANtest\Core\Src\stm32f4xx_hal_msp.c_save
2023-04-06 14:06:42,836 [INFO] CodeEngine:279 - Generated code: C:\Users\ktp21\STM32CubeIDE\workspace_1.12.0\CANtest\Core\Src\stm32f4xx_hal_msp.c
2023-04-06 14:06:42,836 [INFO] CodeEngine:255 - oldGeneratedFile, C:\Users\ktp21\STM32CubeIDE\workspace_1.12.0\CANtest\MXTmpFiles\system.tmp_save
2023-04-06 14:06:42,905 [INFO] CodeEngine:279 - Generated code: C:\Users\ktp21\STM32CubeIDE\workspace_1.12.0\CANtest\MXTmpFiles\system.tmp
2023-04-06 14:06:42,905 [INFO] CodeEngine:311 - oldGeneratedFile, C:\Users\ktp21\STM32CubeIDE\workspace_1.12.0\CANtest\Core\Inc\stm32f4xx_hal_conf.h_save
2023-04-06 14:06:42,952 [INFO] CodeEngine:335 - Generated code: C:\Users\ktp21\STM32CubeIDE\workspace_1.12.0\CANtest\Core\Inc\stm32f4xx_hal_conf.h
2023-04-06 14:06:42,983 [INFO] CodeEngine:255 - oldGeneratedFile, C:\Users\ktp21\STM32CubeIDE\workspace_1.12.0\CANtest\Core\Inc\main.h_save
2023-04-06 14:06:43,021 [INFO] CodeEngine:279 - Generated code: C:\Users\ktp21\STM32CubeIDE\workspace_1.12.0\CANtest\Core\Inc\main.h
2023-04-06 14:06:43,036 [INFO] CodeEngine:255 - oldGeneratedFile, C:\Users\ktp21\STM32CubeIDE\workspace_1.12.0\CANtest\Core\Src\main.c_save
2023-04-06 14:06:43,100 [INFO] CodeEngine:279 - Generated code: C:\Users\ktp21\STM32CubeIDE\workspace_1.12.0\CANtest\Core\Src\main.c
2023-04-06 14:06:43,600 [INFO] ProjectBuilder:2996 - Time for Copy HAL[1] : 294mS.
2023-04-06 14:06:43,606 [INFO] ProjectBuilder:4304 - Project Generator version: 3.19.2
2023-04-06 14:06:43,700 [INFO] ConfigFileManager:1483 - The Die is : DIE413
2023-04-06 14:06:43,706 [INFO] ApiDbMcu:507 - Load IP Config File for FATFS
2023-04-06 14:06:43,706 [INFO] ApiDbMcu:507 - Load IP Config File for FREERTOS
2023-04-06 14:06:43,753 [INFO] ApiDbMcu:507 - Load IP Config File for LIBJPEG
2023-04-06 14:06:43,768 [INFO] ApiDbMcu:507 - Load IP Config File for MBEDTLS
2023-04-06 14:06:43,768 [INFO] ApiDbMcu:507 - Load IP Config File for USB_DEVICE
2023-04-06 14:06:43,784 [INFO] ApiDbMcu:507 - Load IP Config File for USB_HOST
2023-04-06 14:06:44,323 [INFO] ProjectBuilder:4505 - Time for Generating toolchain IDE Files: 717mS.
2023-04-06 14:06:44,323 [INFO] ProjectBuilder:2867 - Time for Copy CMSIS : 0mS.
2023-04-06 14:06:44,323 [INFO] ProjectBuilder:2867 - Time for Copy CMSIS : 0mS.
