2023-04-17 16:45:02,199 [WARN] ServerAccessManage:1168 - Warning during Server Connection :  timeout Read timed out
2023-04-17 16:45:02,388 [INFO] MainUpdater:2854 - connection check result : 10
2023-04-17 16:45:02,388 [INFO] MainUpdater:2854 - connection check result : 10
2023-04-17 16:45:02,436 [INFO] MicroXplorer:468 - Change Database Path : 
2023-04-17 16:45:02,436 [INFO] MicroXplorer:498 - Change Database Version : DB.6.0.80
2023-04-17 16:45:02,452 [WARN] ThirdParty:871 - waiting for thirdparty lock release [close project]
2023-04-17 16:45:02,452 [INFO] ThirdParty:873 - entering critical section [close project]
2023-04-17 16:45:02,452 [INFO] ThirdParty:883 - exiting critical section [close project]
2023-04-17 16:45:02,452 [INFO] PinOutPanel:1499 - setPackage(No Configuration,No Configuration)
2023-04-17 16:45:02,462 [WARN] IpParametersView:150 - Warning: This peripheral hasn't parameters
2023-04-17 16:45:02,462 [WARN] MainPanel:257 - <html><b><center>Warning: This peripheral has no parameters to be configured<br></b></html>
2023-04-17 16:45:02,462 [INFO] UtilMem:75 - Begin LoadConfig() Used Memory: 346249800 Bytes (738197504)
2023-04-17 16:45:02,462 [INFO] MicroXplorer:468 - Change Database Path : 
2023-04-17 16:45:02,462 [INFO] MicroXplorer:498 - Change Database Version : DB.6.0.80
2023-04-17 16:45:02,462 [INFO] OpenFileManager:308 - Change cursor
2023-04-17 16:45:02,478 [INFO] RulesReader:64 - Compatibility file has been processed (293 Rules)
2023-04-17 16:45:02,478 [INFO] Mcu:1937 - Initializing MCU STM32F405RGTx STM32F405RGTx STM32F405RGT6
2023-04-17 16:45:02,953 [INFO] Context:659 - Trying to add GPIOservice into a context  which must be forbidden
2023-04-17 16:45:03,153 [INFO] RtosManager:555 - Registered RTOS mode: class=CMSIS, group=RTOS, mode=CMSIS_V1, owner=FREERTOS
2023-04-17 16:45:03,153 [INFO] RtosManager:555 - Registered RTOS mode: class=CMSIS, group=RTOS2, mode=CMSIS_V2, owner=FREERTOS
2023-04-17 16:45:03,153 [INFO] RtosManager:555 - Registered RTOS mode: class=RTOS, group=Core, mode=CMSIS_V1, owner=FREERTOS
2023-04-17 16:45:03,153 [INFO] RtosManager:555 - Registered RTOS mode: class=RTOS, group=Core, mode=CMSIS_V2, owner=FREERTOS
2023-04-17 16:45:03,153 [WARN] ModelIntegratedComponent:184 - Missing modes for component STMicroelectronics:FreeRTOS:0.0.1:STMicroelectronics:RTOS:FreeRTOS:Core:::10.2.0:
2023-04-17 16:45:03,169 [WARN] ModelIntegratedComponent:63 - No mode defined for component null
2023-04-17 16:45:03,169 [WARN] ModelIntegratedComponent:63 - No mode defined for component null
2023-04-17 16:45:03,169 [WARN] ModelIntegratedComponent:63 - No mode defined for component null
2023-04-17 16:45:03,169 [WARN] ModelIntegratedComponent:63 - No mode defined for component null
2023-04-17 16:45:03,169 [WARN] ModelIntegratedComponent:63 - No mode defined for component null
2023-04-17 16:45:03,169 [WARN] ModelIntegratedComponent:63 - No mode defined for component null
2023-04-17 16:45:03,169 [WARN] ModelIntegratedComponent:63 - No mode defined for component null
2023-04-17 16:45:03,169 [WARN] ModelIntegratedComponent:63 - No mode defined for component null
2023-04-17 16:45:03,169 [WARN] ModelIntegratedComponent:63 - No mode defined for component null
2023-04-17 16:45:03,169 [WARN] ModelIntegratedComponent:63 - No mode defined for component null
2023-04-17 16:45:03,169 [WARN] ModelIntegratedComponent:63 - No mode defined for component null
2023-04-17 16:45:03,169 [WARN] ModelIntegratedComponent:63 - No mode defined for component null
2023-04-17 16:45:03,169 [WARN] ModelIntegratedComponent:63 - No mode defined for component null
2023-04-17 16:45:03,169 [WARN] ModelIntegratedComponent:63 - No mode defined for component null
2023-04-17 16:45:03,169 [WARN] ModelIntegratedComponent:63 - No mode defined for component null
2023-04-17 16:45:03,169 [WARN] ModelIntegratedComponent:63 - No mode defined for component null
2023-04-17 16:45:03,169 [WARN] ModelIntegratedComponent:63 - No mode defined for component null
2023-04-17 16:45:03,169 [WARN] ModelIntegratedComponent:63 - No mode defined for component null
2023-04-17 16:45:03,169 [WARN] ModelIntegratedComponent:63 - No mode defined for component null
2023-04-17 16:45:03,169 [WARN] ModelIntegratedComponent:63 - No mode defined for component null
2023-04-17 16:45:03,169 [WARN] ModelIntegratedComponent:63 - No mode defined for component null
2023-04-17 16:45:03,169 [WARN] ModelIntegratedComponent:63 - No mode defined for component null
2023-04-17 16:45:03,169 [WARN] ModelIntegratedComponent:63 - No mode defined for component null
2023-04-17 16:45:03,169 [WARN] ModelIntegratedComponent:63 - No mode defined for component null
2023-04-17 16:45:03,169 [WARN] ModelIntegratedComponent:63 - No mode defined for component null
2023-04-17 16:45:03,169 [WARN] ModelIntegratedComponent:63 - No mode defined for component null
2023-04-17 16:45:03,169 [WARN] ModelIntegratedComponent:63 - No mode defined for component null
2023-04-17 16:45:03,169 [WARN] ModelIntegratedComponent:63 - No mode defined for component null
2023-04-17 16:45:03,169 [WARN] ModelIntegratedComponent:63 - No mode defined for component null
2023-04-17 16:45:03,169 [WARN] ModelIntegratedComponent:63 - No mode defined for component null
2023-04-17 16:45:03,169 [WARN] ModelIntegratedComponent:63 - No mode defined for component null
2023-04-17 16:45:03,169 [WARN] ModelIntegratedComponent:63 - No mode defined for component null
2023-04-17 16:45:03,169 [WARN] ModelIntegratedComponent:63 - No mode defined for component null
2023-04-17 16:45:03,200 [INFO] ThirdPartyModel:298 - Start build external matchings
2023-04-17 16:45:03,285 [INFO] ThirdPartyModel:316 - End build external matchings
2023-04-17 16:45:03,285 [INFO] ImportTextPane:194 - (OptionalMessage_ERROR) IP (RCC) : Parameter (RTCHSEDivFreq_Value) has invalid value (8000000)
2023-04-17 16:45:03,285 [WARN] IP:2113 - DEVICE_SERIAL0_CDC_FS not found: check if there is a RefParameter without a condition.
2023-04-17 16:45:03,285 [WARN] IP:2113 - DEVICE_SERIAL1_CDC_FS not found: check if there is a RefParameter without a condition.
2023-04-17 16:45:03,285 [WARN] IP:2113 - DEVICE_SERIAL2_CDC_FS not found: check if there is a RefParameter without a condition.
2023-04-17 16:45:03,401 [INFO] UtilMem:75 - End LoadConfig() Used Memory: 621859096 Bytes (738197504)
2023-04-17 16:45:03,423 [WARN] ThirdParty:833 - waiting for thirdparty lock release [change project]
2023-04-17 16:45:03,423 [INFO] ThirdParty:835 - entering critical section [change project]
2023-04-17 16:45:03,423 [INFO] ThirdParty:1030 - CMSIS Pack Vendor :STMicroelectronics X-CUBE-ISPU 1.1.0
2023-04-17 16:45:03,423 [INFO] ThirdParty:1030 - CMSIS Pack Vendor :RoweBots I-CUBE-UNISONRTOS 5.5.0-4
2023-04-17 16:45:03,423 [INFO] ThirdParty:1030 - CMSIS Pack Vendor :STMicroelectronics X-CUBE-GNSS1 6.0.0
2023-04-17 16:45:03,423 [INFO] ThirdParty:1030 - CMSIS Pack Vendor :STMicroelectronics USB_HOST 2.0.0
2023-04-17 16:45:03,423 [INFO] ThirdParty:1030 - CMSIS Pack Vendor :STMicroelectronics X-CUBE-AZRTOS-F4 1.1.0
2023-04-17 16:45:03,423 [INFO] ThirdParty:1030 - CMSIS Pack Vendor :STMicroelectronics LIBJPEG 8.0.0
2023-04-17 16:45:03,423 [INFO] ThirdParty:1030 - CMSIS Pack Vendor :STMicroelectronics X-CUBE-SMBUS 2.1.0
2023-04-17 16:45:03,423 [INFO] ThirdParty:1030 - CMSIS Pack Vendor :wolfSSL I-CUBE-wolfSSL 5.6.0
2023-04-17 16:45:03,423 [INFO] ThirdParty:1030 - CMSIS Pack Vendor :STMicroelectronics USB_DEVICE 3.0.0
2023-04-17 16:45:03,423 [INFO] ThirdParty:1030 - CMSIS Pack Vendor :STMicroelectronics X-CUBE-AI 8.0.0
2023-04-17 16:45:03,423 [INFO] ThirdParty:1030 - CMSIS Pack Vendor :STMicroelectronics X-CUBE-FREERTOS 1.0.0
2023-04-17 16:45:03,423 [INFO] ThirdParty:1030 - CMSIS Pack Vendor :STMicroelectronics X-CUBE-FREERTOS 1.0.1
2023-04-17 16:45:03,423 [INFO] ThirdParty:1030 - CMSIS Pack Vendor :STMicroelectronics X-CUBE-TOUCHGFX 4.21.3
2023-04-17 16:45:03,423 [INFO] ThirdParty:1030 - CMSIS Pack Vendor :STMicroelectronics X-CUBE-AZRTOS-F7 1.1.0
2023-04-17 16:45:03,423 [INFO] ThirdParty:1030 - CMSIS Pack Vendor :STMicroelectronics USB_DEVICE 2.0.0
2023-04-17 16:45:03,423 [INFO] ThirdParty:1030 - CMSIS Pack Vendor :STMicroelectronics X-CUBE-ALGOBUILD 1.3.0
2023-04-17 16:45:03,423 [INFO] ThirdParty:1030 - CMSIS Pack Vendor :STMicroelectronics X-CUBE-BLE1 6.2.4
2023-04-17 16:45:03,423 [INFO] ThirdParty:1030 - CMSIS Pack Vendor :STMicroelectronics X-CUBE-AZRTOS-L5 1.1.0
2023-04-17 16:45:03,423 [INFO] ThirdParty:1030 - CMSIS Pack Vendor :STMicroelectronics FreeRTOS 0.0.1
2023-04-17 16:45:03,423 [INFO] ThirdParty:1030 - CMSIS Pack Vendor :emotas I-CUBE-CANOPEN 1.1.3
2023-04-17 16:45:03,423 [INFO] ThirdParty:1030 - CMSIS Pack Vendor :STMicroelectronics X-CUBE-AZRTOS-G0 1.1.0
2023-04-17 16:45:03,423 [INFO] ThirdParty:1030 - CMSIS Pack Vendor :STMicroelectronics X-CUBE-BLEMGR 2.0.0
2023-04-17 16:45:03,423 [INFO] ThirdParty:1030 - CMSIS Pack Vendor :STMicroelectronics X-CUBE-SUBG2 5.0.0
2023-04-17 16:45:03,423 [INFO] ThirdParty:1030 - CMSIS Pack Vendor :STMicroelectronics X-CUBE-NFC4 3.0.0
2023-04-17 16:45:03,423 [INFO] ThirdParty:1030 - CMSIS Pack Vendor :STMicroelectronics STM32_WPAN 1.0.0
2023-04-17 16:45:03,423 [INFO] ThirdParty:1030 - CMSIS Pack Vendor :STMicroelectronics lwIP 2.0.3
2023-04-17 16:45:03,423 [INFO] ThirdParty:1030 - CMSIS Pack Vendor :STMicroelectronics USB_HOST 1.0.0
2023-04-17 16:45:03,423 [INFO] ThirdParty:1030 - CMSIS Pack Vendor :STMicroelectronics PDM2PCM 3.1.0
2023-04-17 16:45:03,423 [INFO] ThirdParty:1030 - CMSIS Pack Vendor :STMicroelectronics X-CUBE-AZRTOS-H7 3.1.0
2023-04-17 16:45:03,423 [INFO] ThirdParty:1030 - CMSIS Pack Vendor :STMicroelectronics X-CUBE-TOF1 3.3.0
2023-04-17 16:45:03,423 [INFO] ThirdParty:1030 - CMSIS Pack Vendor :STMicroelectronics FP-ATR-ASTRA1 1.1.1
2023-04-17 16:45:03,423 [INFO] ThirdParty:1030 - CMSIS Pack Vendor :STMicroelectronics PDM2PCM 3.3.0
2023-04-17 16:45:03,423 [INFO] ThirdParty:1030 - CMSIS Pack Vendor :STMicroelectronics X-CUBE-DISPLAY 3.0.0
2023-04-17 16:45:03,423 [INFO] ThirdParty:1030 - CMSIS Pack Vendor :STMicroelectronics X-CUBE-AZRTOS-G4 1.0.0
2023-04-17 16:45:03,423 [INFO] ThirdParty:1030 - CMSIS Pack Vendor :STMicroelectronics FP-ATR-SIGFOX1 3.2.0
2023-04-17 16:45:03,423 [INFO] ThirdParty:1030 - CMSIS Pack Vendor :STMicroelectronics X-CUBE-AZRTOS-L4 1.0.0
2023-04-17 16:45:03,423 [INFO] ThirdParty:1030 - CMSIS Pack Vendor :STMicroelectronics HAL Drivers 0.0.0
2023-04-17 16:45:03,423 [INFO] ThirdParty:1030 - CMSIS Pack Vendor :STMicroelectronics MBEDTLS 2.16.2
2023-04-17 16:45:03,423 [INFO] ThirdParty:1030 - CMSIS Pack Vendor :STMicroelectronics MBEDTLS 2.14.1
2023-04-17 16:45:03,423 [INFO] ThirdParty:1030 - CMSIS Pack Vendor :STMicroelectronics X-CUBE-NFC7 1.0.0
2023-04-17 16:45:03,423 [INFO] ThirdParty:1030 - CMSIS Pack Vendor :STMicroelectronics X-CUBE-AZRTOS-WL 1.0.0
2023-04-17 16:45:03,423 [INFO] ThirdParty:1030 - CMSIS Pack Vendor :STMicroelectronics X-CUBE-EEPRMA1 4.1.0
2023-04-17 16:45:03,423 [INFO] ThirdParty:1030 - CMSIS Pack Vendor :portGmbH I-Cube-SoM-uGOAL 1.1.0
2023-04-17 16:45:03,423 [INFO] ThirdParty:1030 - CMSIS Pack Vendor :STMicroelectronics X-CUBE-ALS 1.0.1
2023-04-17 16:45:03,423 [INFO] ThirdParty:1030 - CMSIS Pack Vendor :STMicroelectronics X-CUBE-MEMS1 9.5.0
2023-04-17 16:45:03,423 [INFO] ThirdParty:1030 - CMSIS Pack Vendor :STMicroelectronics ThreadX 1.0.0
2023-04-17 16:45:03,423 [INFO] ThirdParty:1030 - CMSIS Pack Vendor :STMicroelectronics X-CUBE-AZRTOS-WB 1.1.0
2023-04-17 16:45:03,423 [INFO] ThirdParty:1030 - CMSIS Pack Vendor :SEGGER I-CUBE-embOS 1.3.1
2023-04-17 16:45:03,423 [INFO] ThirdParty:1030 - CMSIS Pack Vendor :STMicroelectronics USB_DEVICE 1.0.0
2023-04-17 16:45:03,423 [INFO] ThirdParty:1030 - CMSIS Pack Vendor :STMicroelectronics ThreadX 0.0.2
2023-04-17 16:45:03,423 [INFO] ThirdParty:1030 - CMSIS Pack Vendor :WES I-CUBE-Cesium 1.3.0
2023-04-17 16:45:03,423 [INFO] ThirdParty:1030 - CMSIS Pack Vendor :STMicroelectronics FP-ATR-ASTRA1 2.0.0
2023-04-17 16:45:03,423 [INFO] ThirdParty:1030 - CMSIS Pack Vendor :STMicroelectronics lwIP 2.1.2
2023-04-17 16:45:03,423 [INFO] ThirdParty:1030 - CMSIS Pack Vendor :STMicroelectronics X-CUBE-SFXS2LP1 4.0.0
2023-04-17 16:45:03,423 [INFO] ThirdParty:1030 - CMSIS Pack Vendor :STMicroelectronics X-CUBE-BLE2 3.3.0
2023-04-17 16:45:03,423 [INFO] ThirdParty:1030 - CMSIS Pack Vendor :STMicroelectronics PDM2PCM 3.2.0
2023-04-17 16:45:03,423 [INFO] ThirdParty:1030 - CMSIS Pack Vendor :STMicroelectronics X-CUBE-AZRTOS-H7 3.0.0
2023-04-17 16:45:03,423 [INFO] ThirdParty:841 - exiting critical section [change project]
2023-04-17 16:45:03,501 [INFO] PinOutPanel:1499 - setPackage(No Configuration,No Configuration)
2023-04-17 16:45:03,501 [INFO] PinOutPanel:1499 - setPackage(STM32F405RGTx,LQFP64)
2023-04-17 16:45:03,582 [INFO] UtilMem:75 - Before build in PCC Used Memory: 351173192 Bytes (738197504)
2023-04-17 16:45:03,723 [INFO] UtilMem:75 - After build in PCC Used Memory: 396261960 Bytes (738197504)
2023-04-17 16:45:03,738 [INFO] ApiDbMcu:507 - Load IP Config File for USB_DEVICE
2023-04-17 16:45:03,738 [INFO] IPUIPlugin:80 - create IPUIPlugin
2023-04-17 16:45:03,738 [INFO] IPUIPlugin:80 - create IPUIPlugin
2023-04-17 16:45:03,738 [INFO] IPUIPlugin:80 - create IPUIPlugin
2023-04-17 16:45:03,738 [INFO] IPUIPlugin:80 - create IPUIPlugin
2023-04-17 16:45:03,738 [INFO] IPUIPlugin:80 - create IPUIPlugin
2023-04-17 16:45:03,738 [INFO] IPUIPlugin:80 - create IPUIPlugin
2023-04-17 16:45:03,738 [INFO] IPUIPlugin:80 - create IPUIPlugin
2023-04-17 16:45:03,738 [INFO] IPUIPlugin:80 - create IPUIPlugin
2023-04-17 16:45:03,738 [INFO] IPUIPlugin:80 - create IPUIPlugin
2023-04-17 16:45:03,738 [INFO] IPUIPlugin:80 - create IPUIPlugin
2023-04-17 16:45:03,738 [INFO] IPUIPlugin:80 - create IPUIPlugin
2023-04-17 16:45:03,738 [INFO] IPUIPlugin:80 - create IPUIPlugin
2023-04-17 16:45:03,738 [INFO] IPUIPlugin:80 - create IPUIPlugin
2023-04-17 16:45:03,738 [INFO] IPUIPlugin:80 - create IPUIPlugin
2023-04-17 16:45:03,738 [INFO] IPUIPlugin:80 - create IPUIPlugin
2023-04-17 16:45:03,738 [INFO] IPUIPlugin:80 - create IPUIPlugin
2023-04-17 16:45:03,738 [INFO] IPUIPlugin:80 - create IPUIPlugin
2023-04-17 16:45:03,738 [INFO] IPUIPlugin:80 - create IPUIPlugin
2023-04-17 16:45:03,738 [INFO] IPUIPlugin:80 - create IPUIPlugin
2023-04-17 16:45:03,738 [INFO] IPUIPlugin:80 - create IPUIPlugin
2023-04-17 16:45:03,738 [INFO] IPUIPlugin:80 - create IPUIPlugin
2023-04-17 16:45:03,738 [INFO] IPUIPlugin:80 - create IPUIPlugin
2023-04-17 16:45:03,738 [INFO] IPUIPlugin:80 - create IPUIPlugin
2023-04-17 16:45:03,738 [INFO] IPUIPlugin:80 - create IPUIPlugin
2023-04-17 16:45:03,738 [INFO] IPUIPlugin:80 - create IPUIPlugin
2023-04-17 16:45:03,738 [INFO] IPUIPlugin:80 - create IPUIPlugin
2023-04-17 16:45:03,738 [INFO] IPUIPlugin:80 - create IPUIPlugin
2023-04-17 16:45:03,738 [INFO] IPUIPlugin:80 - create IPUIPlugin
2023-04-17 16:45:03,738 [INFO] IPUIPlugin:80 - create IPUIPlugin
2023-04-17 16:45:03,738 [INFO] IPUIPlugin:80 - create IPUIPlugin
2023-04-17 16:45:03,738 [INFO] IPUIPlugin:80 - create IPUIPlugin
2023-04-17 16:45:03,738 [INFO] IPUIPlugin:80 - create IPUIPlugin
2023-04-17 16:45:03,738 [INFO] IPUIPlugin:80 - create IPUIPlugin
2023-04-17 16:45:03,738 [INFO] IPUIPlugin:80 - create IPUIPlugin
2023-04-17 16:45:03,754 [INFO] IPUIPlugin:80 - create IPUIPlugin
2023-04-17 16:45:03,754 [INFO] IPUIPlugin:80 - create IPUIPlugin
2023-04-17 16:45:03,754 [INFO] IPUIPlugin:80 - create IPUIPlugin
2023-04-17 16:45:03,754 [INFO] IPUIPlugin:80 - create IPUIPlugin
2023-04-17 16:45:03,754 [INFO] IPUIPlugin:80 - create IPUIPlugin
2023-04-17 16:45:03,754 [INFO] IPUIPlugin:80 - create IPUIPlugin
2023-04-17 16:45:03,754 [INFO] IPUIPlugin:80 - create IPUIPlugin
2023-04-17 16:45:03,754 [INFO] IPUIPlugin:80 - create IPUIPlugin
2023-04-17 16:45:03,754 [INFO] IPUIPlugin:80 - create IPUIPlugin
2023-04-17 16:45:03,754 [INFO] IPUIPlugin:80 - create IPUIPlugin
2023-04-17 16:45:03,754 [INFO] IPUIPlugin:80 - create IPUIPlugin
2023-04-17 16:45:03,754 [INFO] IPUIPlugin:80 - create IPUIPlugin
2023-04-17 16:45:03,754 [INFO] IPUIPlugin:80 - create IPUIPlugin
2023-04-17 16:45:03,754 [INFO] IPUIPlugin:80 - create IPUIPlugin
2023-04-17 16:45:03,754 [INFO] IPUIPlugin:80 - create IPUIPlugin
2023-04-17 16:45:03,754 [INFO] IPUIPlugin:80 - create IPUIPlugin
2023-04-17 16:45:03,754 [INFO] IPUIPlugin:80 - create IPUIPlugin
2023-04-17 16:45:03,754 [INFO] IPUIPlugin:80 - create IPUIPlugin
2023-04-17 16:45:03,754 [INFO] IPUIPlugin:80 - create IPUIPlugin
2023-04-17 16:45:03,754 [INFO] IPUIPlugin:80 - create IPUIPlugin
2023-04-17 16:45:03,754 [INFO] ApiDbMcu:507 - Load IP Config File for PDM2PCM
2023-04-17 16:45:03,754 [INFO] Can:71 - Can Add PropertyChangeListener com.st.microxplorer.plugins.ip.can.Can@2832cc33
2023-04-17 16:45:03,770 [INFO] CADModel:165 - CPN selected for project levelSTM32F405RGT6
2023-04-17 16:45:03,770 [INFO] CADModel:114 - Register for checkConnection events
2023-04-17 16:45:03,823 [INFO] OpenFileManager:328 - Restore cursor
2023-04-17 16:45:03,870 [WARN] IP:2113 - DEVICE_SERIAL0_CDC_FS not found: check if there is a RefParameter without a condition.
2023-04-17 16:45:03,870 [WARN] IP:2113 - DEVICE_SERIAL1_CDC_FS not found: check if there is a RefParameter without a condition.
2023-04-17 16:45:03,870 [WARN] IP:2113 - DEVICE_SERIAL2_CDC_FS not found: check if there is a RefParameter without a condition.
2023-04-17 16:45:03,886 [WARN] IP:2113 - DEVICE_SERIAL0_CDC_FS not found: check if there is a RefParameter without a condition.
2023-04-17 16:45:03,886 [WARN] IP:2113 - DEVICE_SERIAL1_CDC_FS not found: check if there is a RefParameter without a condition.
2023-04-17 16:45:03,886 [WARN] IP:2113 - DEVICE_SERIAL2_CDC_FS not found: check if there is a RefParameter without a condition.
2023-04-17 16:45:35,145 [INFO] UtilMem:75 - End SaveConfig() Used Memory: 375238000 Bytes (738197504)
2023-04-17 16:45:36,501 [INFO] UtilMem:75 - End SaveConfig() Used Memory: 435533168 Bytes (738197504)
2023-04-17 16:45:38,663 [INFO] UtilMem:75 - End SaveConfig() Used Memory: 480983992 Bytes (738197504)
2023-04-17 16:45:38,739 [INFO] BlockDiagram:2759 - set Specific Code input for plugin: CAN
2023-04-17 16:45:38,739 [INFO] BlockDiagram:2759 - set Specific Code input for plugin: RCC
2023-04-17 16:45:38,739 [INFO] BlockDiagram:2759 - set Specific Code input for plugin: NVIC
2023-04-17 16:45:38,739 [INFO] BlockDiagram:2759 - set Specific Code input for plugin: GPIO
2023-04-17 16:45:38,739 [INFO] CodeGenerator:793 - code generatio: config db path: C:\ST\STM32CubeIDE_1.12.0\STM32CubeIDE\plugins\com.st.stm32cube.common.mx_6.8.0.202302231600\\db\
2023-04-17 16:45:38,820 [INFO] CodeEngine:255 - oldGeneratedFile, C:\Users\ktp21\STM32CubeIDE\workspace_1.12.0\CANtest2\MXTmpFiles\license.tmp_save
2023-04-17 16:45:38,867 [INFO] CodeEngine:279 - Generated code: C:\Users\ktp21\STM32CubeIDE\workspace_1.12.0\CANtest2\MXTmpFiles\license.tmp
2023-04-17 16:45:38,920 [INFO] CodeEngine:255 - oldGeneratedFile, C:\Users\ktp21\STM32CubeIDE\workspace_1.12.0\CANtest2\MXTmpFiles\gpio.tmp_save
2023-04-17 16:45:38,967 [INFO] CodeEngine:279 - Generated code: C:\Users\ktp21\STM32CubeIDE\workspace_1.12.0\CANtest2\MXTmpFiles\gpio.tmp
2023-04-17 16:45:38,989 [INFO] CodeEngine:255 - oldGeneratedFile, C:\Users\ktp21\STM32CubeIDE\workspace_1.12.0\CANtest2\Core\Src\stm32f4xx_it.c_save
2023-04-17 16:45:39,067 [INFO] CodeEngine:279 - Generated code: C:\Users\ktp21\STM32CubeIDE\workspace_1.12.0\CANtest2\Core\Src\stm32f4xx_it.c
2023-04-17 16:45:39,067 [INFO] CodeEngine:255 - oldGeneratedFile, C:\Users\ktp21\STM32CubeIDE\workspace_1.12.0\CANtest2\Core\Inc\stm32f4xx_it.h_save
2023-04-17 16:45:39,105 [INFO] CodeEngine:279 - Generated code: C:\Users\ktp21\STM32CubeIDE\workspace_1.12.0\CANtest2\Core\Inc\stm32f4xx_it.h
2023-04-17 16:45:39,120 [INFO] CodeEngine:255 - oldGeneratedFile, C:\Users\ktp21\STM32CubeIDE\workspace_1.12.0\CANtest2\Core\Src\stm32f4xx_hal_msp.c_save
2023-04-17 16:45:39,183 [INFO] CodeEngine:279 - Generated code: C:\Users\ktp21\STM32CubeIDE\workspace_1.12.0\CANtest2\Core\Src\stm32f4xx_hal_msp.c
2023-04-17 16:45:39,189 [INFO] CodeEngine:255 - oldGeneratedFile, C:\Users\ktp21\STM32CubeIDE\workspace_1.12.0\CANtest2\MXTmpFiles\system.tmp_save
2023-04-17 16:45:39,221 [INFO] CodeEngine:279 - Generated code: C:\Users\ktp21\STM32CubeIDE\workspace_1.12.0\CANtest2\MXTmpFiles\system.tmp
2023-04-17 16:45:39,236 [INFO] CodeEngine:311 - oldGeneratedFile, C:\Users\ktp21\STM32CubeIDE\workspace_1.12.0\CANtest2\Core\Inc\stm32f4xx_hal_conf.h_save
2023-04-17 16:45:39,267 [INFO] CodeEngine:335 - Generated code: C:\Users\ktp21\STM32CubeIDE\workspace_1.12.0\CANtest2\Core\Inc\stm32f4xx_hal_conf.h
2023-04-17 16:45:39,289 [INFO] CodeEngine:255 - oldGeneratedFile, C:\Users\ktp21\STM32CubeIDE\workspace_1.12.0\CANtest2\Core\Inc\main.h_save
2023-04-17 16:45:39,352 [INFO] CodeEngine:279 - Generated code: C:\Users\ktp21\STM32CubeIDE\workspace_1.12.0\CANtest2\Core\Inc\main.h
2023-04-17 16:45:39,367 [INFO] CodeEngine:255 - oldGeneratedFile, C:\Users\ktp21\STM32CubeIDE\workspace_1.12.0\CANtest2\Core\Src\main.c_save
2023-04-17 16:45:39,452 [INFO] CodeEngine:279 - Generated code: C:\Users\ktp21\STM32CubeIDE\workspace_1.12.0\CANtest2\Core\Src\main.c
2023-04-17 16:45:39,690 [INFO] ProjectBuilder:2996 - Time for Copy HAL[1] : 69mS.
2023-04-17 16:45:39,690 [INFO] ProjectBuilder:4304 - Project Generator version: 3.19.2
2023-04-17 16:45:39,863 [INFO] ConfigFileManager:1483 - The Die is : DIE413
2023-04-17 16:45:39,863 [INFO] ApiDbMcu:507 - Load IP Config File for FATFS
2023-04-17 16:45:39,878 [INFO] ApiDbMcu:507 - Load IP Config File for FREERTOS
2023-04-17 16:45:39,890 [INFO] ApiDbMcu:507 - Load IP Config File for LIBJPEG
2023-04-17 16:45:39,890 [INFO] ApiDbMcu:507 - Load IP Config File for MBEDTLS
2023-04-17 16:45:39,906 [INFO] ApiDbMcu:507 - Load IP Config File for USB_HOST
2023-04-17 16:45:40,554 [INFO] ProjectBuilder:4505 - Time for Generating toolchain IDE Files: 864mS.
2023-04-17 16:45:40,554 [INFO] ProjectBuilder:2867 - Time for Copy CMSIS : 0mS.
2023-04-17 16:45:40,554 [INFO] ProjectBuilder:2867 - Time for Copy CMSIS : 0mS.
