2023-04-04 19:03:07,977 [INFO] Activator:176 - 


2023-04-04 19:03:07,993 [INFO] Activator:177 - !SESSION log4j initialized
2023-04-04 19:03:10,702 [INFO] LogOutputStream:77 - [STDOUT_REDIRECT] 
2023-04-04 19:03:23,463 [INFO] ApplicationProperties:184 - Using Application install path: C:\ST\STM32CubeIDE_1.12.0\STM32CubeIDE\plugins\com.st.stm32cube.common.mx_6.8.0.202302231600
2023-04-04 19:03:23,478 [INFO] DbMcusXml:78 - Set database path to: C:\ST\STM32CubeIDE_1.12.0\STM32CubeIDE\plugins\com.st.stm32cube.common.mx_6.8.0.202302231600\\db\/mcu/
2023-04-04 19:03:23,478 [INFO] ApiDb:274 - Set plugin database path to: C:\ST\STM32CubeIDE_1.12.0\STM32CubeIDE\plugins\com.st.stm32cube.common.mx_6.8.0.202302231600\\db\/plugins/boardmanager/
2023-04-04 19:03:23,478 [WARN] ApiDb:259 - Overriding images path with different value:  => C:\ST\STM32CubeIDE_1.12.0\STM32CubeIDE\plugins\com.st.stm32cube.common.mx_6.8.0.202302231600\\db\/plugins/mcufinder/images/
2023-04-04 19:03:23,494 [INFO] ApiDb:250 - Set database path to: C:\Users\ktp21\.stmcufinder\plugins\mcufinder//mcu/
2023-04-04 19:03:23,494 [INFO] DbMcusAds:125 - Set database path to: C:\Users\ktp21\.stmcufinder\plugins\mcufinder//mcu/
2023-04-04 19:03:23,494 [INFO] CrossReferenceDbSqlite:203 - Set database path to: C:\Users\ktp21\.stmcufinder\plugins\mcufinder//mcu/cs/
2023-04-04 19:03:23,547 [INFO] RulesReader:64 - Compatibility file has been processed (293 Rules)
2023-04-04 19:03:23,632 [INFO] DbMcusXml:78 - Set database path to: C:\ST\STM32CubeIDE_1.12.0\STM32CubeIDE\plugins\com.st.stm32cube.common.mx_6.8.0.202302231600\\db\/mcu/
2023-04-04 19:03:23,632 [INFO] ApiDb:274 - Set plugin database path to: C:\ST\STM32CubeIDE_1.12.0\STM32CubeIDE\plugins\com.st.stm32cube.common.mx_6.8.0.202302231600\\db\/plugins/boardmanager/
2023-04-04 19:03:23,632 [INFO] ApiDb:261 - Set plugin images path to: C:\ST\STM32CubeIDE_1.12.0\STM32CubeIDE\plugins\com.st.stm32cube.common.mx_6.8.0.202302231600\\db\/plugins/mcufinder/images/
2023-04-04 19:03:23,632 [WARN] DbFile:41 - Overriding database path with different value: C:\Users\ktp21\.stmcufinder\plugins\mcufinder/ => C:\Users\ktp21\.stmcufinder\plugins\mcufinder
2023-04-04 19:03:23,632 [INFO] ApiDb:250 - Set database path to: C:\Users\ktp21\.stmcufinder\plugins\mcufinder//mcu/
2023-04-04 19:03:23,632 [WARN] DbFile:41 - Overriding database path with different value: C:\Users\ktp21\.stmcufinder\plugins\mcufinder/ => C:\Users\ktp21\.stmcufinder\plugins\mcufinder
2023-04-04 19:03:23,632 [INFO] DbMcusAds:125 - Set database path to: C:\Users\ktp21\.stmcufinder\plugins\mcufinder//mcu/
2023-04-04 19:03:23,632 [WARN] DbFile:41 - Overriding database path with different value: C:\Users\ktp21\.stmcufinder\plugins\mcufinder/ => C:\Users\ktp21\.stmcufinder\plugins\mcufinder
2023-04-04 19:03:23,632 [WARN] DbFile:41 - Overriding database path with different value: C:\Users\ktp21\.stmcufinder\plugins\mcufinder/ => C:\Users\ktp21\.stmcufinder\plugins\mcufinder
2023-04-04 19:03:23,632 [INFO] CrossReferenceDbSqlite:203 - Set database path to: C:\Users\ktp21\.stmcufinder\plugins\mcufinder//mcu/cs/
2023-04-04 19:03:23,679 [INFO] MainPanel:253 - HeapMemory: 268435456
2023-04-04 19:03:23,732 [INFO] DbMcusXml:78 - Set database path to: C:\ST\STM32CubeIDE_1.12.0\STM32CubeIDE\plugins\com.st.stm32cube.common.mx_6.8.0.202302231600\\db\/mcu/
2023-04-04 19:03:23,732 [INFO] ApiDb:274 - Set plugin database path to: C:\ST\STM32CubeIDE_1.12.0\STM32CubeIDE\plugins\com.st.stm32cube.common.mx_6.8.0.202302231600\\db\/plugins/boardmanager/
2023-04-04 19:03:23,732 [INFO] ApiDb:261 - Set plugin images path to: C:\ST\STM32CubeIDE_1.12.0\STM32CubeIDE\plugins\com.st.stm32cube.common.mx_6.8.0.202302231600\\db\/plugins/mcufinder/images/
2023-04-04 19:03:23,732 [WARN] DbFile:41 - Overriding database path with different value: C:\Users\ktp21\.stmcufinder\plugins\mcufinder/ => C:\Users\ktp21\.stmcufinder\plugins\mcufinder
2023-04-04 19:03:23,732 [INFO] ApiDb:250 - Set database path to: C:\Users\ktp21\.stmcufinder\plugins\mcufinder//mcu/
2023-04-04 19:03:23,732 [WARN] DbFile:41 - Overriding database path with different value: C:\Users\ktp21\.stmcufinder\plugins\mcufinder/ => C:\Users\ktp21\.stmcufinder\plugins\mcufinder
2023-04-04 19:03:23,732 [INFO] DbMcusAds:125 - Set database path to: C:\Users\ktp21\.stmcufinder\plugins\mcufinder//mcu/
2023-04-04 19:03:23,732 [WARN] DbFile:41 - Overriding database path with different value: C:\Users\ktp21\.stmcufinder\plugins\mcufinder/ => C:\Users\ktp21\.stmcufinder\plugins\mcufinder
2023-04-04 19:03:23,732 [WARN] DbFile:41 - Overriding database path with different value: C:\Users\ktp21\.stmcufinder\plugins\mcufinder/ => C:\Users\ktp21\.stmcufinder\plugins\mcufinder
2023-04-04 19:03:23,732 [INFO] CrossReferenceDbSqlite:203 - Set database path to: C:\Users\ktp21\.stmcufinder\plugins\mcufinder//mcu/cs/
2023-04-04 19:03:23,748 [INFO] ApplicationProperties:184 - Using Application install path: C:\ST\STM32CubeIDE_1.12.0\STM32CubeIDE\plugins\com.st.stm32cube.common.mx_6.8.0.202302231600
2023-04-04 19:03:23,748 [INFO] PluginManage:196 - Search for loadable plugins [exclusion list=, ]
2023-04-04 19:03:23,748 [INFO] PluginManage:310 - Check plugin analytics
2023-04-04 19:03:23,848 [INFO] AnalyticsPlugin:253 - Accepted Software Licenses: 
2023-04-04 19:03:23,848 [INFO] AnalyticsPlugin:255 - Accepted CMSIS Pack Licenses: 
2023-04-04 19:03:23,848 [INFO] AnalyticsPlugin:257 - Accepted Firmware Licenses: FW.F4.1.27.0
2023-04-04 19:03:23,848 [INFO] PluginManage:359 - Loaded plugin analytics (category:tool,tabindex:-1)
2023-04-04 19:03:23,848 [INFO] PluginManage:310 - Check plugin cadmodel
2023-04-04 19:03:23,864 [INFO] CADModel:105 - Init CAD model plugin
2023-04-04 19:03:23,864 [INFO] PluginManage:359 - Loaded plugin cadmodel (category:power,tabindex:5)
2023-04-04 19:03:23,864 [INFO] PluginManage:310 - Check plugin clock
2023-04-04 19:03:23,874 [INFO] PluginManage:359 - Loaded plugin clock (category:base,tabindex:2)
2023-04-04 19:03:23,874 [INFO] PluginManage:310 - Check plugin ddr
2023-04-04 19:03:23,874 [INFO] PluginManage:359 - Loaded plugin ddr (category:tool,tabindex:6)
2023-04-04 19:03:23,874 [INFO] PluginManage:310 - Check plugin filemanager
2023-04-04 19:03:23,948 [INFO] PluginManage:359 - Loaded plugin filemanager (category:base,tabindex:10)
2023-04-04 19:03:23,948 [INFO] PluginManage:310 - Check plugin ipmanager
2023-04-04 19:03:23,964 [INFO] PluginManage:359 - Loaded plugin ipmanager (category:base,tabindex:5)
2023-04-04 19:03:23,964 [INFO] PluginManage:310 - Check plugin lpbam
2023-04-04 19:03:23,964 [INFO] PluginManage:359 - Loaded plugin lpbam (category:base,tabindex:0)
2023-04-04 19:03:23,980 [INFO] PluginManage:310 - Check plugin pinoutandconfiguration
2023-04-04 19:03:23,980 [INFO] PluginManage:359 - Loaded plugin pinoutandconfiguration (category:base,tabindex:1)
2023-04-04 19:03:23,980 [INFO] PluginManage:310 - Check plugin pinoutconfig
2023-04-04 19:03:24,033 [WARN] SupportedApi:132 - Cannot load RTOS API schema: s4s-elt-must-match.1: The content of 'definitions' must match (annotation?, (simpleType | complexType)?, (unique | key | keyref)*)). A problem was found starting at: attribute.
2023-04-04 19:03:24,111 [INFO] PluginManage:359 - Loaded plugin pinoutconfig (category:base,tabindex:0)
2023-04-04 19:03:24,111 [INFO] PluginManage:310 - Check plugin power
2023-04-04 19:03:24,127 [INFO] PluginManage:359 - Loaded plugin power (category:power,tabindex:4)
2023-04-04 19:03:24,127 [INFO] PluginManage:310 - Check plugin projectmanager
2023-04-04 19:03:24,133 [INFO] PluginManage:359 - Loaded plugin projectmanager (category:projectmanager,tabindex:3)
2023-04-04 19:03:24,133 [INFO] PluginManage:310 - Check plugin thirdparty
2023-04-04 19:03:24,280 [INFO] PluginManage:359 - Loaded plugin thirdparty (category:base,tabindex:-1)
2023-04-04 19:03:24,280 [INFO] PluginManage:310 - Check plugin tools
2023-04-04 19:03:24,280 [WARN] IntegrityCheckThread:84 - waiting for thirdparty lock release [integrity check]
2023-04-04 19:03:24,280 [INFO] IntegrityCheckThread:86 - entering critical section [integrity check]
2023-04-04 19:03:24,280 [INFO] ThirdPartyUpdaterWithRetryManager:70 - Updater plugin not ready yet. [1/15]
2023-04-04 19:03:24,296 [INFO] PluginManage:359 - Loaded plugin tools (category:base,tabindex:7)
2023-04-04 19:03:24,296 [INFO] PluginManage:310 - Check plugin tutovideos
2023-04-04 19:03:24,428 [INFO] PluginManage:359 - Loaded plugin tutovideos (category:base,tabindex:-1)
2023-04-04 19:03:24,428 [INFO] PluginManage:310 - Check plugin updater
2023-04-04 19:03:24,434 [INFO] PluginManage:359 - Loaded plugin updater (category:base,tabindex:12)
2023-04-04 19:03:24,434 [INFO] PluginManage:283 - PluginManage : Loaded plugins [15]
2023-04-04 19:03:24,581 [INFO] PinOutPanel:1499 - setPackage(No Configuration,No Configuration)
2023-04-04 19:03:24,628 [INFO] CADModel:165 - CPN selected for project level
2023-04-04 19:03:24,628 [INFO] CADModel:114 - Register for checkConnection events
2023-04-04 19:03:24,635 [INFO] IPUIPlugin:80 - create IPUIPlugin
2023-04-04 19:03:24,635 [INFO] PluginManager:220 - loadIPPluginJar : add adc
2023-04-04 19:03:24,650 [INFO] IPUIPlugin:80 - create IPUIPlugin
2023-04-04 19:03:24,666 [INFO] PluginManager:220 - loadIPPluginJar : add aes
2023-04-04 19:03:24,682 [INFO] IPUIPlugin:80 - create IPUIPlugin
2023-04-04 19:03:24,682 [INFO] PluginManager:220 - loadIPPluginJar : add can
2023-04-04 19:03:24,697 [INFO] IPUIPlugin:80 - create IPUIPlugin
2023-04-04 19:03:24,697 [INFO] PluginManager:220 - loadIPPluginJar : add comp
2023-04-04 19:03:24,713 [INFO] IPUIPlugin:80 - create IPUIPlugin
2023-04-04 19:03:24,713 [INFO] PluginManager:220 - loadIPPluginJar : add cryp
2023-04-04 19:03:24,728 [INFO] IPUIPlugin:80 - create IPUIPlugin
2023-04-04 19:03:24,728 [INFO] PluginManager:220 - loadIPPluginJar : add dfsdm
2023-04-04 19:03:24,734 [INFO] IPUIPlugin:80 - create IPUIPlugin
2023-04-04 19:03:24,734 [INFO] PluginManager:220 - loadIPPluginJar : add dma
2023-04-04 19:03:24,766 [INFO] IPUIPlugin:80 - create IPUIPlugin
2023-04-04 19:03:24,766 [INFO] PluginManager:220 - loadIPPluginJar : add dma3
2023-04-04 19:03:24,766 [INFO] IPUIPlugin:80 - create IPUIPlugin
2023-04-04 19:03:24,766 [INFO] PluginManager:220 - loadIPPluginJar : add fatfs
2023-04-04 19:03:24,797 [INFO] IPUIPlugin:80 - create IPUIPlugin
2023-04-04 19:03:24,797 [INFO] PluginManager:220 - loadIPPluginJar : add fmc
2023-04-04 19:03:24,813 [INFO] IPUIPlugin:80 - create IPUIPlugin
2023-04-04 19:03:24,813 [INFO] PluginManager:220 - loadIPPluginJar : add freertos
2023-04-04 19:03:24,828 [INFO] IPUIPlugin:80 - create IPUIPlugin
2023-04-04 19:03:24,828 [INFO] PluginManager:220 - loadIPPluginJar : add genericplugin
2023-04-04 19:03:24,866 [INFO] IPUIPlugin:80 - create IPUIPlugin
2023-04-04 19:03:24,866 [INFO] PluginManager:220 - loadIPPluginJar : add gfxmmu
2023-04-04 19:03:24,935 [INFO] IPUIPlugin:80 - create IPUIPlugin
2023-04-04 19:03:24,935 [INFO] PluginManager:220 - loadIPPluginJar : add gic
2023-04-04 19:03:24,935 [INFO] IPUIPlugin:80 - create IPUIPlugin
2023-04-04 19:03:24,935 [INFO] PluginManager:220 - loadIPPluginJar : add gpio
2023-04-04 19:03:24,992 [INFO] IPUIPlugin:80 - create IPUIPlugin
2023-04-04 19:03:24,992 [INFO] PluginManager:220 - loadIPPluginJar : add gtzc
2023-04-04 19:03:25,008 [INFO] IPUIPlugin:80 - create IPUIPlugin
2023-04-04 19:03:25,008 [INFO] PluginManager:220 - loadIPPluginJar : add hash
2023-04-04 19:03:25,023 [INFO] IPUIPlugin:80 - create IPUIPlugin
2023-04-04 19:03:25,023 [INFO] PluginManager:220 - loadIPPluginJar : add i2c
2023-04-04 19:03:25,051 [INFO] IPUIPlugin:80 - create IPUIPlugin
2023-04-04 19:03:25,051 [INFO] PluginManager:220 - loadIPPluginJar : add i2s
2023-04-04 19:03:25,066 [INFO] IPUIPlugin:80 - create IPUIPlugin
2023-04-04 19:03:25,066 [INFO] PluginManager:220 - loadIPPluginJar : add i3c
2023-04-04 19:03:25,113 [INFO] IPUIPlugin:80 - create IPUIPlugin
2023-04-04 19:03:25,113 [INFO] PluginManager:220 - loadIPPluginJar : add ipddr
2023-04-04 19:03:25,166 [INFO] IPUIPlugin:80 - create IPUIPlugin
2023-04-04 19:03:25,166 [INFO] PluginManager:220 - loadIPPluginJar : add linkedlist
2023-04-04 19:03:25,182 [INFO] IPUIPlugin:80 - create IPUIPlugin
2023-04-04 19:03:25,182 [INFO] PluginManager:220 - loadIPPluginJar : add lorawan
2023-04-04 19:03:25,198 [INFO] IPUIPlugin:80 - create IPUIPlugin
2023-04-04 19:03:25,198 [INFO] PluginManager:220 - loadIPPluginJar : add ltdc
2023-04-04 19:03:25,213 [INFO] IPUIPlugin:80 - create IPUIPlugin
2023-04-04 19:03:25,213 [INFO] PluginManager:220 - loadIPPluginJar : add mdma
2023-04-04 19:03:25,213 [INFO] IPUIPlugin:80 - create IPUIPlugin
2023-04-04 19:03:25,213 [INFO] PluginManager:220 - loadIPPluginJar : add nvic
2023-04-04 19:03:25,236 [INFO] IPUIPlugin:80 - create IPUIPlugin
2023-04-04 19:03:25,236 [INFO] PluginManager:220 - loadIPPluginJar : add opamp
2023-04-04 19:03:25,267 [INFO] IPUIPlugin:80 - create IPUIPlugin
2023-04-04 19:03:25,267 [INFO] PluginManager:220 - loadIPPluginJar : add openamp
2023-04-04 19:03:25,282 [INFO] IPUIPlugin:80 - create IPUIPlugin
2023-04-04 19:03:25,282 [INFO] PluginManager:220 - loadIPPluginJar : add pdm2pcm
2023-04-04 19:03:25,298 [INFO] IPUIPlugin:80 - create IPUIPlugin
2023-04-04 19:03:25,298 [INFO] PluginManager:220 - loadIPPluginJar : add plateformsettings
2023-04-04 19:03:25,314 [INFO] IPUIPlugin:80 - create IPUIPlugin
2023-04-04 19:03:25,314 [INFO] PluginManager:220 - loadIPPluginJar : add quadspi
2023-04-04 19:03:25,314 [INFO] IPUIPlugin:80 - create IPUIPlugin
2023-04-04 19:03:25,314 [INFO] PluginManager:220 - loadIPPluginJar : add resmgrutility
2023-04-04 19:03:25,335 [INFO] IPUIPlugin:80 - create IPUIPlugin
2023-04-04 19:03:25,335 [INFO] PluginManager:220 - loadIPPluginJar : add sai
2023-04-04 19:03:25,351 [INFO] IPUIPlugin:80 - create IPUIPlugin
2023-04-04 19:03:25,351 [INFO] PluginManager:220 - loadIPPluginJar : add spi
2023-04-04 19:03:25,382 [INFO] IPUIPlugin:80 - create IPUIPlugin
2023-04-04 19:03:25,382 [INFO] PluginManager:220 - loadIPPluginJar : add stm32_wpan
2023-04-04 19:03:25,398 [INFO] IPUIPlugin:80 - create IPUIPlugin
2023-04-04 19:03:25,398 [INFO] PluginManager:220 - loadIPPluginJar : add tim
2023-04-04 19:03:25,429 [INFO] IPUIPlugin:80 - create IPUIPlugin
2023-04-04 19:03:25,429 [INFO] PluginManager:220 - loadIPPluginJar : add touchsensing
2023-04-04 19:03:25,436 [INFO] IPUIPlugin:80 - create IPUIPlugin
2023-04-04 19:03:25,436 [INFO] PluginManager:220 - loadIPPluginJar : add tracer_emb
2023-04-04 19:03:25,452 [INFO] IPUIPlugin:80 - create IPUIPlugin
2023-04-04 19:03:25,452 [INFO] PluginManager:220 - loadIPPluginJar : add ts
2023-04-04 19:03:25,467 [INFO] IPUIPlugin:80 - create IPUIPlugin
2023-04-04 19:03:25,467 [INFO] PluginManager:220 - loadIPPluginJar : add tsc
2023-04-04 19:03:25,467 [INFO] IPUIPlugin:80 - create IPUIPlugin
2023-04-04 19:03:25,467 [INFO] PluginManager:220 - loadIPPluginJar : add ucpd
2023-04-04 19:03:25,498 [INFO] IPUIPlugin:80 - create IPUIPlugin
2023-04-04 19:03:25,498 [INFO] PluginManager:220 - loadIPPluginJar : add usart
2023-04-04 19:03:25,514 [INFO] IPUIPlugin:80 - create IPUIPlugin
2023-04-04 19:03:25,514 [INFO] PluginManager:220 - loadIPPluginJar : add usbx
2023-04-04 19:03:25,625 [INFO] CADModel:165 - CPN selected for project level
2023-04-04 19:03:25,625 [INFO] CADModel:114 - Register for checkConnection events
2023-04-04 19:03:25,625 [FATAL] Updater:308 - Updater called before beeing initialized
2023-04-04 19:03:25,625 [ERROR] CADModel:125 - Updater not yet initialized, retry later 
2023-04-04 19:03:25,714 [INFO] CADModel:165 - CPN selected for project level
2023-04-04 19:03:25,714 [INFO] CADModel:114 - Register for checkConnection events
2023-04-04 19:03:25,714 [FATAL] Updater:308 - Updater called before beeing initialized
2023-04-04 19:03:25,714 [ERROR] CADModel:125 - Updater not yet initialized, retry later 
2023-04-04 19:03:25,714 [FATAL] Updater:308 - Updater called before beeing initialized
2023-04-04 19:03:25,783 [FATAL] Updater:308 - Updater called before beeing initialized
2023-04-04 19:03:25,783 [INFO] DbMcusAds:53 - JSON generation date=Thu Sep 30 19:55:09 NZDT 2021 (1632984909247)
2023-04-04 19:03:25,783 [FATAL] Updater:308 - Updater called before beeing initialized
2023-04-04 19:03:25,830 [WARN] DetailPanel:346 - Failed to get advertising image, set to default
2023-04-04 19:03:25,884 [FATAL] Updater:308 - Updater called before beeing initialized
2023-04-04 19:03:25,884 [FATAL] Updater:308 - Updater called before beeing initialized
2023-04-04 19:03:25,884 [FATAL] Updater:308 - Updater called before beeing initialized
2023-04-04 19:03:25,884 [WARN] DetailPanel:346 - Failed to get advertising image, set to default
2023-04-04 19:03:25,884 [FATAL] Updater:308 - Updater called before beeing initialized
2023-04-04 19:03:25,930 [ERROR] Updater:1120 - MainUpdater not yet initialized. External WinMGr cannot be set.
2023-04-04 19:03:25,937 [INFO] Updater:1056 - Updater Version found : 6.8.0
2023-04-04 19:03:25,937 [INFO] ApplicationProperties:184 - Using Application install path: C:\ST\STM32CubeIDE_1.12.0\STM32CubeIDE\plugins\com.st.stm32cube.common.mx_6.8.0.202302231600
2023-04-04 19:03:26,053 [INFO] MainUpdater:2854 - connection check result : 10
2023-04-04 19:03:26,053 [INFO] MainUpdater:283 - Updater Check For Update Now.
2023-04-04 19:03:26,053 [INFO] MicroXplorer:498 - Change Database Version : DB.6.0.80
2023-04-04 19:03:26,200 [INFO] CheckServerUpdateThread:120 - End of CheckServer Thread
2023-04-04 19:03:26,284 [INFO] MainUpdater:2854 - connection check result : 10
2023-04-04 19:03:26,284 [INFO] MainUpdater:2854 - connection check result : 10
2023-04-04 19:03:26,369 [INFO] MicroXplorer:468 - Change Database Path : 
2023-04-04 19:03:26,369 [INFO] MicroXplorer:498 - Change Database Version : DB.6.0.80
2023-04-04 19:03:26,385 [WARN] ThirdParty:871 - waiting for thirdparty lock release [close project]
2023-04-04 19:03:27,388 [WARN] PackLoader:240 - Cannot read IP mode file for STMicroelectronics.X-CUBE-GNSS1.6.0.0
2023-04-04 19:03:27,404 [WARN] PackLoader:240 - Cannot read IP mode file for STMicroelectronics.X-CUBE-AZRTOS-F4.1.1.0
2023-04-04 19:03:27,419 [WARN] PackLoader:240 - Cannot read IP mode file for wolfSSL.I-CUBE-wolfSSL.5.6.0
2023-04-04 19:03:27,435 [WARN] PackLoader:240 - Cannot read IP mode file for STMicroelectronics.X-CUBE-AZRTOS-F7.1.1.0
2023-04-04 19:03:27,442 [WARN] PackLoader:240 - Cannot read IP mode file for STMicroelectronics.X-CUBE-BLE1.6.2.4
2023-04-04 19:03:27,442 [WARN] PackLoader:240 - Cannot read IP mode file for emotas.I-CUBE-CANOPEN.1.1.3
2023-04-04 19:03:27,457 [WARN] PackLoader:240 - Cannot read IP mode file for STMicroelectronics.X-CUBE-BLEMGR.2.0.0
2023-04-04 19:03:27,473 [WARN] PackLoader:240 - Cannot read IP mode file for STMicroelectronics.X-CUBE-DISPLAY.3.0.0
2023-04-04 19:03:27,473 [WARN] PackLoader:240 - Cannot read IP mode file for STMicroelectronics.X-CUBE-NFC7.1.0.0
2023-04-04 19:03:27,488 [WARN] PackLoader:240 - Cannot read IP mode file for STMicroelectronics.X-CUBE-EEPRMA1.4.1.0
2023-04-04 19:03:27,488 [WARN] PackLoader:240 - Cannot read IP mode file for WES.I-CUBE-Cesium.1.3.0
2023-04-04 19:03:27,504 [WARN] PackLoader:240 - Cannot read IP mode file for STMicroelectronics.X-CUBE-SFXS2LP1.4.0.0
2023-04-04 19:03:27,504 [WARN] PackLoader:240 - Cannot read IP mode file for STMicroelectronics.X-CUBE-BLE2.3.3.0
2023-04-04 19:03:27,520 [WARN] PackLoader:240 - Cannot read IP mode file for STMicroelectronics.X-CUBE-AZRTOS-H7.3.0.0
2023-04-04 19:03:27,535 [WARN] PackLoader:240 - Cannot read IP mode file for STMicroelectronics.X-CUBE-ISPU.1.1.0
2023-04-04 19:03:27,542 [WARN] PackLoader:240 - Cannot read IP mode file for RoweBots.I-CUBE-UNISONRTOS.5.5.0-4
2023-04-04 19:03:27,542 [WARN] PackLoader:240 - Cannot read IP mode file for STMicroelectronics.X-CUBE-AI.8.0.0
2023-04-04 19:03:27,557 [WARN] PackLoader:240 - Cannot read IP mode file for STMicroelectronics.X-CUBE-FREERTOS.1.0.0
2023-04-04 19:03:27,557 [WARN] PackLoader:240 - Cannot read IP mode file for STMicroelectronics.X-CUBE-TOUCHGFX.4.21.3
2023-04-04 19:03:27,573 [WARN] PackLoader:240 - Cannot read IP mode file for STMicroelectronics.X-CUBE-ALGOBUILD.1.3.0
2023-04-04 19:03:27,589 [WARN] PackLoader:240 - Cannot read IP mode file for STMicroelectronics.X-CUBE-AZRTOS-L5.1.1.0
2023-04-04 19:03:27,604 [WARN] PackLoader:240 - Cannot read IP mode file for STMicroelectronics.X-CUBE-AZRTOS-G0.1.1.0
2023-04-04 19:03:27,620 [WARN] PackLoader:240 - Cannot read IP mode file for STMicroelectronics.X-CUBE-SUBG2.5.0.0
2023-04-04 19:03:27,620 [WARN] PackLoader:240 - Cannot read IP mode file for STMicroelectronics.X-CUBE-NFC4.3.0.0
2023-04-04 19:03:27,642 [WARN] PackLoader:240 - Cannot read IP mode file for STMicroelectronics.X-CUBE-TOF1.3.3.0
2023-04-04 19:03:27,642 [WARN] PackLoader:240 - Cannot read IP mode file for STMicroelectronics.FP-ATR-ASTRA1.1.1.1
2023-04-04 19:03:27,658 [WARN] PackLoader:240 - Cannot read IP mode file for STMicroelectronics.X-CUBE-AZRTOS-G4.1.0.0
2023-04-04 19:03:27,673 [WARN] PackLoader:240 - Cannot read IP mode file for STMicroelectronics.FP-ATR-SIGFOX1.3.2.0
2023-04-04 19:03:27,673 [WARN] PackLoader:240 - Cannot read IP mode file for STMicroelectronics.X-CUBE-AZRTOS-L4.1.0.0
2023-04-04 19:03:27,689 [WARN] PackLoader:240 - Cannot read IP mode file for STMicroelectronics.X-CUBE-AZRTOS-WL.1.0.0
2023-04-04 19:03:27,705 [WARN] PackLoader:240 - Cannot read IP mode file for portGmbH.I-Cube-SoM-uGOAL.1.1.0
2023-04-04 19:03:27,705 [WARN] PackLoader:240 - Cannot read IP mode file for STMicroelectronics.X-CUBE-ALS.1.0.1
2023-04-04 19:03:27,736 [WARN] PackLoader:240 - Cannot read IP mode file for STMicroelectronics.X-CUBE-MEMS1.9.5.0
2023-04-04 19:03:27,820 [WARN] PackLoader:240 - Cannot read IP mode file for STMicroelectronics.X-CUBE-AZRTOS-WB.1.1.0
2023-04-04 19:03:27,843 [WARN] PackLoader:240 - Cannot read IP mode file for SEGGER.I-CUBE-embOS.1.3.1
2023-04-04 19:03:27,858 [INFO] ThirdParty:978 - Integrity check success = true
2023-04-04 19:03:27,858 [INFO] IntegrityCheckThread:100 - exiting critical section [integrity check]
2023-04-04 19:03:27,858 [INFO] IntegrityCheckThread:103 - End integrity checks thread
2023-04-04 19:03:27,858 [INFO] ThirdParty:873 - entering critical section [close project]
2023-04-04 19:03:27,858 [INFO] ThirdParty:883 - exiting critical section [close project]
2023-04-04 19:03:27,874 [INFO] PinOutPanel:1499 - setPackage(No Configuration,No Configuration)
2023-04-04 19:03:27,874 [INFO] UtilMem:75 - Begin LoadConfig() Used Memory: 144584664 Bytes (268435456)
2023-04-04 19:03:27,874 [INFO] MicroXplorer:468 - Change Database Path : 
2023-04-04 19:03:27,874 [INFO] MicroXplorer:498 - Change Database Version : DB.6.0.80
2023-04-04 19:03:27,874 [INFO] OpenFileManager:308 - Change cursor
2023-04-04 19:03:27,889 [INFO] Mcu:1937 - Initializing MCU STM32F405RGTx STM32F405RGTx STM32F405RGT6
2023-04-04 19:03:28,706 [INFO] Context:659 - Trying to add GPIOservice into a context  which must be forbidden
2023-04-04 19:03:28,938 [INFO] RtosManager:555 - Registered RTOS mode: class=CMSIS, group=RTOS, mode=CMSIS_V1, owner=FREERTOS
2023-04-04 19:03:28,938 [INFO] RtosManager:555 - Registered RTOS mode: class=CMSIS, group=RTOS2, mode=CMSIS_V2, owner=FREERTOS
2023-04-04 19:03:28,938 [INFO] RtosManager:555 - Registered RTOS mode: class=RTOS, group=Core, mode=CMSIS_V1, owner=FREERTOS
2023-04-04 19:03:28,938 [INFO] RtosManager:555 - Registered RTOS mode: class=RTOS, group=Core, mode=CMSIS_V2, owner=FREERTOS
2023-04-04 19:03:28,938 [WARN] ModelIntegratedComponent:184 - Missing modes for component STMicroelectronics:FreeRTOS:0.0.1:STMicroelectronics:RTOS:FreeRTOS:Core:::10.2.0:
2023-04-04 19:03:28,945 [WARN] ModelIntegratedComponent:63 - No mode defined for component null
2023-04-04 19:03:28,945 [WARN] ModelIntegratedComponent:63 - No mode defined for component null
2023-04-04 19:03:28,945 [WARN] ModelIntegratedComponent:63 - No mode defined for component null
2023-04-04 19:03:28,945 [WARN] ModelIntegratedComponent:63 - No mode defined for component null
2023-04-04 19:03:28,945 [WARN] ModelIntegratedComponent:63 - No mode defined for component null
2023-04-04 19:03:28,945 [WARN] ModelIntegratedComponent:63 - No mode defined for component null
2023-04-04 19:03:28,945 [WARN] ModelIntegratedComponent:63 - No mode defined for component null
2023-04-04 19:03:28,945 [WARN] ModelIntegratedComponent:63 - No mode defined for component null
2023-04-04 19:03:28,945 [WARN] ModelIntegratedComponent:63 - No mode defined for component null
2023-04-04 19:03:28,945 [WARN] ModelIntegratedComponent:63 - No mode defined for component null
2023-04-04 19:03:28,945 [WARN] ModelIntegratedComponent:63 - No mode defined for component null
2023-04-04 19:03:28,945 [WARN] ModelIntegratedComponent:63 - No mode defined for component null
2023-04-04 19:03:28,945 [WARN] ModelIntegratedComponent:63 - No mode defined for component null
2023-04-04 19:03:28,945 [WARN] ModelIntegratedComponent:63 - No mode defined for component null
2023-04-04 19:03:28,945 [WARN] ModelIntegratedComponent:63 - No mode defined for component null
2023-04-04 19:03:28,945 [WARN] ModelIntegratedComponent:63 - No mode defined for component null
2023-04-04 19:03:28,945 [WARN] ModelIntegratedComponent:63 - No mode defined for component null
2023-04-04 19:03:28,945 [WARN] ModelIntegratedComponent:63 - No mode defined for component null
2023-04-04 19:03:28,945 [WARN] ModelIntegratedComponent:63 - No mode defined for component null
2023-04-04 19:03:28,945 [WARN] ModelIntegratedComponent:63 - No mode defined for component null
2023-04-04 19:03:28,945 [WARN] ModelIntegratedComponent:63 - No mode defined for component null
2023-04-04 19:03:28,945 [WARN] ModelIntegratedComponent:63 - No mode defined for component null
2023-04-04 19:03:28,945 [WARN] ModelIntegratedComponent:63 - No mode defined for component null
2023-04-04 19:03:28,945 [WARN] ModelIntegratedComponent:63 - No mode defined for component null
2023-04-04 19:03:28,945 [WARN] ModelIntegratedComponent:63 - No mode defined for component null
2023-04-04 19:03:28,945 [WARN] ModelIntegratedComponent:63 - No mode defined for component null
2023-04-04 19:03:28,945 [WARN] ModelIntegratedComponent:63 - No mode defined for component null
2023-04-04 19:03:28,945 [WARN] ModelIntegratedComponent:63 - No mode defined for component null
2023-04-04 19:03:28,945 [WARN] ModelIntegratedComponent:63 - No mode defined for component null
2023-04-04 19:03:28,945 [WARN] ModelIntegratedComponent:63 - No mode defined for component null
2023-04-04 19:03:28,945 [WARN] ModelIntegratedComponent:63 - No mode defined for component null
2023-04-04 19:03:28,945 [WARN] ModelIntegratedComponent:63 - No mode defined for component null
2023-04-04 19:03:28,945 [WARN] ModelIntegratedComponent:63 - No mode defined for component null
2023-04-04 19:03:28,976 [INFO] ThirdPartyModel:298 - Start build external matchings
2023-04-04 19:03:29,061 [INFO] ThirdPartyModel:316 - End build external matchings
2023-04-04 19:03:29,076 [INFO] ImportTextPane:194 - (OptionalMessage_ERROR) IP (RCC) : Parameter (RTCHSEDivFreq_Value) has invalid value (12500000)
2023-04-04 19:03:29,249 [INFO] UtilMem:75 - End LoadConfig() Used Memory: 216857360 Bytes (300941312)
2023-04-04 19:03:29,302 [INFO] ApiDb:581 - Connected to CubeFinder SQLite database (C:\Users\ktp21\.stmcufinder\plugins\mcufinder\mcu\cube-finder-db.db)
2023-04-04 19:03:29,345 [INFO] ApiDb:668 - CubeFinder database Data Model version=2.1
2023-04-04 19:03:29,345 [INFO] ApiDb:669 - CubeFinder database Configuration version=3.0.35
2023-04-04 19:03:29,345 [INFO] ApiDb:670 - CubeFinder database generation date=2023-02-21 (1676964986)
2023-04-04 19:03:29,345 [INFO] ApiDb:671 - CubeFinder database FW Pack versions=[FP-ATR-ASTRA1_V1.1.1, STM32Cube_FW_C0_V1.0.1, STM32Cube_FW_F0_V1.11.4, STM32Cube_FW_F3_V1.11.4, STM32Cube_FW_F4_V1.27.1, STM32Cube_FW_F7_V1.17.0, STM32Cube_FW_G0_V1.6.1, STM32Cube_FW_G4_V1.5.1, STM32Cube_FW_H5_V0.5.1, STM32Cube_FW_H5_V1.0.0, STM32Cube_FW_H7_V1.11.0, STM32Cube_FW_L0_V1.12.2, STM32Cube_FW_L5_V1.5.0, STM32Cube_FW_U5_V1.2.0, STM32Cube_FW_WBA_V1.0.0, STM32Cube_FW_WBA_V1.0.0RC1, STM32Cube_FW_WBA_V1.0.0RC3, STM32Cube_FW_WB_V1.15.0RC1, STM32Cube_FW_WB_V1.16.0, STM32Cube_FW_WB_V1.16.0RC2, STM32Cube_FW_WL_V1.3.0, X-CUBE-ALGOBUILD_V1.3.0, X-CUBE-ALS_V1.0.1, X-CUBE-AZRTOS-F4_V1.1.0, X-CUBE-AZRTOS-F7_V1.1.0, X-CUBE-AZRTOS-G0_V1.1.0, X-CUBE-AZRTOS-G4_V1.0.0, X-CUBE-AZRTOS-H7_V3.0.0, X-CUBE-AZRTOS-L4_V1.0.0, X-CUBE-AZRTOS-L5_V1.1.0, X-CUBE-AZRTOS-WB_V1.1.0, X-CUBE-AZRTOS-WL_V1.0.0, X-CUBE-BLE1_V6.2.4, X-CUBE-BLE2_V3.3.0, X-CUBE-BLEMGR_V1.3.0, X-CUBE-EEPRMA1_V4.1.0, X-CUBE-GNSS1_V6.0.0, X-CUBE-MEMS1_V9.1.0, X-CUBE-MEMS1_V9.4.0, X-CUBE-MEMS1_V9.5.0, X-CUBE-NFC4_V3.0.0, X-CUBE-NFC7_V1.0.0, X-CUBE-SFXS2LP1_V4.0.0, X-CUBE-SUBG2_V5.0.0]
2023-04-04 19:03:30,489 [INFO] ApiDb:240 - Found 297 in-development CPN: [B-G473E-ZEST1S, B-WB1M-WPAN1, B-WL5M-SUBG1, NUCLEO-C031C6, NUCLEO-H503RB, NUCLEO-H563ZI, NUCLEO-U545RE-Q, NUCLEO-U5A5ZJ-Q, NUCLEO-WBA52CG, STEVAL-PROTEUS1, STEVAL-STWINBX1, STM320518-EVAL, STM32C0116-DK, STM32C011D6Y3TR, STM32C011D6Y6TR, STM32C011F4P3, STM32C011F4P6, STM32C011F4U3, STM32C011F4U6TR, STM32C011F6P3, STM32C011F6P6, STM32C011F6U3, STM32C011F6U6TR, STM32C011J4M3, STM32C011J4M6, STM32C011J6M3, STM32C011J6M6, STM32C0316-DK, STM32C031C4T3, STM32C031C4T6, STM32C031C4U3, STM32C031C4U6, STM32C031C6T3, STM32C031C6T6, STM32C031C6U3, STM32C031C6U6, STM32C031F4P3, STM32C031F4P6, STM32C031F6P3, STM32C031F6P6, STM32C031G4U3, STM32C031G4U6, STM32C031G6U3, STM32C031G6U6, STM32C031K4T3, STM32C031K4T6, STM32C031K4U3, STM32C031K4U6, STM32C031K6T3, STM32C031K6T6, STM32C031K6U3, STM32C031K6U6, STM32G071K8TXN, STM32G071K8UXN, STM32G081GBU6N, STM32G081KBT6N, STM32G081KBUXN, STM32G0B1CCT6N, STM32G0B1KCT6, STM32G0B1NEY6TR, STM32G0B1RCT6N, STM32G0C1CCT6, STM32G0C1CCT6N, STM32G0C1CCU6N, STM32G0C1CET6N, STM32G0C1CEU6N, STM32G0C1KCT6, STM32G0C1NEY6TR, STM32G0C1RCI6N, STM32G0C1RCT6N, STM32G0C1REI6N, STM32G0C1RET6N, STM32G0C1VCI6, STM32G0C1VEI6, STM32G471CCT6, STM32G471CCU6, STM32G471CET3, STM32G471CET6, STM32G471CEU3, STM32G471CEU6, STM32G471MCT6, STM32G471MET3, STM32G471MET6, STM32G471MEY6TR, STM32G471QCT6, STM32G471QET3, STM32G471RCT6, STM32G471RET3, STM32G471RET6, STM32G471VCH6, STM32G471VCI6, STM32G471VCT6, STM32G471VEH3, STM32G471VEH6, STM32G471VEI3, STM32G471VEI6, STM32G471VET3, STM32G471VET6, STM32G474CCT6, STM32H503CBT6, STM32H503CBU6, STM32H503EBY6TR, STM32H503KBU6, STM32H503RBT6, STM32H562AGI6, STM32H562AII6, STM32H562IGK6, STM32H562IGT6, STM32H562IIK6, STM32H562IIT6, STM32H562RGT6, STM32H562RGV6, STM32H562RIT6, STM32H562RIV6, STM32H562VGT6, STM32H562VIT6, STM32H562ZGT6, STM32H562ZIT6, STM32H563AGI6, STM32H563AII3Q, STM32H563AII6, STM32H563IGK6, STM32H563IGT6, STM32H563IIK3Q, STM32H563IIK6, STM32H563IIT3Q, STM32H563IIT6, STM32H563MIY3QTR, STM32H563RGT6, STM32H563RGV6, STM32H563RIT6, STM32H563RIV6, STM32H563VGT6, STM32H563VIT3Q, STM32H563VIT6, STM32H563ZGT6, STM32H563ZIT3Q, STM32H563ZIT6, STM32H573AII3Q, STM32H573AII6, STM32H573I-DK, STM32H573IIK3Q, STM32H573IIK6, STM32H573IIT3Q, STM32H573IIT6, STM32H573MIY3QTR, STM32H573RIT6, STM32H573RIV6, STM32H573VIT3Q, STM32H573VIT6, STM32H573ZIT3Q, STM32H573ZIT6, STM32L4R5QGI6STR, STM32MP131AAE3, STM32MP131AAF3, STM32MP131AAG3, STM32MP131CAE3, STM32MP131CAF3, STM32MP131CAG3, STM32MP131DAE7, STM32MP131DAF7, STM32MP131DAG7, STM32MP131FAE7, STM32MP131FAF7, STM32MP131FAG7, STM32MP133AAE3, STM32MP133AAF3, STM32MP133AAG3, STM32MP133CAE3, STM32MP133CAF3, STM32MP133CAG3, STM32MP133DAE7, STM32MP133DAF7, STM32MP133DAG7, STM32MP133FAE7, STM32MP133FAF7, STM32MP133FAG7, STM32MP135AAE3, STM32MP135AAF3, STM32MP135AAG3, STM32MP135CAE3, STM32MP135CAF3, STM32MP135CAG3, STM32MP135DAE7, STM32MP135DAF7, STM32MP135DAG7, STM32MP135F-DK, STM32MP135FAE7, STM32MP135FAF7, STM32MP135FAF7T, STM32MP135FAF7U, STM32MP135FAG7, STM32U535CBT6, STM32U535CBT6Q, STM32U535CBU6, STM32U535CBU6Q, STM32U535CCT6, STM32U535CCT6Q, STM32U535CCU6, STM32U535CCU6Q, STM32U535CET6, STM32U535CET6Q, STM32U535CEU6, STM32U535CEU6Q, STM32U535JEY6QTR, STM32U535NCY6QTR, STM32U535NEY6QTR, STM32U535RBI6, STM32U535RBI6Q, STM32U535RBT6, STM32U535RBT6Q, STM32U535RCI6, STM32U535RCI6Q, STM32U535RCT6, STM32U535RCT6Q, STM32U535REI6, STM32U535REI6Q, STM32U535RET6, STM32U535RET6Q, STM32U535VCI6, STM32U535VCI6Q, STM32U535VCT6, STM32U535VCT6Q, STM32U535VEI6, STM32U535VEI6Q, STM32U535VET6, STM32U535VET6Q, STM32U545CET6, STM32U545CET6Q, STM32U545CEU6, STM32U545CEU6Q, STM32U545JEY6QTR, STM32U545NEY6QTR, STM32U545REI6, STM32U545REI6Q, STM32U545RET6, STM32U545RET6Q, STM32U545VEI6, STM32U545VEI6Q, STM32U545VET6, STM32U545VET6Q, STM32U595AIH6, STM32U595AIH6Q, STM32U595AJH6, STM32U595AJH6Q, STM32U595QII6, STM32U595QII6Q, STM32U595QJI6, STM32U595QJI6Q, STM32U595RIT6, STM32U595RIT6Q, STM32U595RJT6, STM32U595RJT6Q, STM32U595VIT6, STM32U595VIT6Q, STM32U595VJT6, STM32U595VJT6Q, STM32U595ZIT6, STM32U595ZIT6Q, STM32U595ZIY6QTR, STM32U595ZJT6, STM32U595ZJT6Q, STM32U595ZJY6QTR, STM32U599BJY6QTR, STM32U599NIH6Q, STM32U599NJH6Q, STM32U599VIT6Q, STM32U599VJT6, STM32U599VJT6Q, STM32U599ZIT6Q, STM32U599ZIY6QTR, STM32U599ZJT6Q, STM32U599ZJY6QTR, STM32U5A5AJH6, STM32U5A5AJH6Q, STM32U5A5QJI6, STM32U5A5QJI6Q, STM32U5A5RJT6, STM32U5A5RJT6Q, STM32U5A5VJT6, STM32U5A5VJT6Q, STM32U5A5ZJT6, STM32U5A5ZJT6Q, STM32U5A5ZJY6QTR, STM32U5A9BJY6QTR, STM32U5A9J-DK, STM32U5A9NJH6Q, STM32U5A9VJT6Q, STM32U5A9ZJT6Q, STM32U5A9ZJY6QTR, STM32WB1MMCH6, STM32WBA52CEU6, STM32WBA52CEU6T, STM32WBA52CGU6, STM32WBA52CGU6T, STM32WL5MOCH6, STM32WL5MOCH6TR]
2023-04-04 19:03:30,505 [INFO] DbMcus:216 - Found 3772 MCUs, 3772 are supported
2023-04-04 19:03:30,505 [INFO] ApiDb:423 - Load user favorites file C:\Users\ktp21/.stm32cubeide/favorites.mcus.txt: 0 item(s)
2023-04-04 19:03:30,505 [INFO] ApiDb:427 - User favorites MCUs=[]
2023-04-04 19:03:30,505 [INFO] DbMcus:222 - Set 0 / 0 favorites MCUs
2023-04-04 19:03:30,679 [WARN] ThirdParty:833 - waiting for thirdparty lock release [change project]
2023-04-04 19:03:30,679 [INFO] ThirdParty:835 - entering critical section [change project]
2023-04-04 19:03:30,679 [INFO] ThirdParty:1030 - CMSIS Pack Vendor :STMicroelectronics X-CUBE-ISPU 1.1.0
2023-04-04 19:03:30,679 [INFO] ThirdParty:1030 - CMSIS Pack Vendor :RoweBots I-CUBE-UNISONRTOS 5.5.0-4
2023-04-04 19:03:30,679 [INFO] ThirdParty:1030 - CMSIS Pack Vendor :STMicroelectronics X-CUBE-GNSS1 6.0.0
2023-04-04 19:03:30,679 [INFO] ThirdParty:1030 - CMSIS Pack Vendor :STMicroelectronics USB_HOST 2.0.0
2023-04-04 19:03:30,679 [INFO] ThirdParty:1030 - CMSIS Pack Vendor :STMicroelectronics X-CUBE-AZRTOS-F4 1.1.0
2023-04-04 19:03:30,679 [INFO] ThirdParty:1030 - CMSIS Pack Vendor :STMicroelectronics LIBJPEG 8.0.0
2023-04-04 19:03:30,679 [INFO] ThirdParty:1030 - CMSIS Pack Vendor :wolfSSL I-CUBE-wolfSSL 5.6.0
2023-04-04 19:03:30,679 [INFO] ThirdParty:1030 - CMSIS Pack Vendor :STMicroelectronics USB_DEVICE 3.0.0
2023-04-04 19:03:30,679 [INFO] ThirdParty:1030 - CMSIS Pack Vendor :STMicroelectronics X-CUBE-AI 8.0.0
2023-04-04 19:03:30,679 [INFO] ThirdParty:1030 - CMSIS Pack Vendor :STMicroelectronics X-CUBE-FREERTOS 1.0.0
2023-04-04 19:03:30,679 [INFO] ThirdParty:1030 - CMSIS Pack Vendor :STMicroelectronics X-CUBE-TOUCHGFX 4.21.3
2023-04-04 19:03:30,679 [INFO] ThirdParty:1030 - CMSIS Pack Vendor :STMicroelectronics X-CUBE-AZRTOS-F7 1.1.0
2023-04-04 19:03:30,679 [INFO] ThirdParty:1030 - CMSIS Pack Vendor :STMicroelectronics USB_DEVICE 2.0.0
2023-04-04 19:03:30,679 [INFO] ThirdParty:1030 - CMSIS Pack Vendor :STMicroelectronics X-CUBE-ALGOBUILD 1.3.0
2023-04-04 19:03:30,679 [INFO] ThirdParty:1030 - CMSIS Pack Vendor :STMicroelectronics X-CUBE-BLE1 6.2.4
2023-04-04 19:03:30,679 [INFO] ThirdParty:1030 - CMSIS Pack Vendor :STMicroelectronics X-CUBE-AZRTOS-L5 1.1.0
2023-04-04 19:03:30,679 [INFO] ThirdParty:1030 - CMSIS Pack Vendor :STMicroelectronics FreeRTOS 0.0.1
2023-04-04 19:03:30,679 [INFO] ThirdParty:1030 - CMSIS Pack Vendor :emotas I-CUBE-CANOPEN 1.1.3
2023-04-04 19:03:30,679 [INFO] ThirdParty:1030 - CMSIS Pack Vendor :STMicroelectronics X-CUBE-AZRTOS-G0 1.1.0
2023-04-04 19:03:30,679 [INFO] ThirdParty:1030 - CMSIS Pack Vendor :STMicroelectronics X-CUBE-BLEMGR 2.0.0
2023-04-04 19:03:30,679 [INFO] ThirdParty:1030 - CMSIS Pack Vendor :STMicroelectronics X-CUBE-SUBG2 5.0.0
2023-04-04 19:03:30,679 [INFO] ThirdParty:1030 - CMSIS Pack Vendor :STMicroelectronics X-CUBE-NFC4 3.0.0
2023-04-04 19:03:30,679 [INFO] ThirdParty:1030 - CMSIS Pack Vendor :STMicroelectronics STM32_WPAN 1.0.0
2023-04-04 19:03:30,679 [INFO] ThirdParty:1030 - CMSIS Pack Vendor :STMicroelectronics lwIP 2.0.3
2023-04-04 19:03:30,679 [INFO] ThirdParty:1030 - CMSIS Pack Vendor :STMicroelectronics USB_HOST 1.0.0
2023-04-04 19:03:30,679 [INFO] ThirdParty:1030 - CMSIS Pack Vendor :STMicroelectronics PDM2PCM 3.1.0
2023-04-04 19:03:30,679 [INFO] ThirdParty:1030 - CMSIS Pack Vendor :STMicroelectronics X-CUBE-TOF1 3.3.0
2023-04-04 19:03:30,679 [INFO] ThirdParty:1030 - CMSIS Pack Vendor :STMicroelectronics FP-ATR-ASTRA1 1.1.1
2023-04-04 19:03:30,679 [INFO] ThirdParty:1030 - CMSIS Pack Vendor :STMicroelectronics PDM2PCM 3.3.0
2023-04-04 19:03:30,679 [INFO] ThirdParty:1030 - CMSIS Pack Vendor :STMicroelectronics X-CUBE-DISPLAY 3.0.0
2023-04-04 19:03:30,679 [INFO] ThirdParty:1030 - CMSIS Pack Vendor :STMicroelectronics X-CUBE-AZRTOS-G4 1.0.0
2023-04-04 19:03:30,679 [INFO] ThirdParty:1030 - CMSIS Pack Vendor :STMicroelectronics FP-ATR-SIGFOX1 3.2.0
2023-04-04 19:03:30,679 [INFO] ThirdParty:1030 - CMSIS Pack Vendor :STMicroelectronics X-CUBE-AZRTOS-L4 1.0.0
2023-04-04 19:03:30,679 [INFO] ThirdParty:1030 - CMSIS Pack Vendor :STMicroelectronics HAL Drivers 0.0.0
2023-04-04 19:03:30,679 [INFO] ThirdParty:1030 - CMSIS Pack Vendor :STMicroelectronics MBEDTLS 2.16.2
2023-04-04 19:03:30,679 [INFO] ThirdParty:1030 - CMSIS Pack Vendor :STMicroelectronics MBEDTLS 2.14.1
2023-04-04 19:03:30,679 [INFO] ThirdParty:1030 - CMSIS Pack Vendor :STMicroelectronics X-CUBE-NFC7 1.0.0
2023-04-04 19:03:30,679 [INFO] ThirdParty:1030 - CMSIS Pack Vendor :STMicroelectronics X-CUBE-AZRTOS-WL 1.0.0
2023-04-04 19:03:30,679 [INFO] ThirdParty:1030 - CMSIS Pack Vendor :STMicroelectronics X-CUBE-EEPRMA1 4.1.0
2023-04-04 19:03:30,679 [INFO] ThirdParty:1030 - CMSIS Pack Vendor :portGmbH I-Cube-SoM-uGOAL 1.1.0
2023-04-04 19:03:30,679 [INFO] ThirdParty:1030 - CMSIS Pack Vendor :STMicroelectronics X-CUBE-ALS 1.0.1
2023-04-04 19:03:30,679 [INFO] ThirdParty:1030 - CMSIS Pack Vendor :STMicroelectronics X-CUBE-MEMS1 9.5.0
2023-04-04 19:03:30,679 [INFO] ThirdParty:1030 - CMSIS Pack Vendor :STMicroelectronics ThreadX 1.0.0
2023-04-04 19:03:30,679 [INFO] ThirdParty:1030 - CMSIS Pack Vendor :STMicroelectronics X-CUBE-AZRTOS-WB 1.1.0
2023-04-04 19:03:30,679 [INFO] ThirdParty:1030 - CMSIS Pack Vendor :SEGGER I-CUBE-embOS 1.3.1
2023-04-04 19:03:30,679 [INFO] ThirdParty:1030 - CMSIS Pack Vendor :STMicroelectronics USB_DEVICE 1.0.0
2023-04-04 19:03:30,679 [INFO] ThirdParty:1030 - CMSIS Pack Vendor :STMicroelectronics ThreadX 0.0.2
2023-04-04 19:03:30,679 [INFO] ThirdParty:1030 - CMSIS Pack Vendor :WES I-CUBE-Cesium 1.3.0
2023-04-04 19:03:30,679 [INFO] ThirdParty:1030 - CMSIS Pack Vendor :STMicroelectronics lwIP 2.1.2
2023-04-04 19:03:30,679 [INFO] ThirdParty:1030 - CMSIS Pack Vendor :STMicroelectronics X-CUBE-SFXS2LP1 4.0.0
2023-04-04 19:03:30,679 [INFO] ThirdParty:1030 - CMSIS Pack Vendor :STMicroelectronics X-CUBE-BLE2 3.3.0
2023-04-04 19:03:30,679 [INFO] ThirdParty:1030 - CMSIS Pack Vendor :STMicroelectronics PDM2PCM 3.2.0
2023-04-04 19:03:30,679 [INFO] ThirdParty:1030 - CMSIS Pack Vendor :STMicroelectronics X-CUBE-AZRTOS-H7 3.0.0
2023-04-04 19:03:30,679 [INFO] ThirdParty:841 - exiting critical section [change project]
2023-04-04 19:03:30,911 [INFO] PinOutPanel:1499 - setPackage(No Configuration,No Configuration)
2023-04-04 19:03:30,911 [INFO] PinOutPanel:1499 - setPackage(STM32F405RGTx,LQFP64)
2023-04-04 19:03:31,143 [INFO] UtilMem:75 - Before build in PCC Used Memory: 272137696 Bytes (332398592)
2023-04-04 19:03:31,566 [ERROR] LogOutputStream:75 - [STDERR_REDIRECT] SLF4J: Failed to load class "org.slf4j.impl.StaticLoggerBinder".
2023-04-04 19:03:31,566 [ERROR] LogOutputStream:75 - [STDERR_REDIRECT] SLF4J: Defaulting to no-operation (NOP) logger implementation
2023-04-04 19:03:31,566 [ERROR] LogOutputStream:75 - [STDERR_REDIRECT] SLF4J: See http://www.slf4j.org/codes.html#StaticLoggerBinder for further details.
2023-04-04 19:03:31,713 [INFO] UtilMem:75 - After build in PCC Used Memory: 248354688 Bytes (332398592)
2023-04-04 19:03:31,728 [INFO] IPUIPlugin:80 - create IPUIPlugin
2023-04-04 19:03:31,728 [INFO] IPUIPlugin:80 - create IPUIPlugin
2023-04-04 19:03:31,728 [INFO] IPUIPlugin:80 - create IPUIPlugin
2023-04-04 19:03:31,728 [INFO] IPUIPlugin:80 - create IPUIPlugin
2023-04-04 19:03:31,728 [INFO] IPUIPlugin:80 - create IPUIPlugin
2023-04-04 19:03:31,728 [INFO] IPUIPlugin:80 - create IPUIPlugin
2023-04-04 19:03:31,728 [INFO] IPUIPlugin:80 - create IPUIPlugin
2023-04-04 19:03:31,728 [INFO] IPUIPlugin:80 - create IPUIPlugin
2023-04-04 19:03:31,728 [INFO] IPUIPlugin:80 - create IPUIPlugin
2023-04-04 19:03:31,728 [INFO] IPUIPlugin:80 - create IPUIPlugin
2023-04-04 19:03:31,728 [INFO] IPUIPlugin:80 - create IPUIPlugin
2023-04-04 19:03:31,728 [INFO] IPUIPlugin:80 - create IPUIPlugin
2023-04-04 19:03:31,728 [INFO] IPUIPlugin:80 - create IPUIPlugin
2023-04-04 19:03:31,728 [INFO] IPUIPlugin:80 - create IPUIPlugin
2023-04-04 19:03:31,728 [INFO] IPUIPlugin:80 - create IPUIPlugin
2023-04-04 19:03:31,728 [INFO] IPUIPlugin:80 - create IPUIPlugin
2023-04-04 19:03:31,728 [INFO] IPUIPlugin:80 - create IPUIPlugin
2023-04-04 19:03:31,728 [INFO] IPUIPlugin:80 - create IPUIPlugin
2023-04-04 19:03:31,728 [INFO] IPUIPlugin:80 - create IPUIPlugin
2023-04-04 19:03:31,728 [INFO] IPUIPlugin:80 - create IPUIPlugin
2023-04-04 19:03:31,728 [INFO] IPUIPlugin:80 - create IPUIPlugin
2023-04-04 19:03:31,728 [INFO] IPUIPlugin:80 - create IPUIPlugin
2023-04-04 19:03:31,728 [INFO] IPUIPlugin:80 - create IPUIPlugin
2023-04-04 19:03:31,728 [INFO] IPUIPlugin:80 - create IPUIPlugin
2023-04-04 19:03:31,728 [INFO] IPUIPlugin:80 - create IPUIPlugin
2023-04-04 19:03:31,728 [INFO] IPUIPlugin:80 - create IPUIPlugin
2023-04-04 19:03:31,728 [INFO] IPUIPlugin:80 - create IPUIPlugin
2023-04-04 19:03:31,728 [INFO] IPUIPlugin:80 - create IPUIPlugin
2023-04-04 19:03:31,728 [INFO] IPUIPlugin:80 - create IPUIPlugin
2023-04-04 19:03:31,728 [INFO] IPUIPlugin:80 - create IPUIPlugin
2023-04-04 19:03:31,728 [INFO] IPUIPlugin:80 - create IPUIPlugin
2023-04-04 19:03:31,728 [INFO] IPUIPlugin:80 - create IPUIPlugin
2023-04-04 19:03:31,728 [INFO] IPUIPlugin:80 - create IPUIPlugin
2023-04-04 19:03:31,728 [INFO] IPUIPlugin:80 - create IPUIPlugin
2023-04-04 19:03:31,728 [INFO] IPUIPlugin:80 - create IPUIPlugin
2023-04-04 19:03:31,728 [INFO] IPUIPlugin:80 - create IPUIPlugin
2023-04-04 19:03:31,728 [INFO] IPUIPlugin:80 - create IPUIPlugin
2023-04-04 19:03:31,728 [INFO] IPUIPlugin:80 - create IPUIPlugin
2023-04-04 19:03:31,728 [INFO] IPUIPlugin:80 - create IPUIPlugin
2023-04-04 19:03:31,728 [INFO] IPUIPlugin:80 - create IPUIPlugin
2023-04-04 19:03:31,728 [INFO] IPUIPlugin:80 - create IPUIPlugin
2023-04-04 19:03:31,728 [INFO] IPUIPlugin:80 - create IPUIPlugin
2023-04-04 19:03:31,728 [INFO] IPUIPlugin:80 - create IPUIPlugin
2023-04-04 19:03:31,728 [INFO] IPUIPlugin:80 - create IPUIPlugin
2023-04-04 19:03:31,728 [INFO] IPUIPlugin:80 - create IPUIPlugin
2023-04-04 19:03:31,728 [INFO] IPUIPlugin:80 - create IPUIPlugin
2023-04-04 19:03:31,728 [INFO] IPUIPlugin:80 - create IPUIPlugin
2023-04-04 19:03:31,728 [INFO] IPUIPlugin:80 - create IPUIPlugin
2023-04-04 19:03:31,728 [INFO] IPUIPlugin:80 - create IPUIPlugin
2023-04-04 19:03:31,728 [INFO] IPUIPlugin:80 - create IPUIPlugin
2023-04-04 19:03:31,728 [INFO] IPUIPlugin:80 - create IPUIPlugin
2023-04-04 19:03:31,728 [INFO] IPUIPlugin:80 - create IPUIPlugin
2023-04-04 19:03:31,728 [INFO] IPUIPlugin:80 - create IPUIPlugin
2023-04-04 19:03:31,728 [INFO] IPUIPlugin:80 - create IPUIPlugin
2023-04-04 19:03:31,782 [INFO] ApiDbMcu:507 - Load IP Config File for PDM2PCM
2023-04-04 19:03:31,797 [INFO] Can:71 - Can Add PropertyChangeListener com.st.microxplorer.plugins.ip.can.Can@24ddd968
2023-04-04 19:03:31,913 [INFO] CADModel:165 - CPN selected for project levelSTM32F405RGT6
2023-04-04 19:03:31,913 [INFO] CADModel:114 - Register for checkConnection events
2023-04-04 19:03:31,966 [INFO] OpenFileManager:328 - Restore cursor
2023-04-04 19:29:58,103 [INFO] UtilMem:75 - End SaveConfig() Used Memory: 197563568 Bytes (500170752)
2023-04-04 19:29:59,370 [INFO] UtilMem:75 - End SaveConfig() Used Memory: 220632240 Bytes (500170752)
2023-04-04 19:30:02,094 [INFO] UtilMem:75 - End SaveConfig() Used Memory: 275684528 Bytes (500170752)
2023-04-04 19:30:02,880 [INFO] BlockDiagram:2759 - set Specific Code input for plugin: CAN
2023-04-04 19:30:02,880 [INFO] BlockDiagram:2759 - set Specific Code input for plugin: RCC
2023-04-04 19:30:02,880 [INFO] BlockDiagram:2759 - set Specific Code input for plugin: NVIC
2023-04-04 19:30:02,880 [INFO] BlockDiagram:2759 - set Specific Code input for plugin: GPIO
2023-04-04 19:30:02,880 [INFO] CodeGenerator:793 - code generatio: config db path: C:\ST\STM32CubeIDE_1.12.0\STM32CubeIDE\plugins\com.st.stm32cube.common.mx_6.8.0.202302231600\\db\
2023-04-04 19:30:02,996 [INFO] CodeEngine:255 - oldGeneratedFile, C:\Users\ktp21\STM32CubeIDE\workspace_1.12.0\CANtest\MXTmpFiles\license.tmp_save
2023-04-04 19:30:03,219 [INFO] CodeEngine:279 - Generated code: C:\Users\ktp21\STM32CubeIDE\workspace_1.12.0\CANtest\MXTmpFiles\license.tmp
2023-04-04 19:30:03,281 [INFO] CodeEngine:255 - oldGeneratedFile, C:\Users\ktp21\STM32CubeIDE\workspace_1.12.0\CANtest\MXTmpFiles\gpio.tmp_save
2023-04-04 19:30:03,366 [INFO] CodeEngine:279 - Generated code: C:\Users\ktp21\STM32CubeIDE\workspace_1.12.0\CANtest\MXTmpFiles\gpio.tmp
2023-04-04 19:30:03,413 [INFO] CodeEngine:255 - oldGeneratedFile, C:\Users\ktp21\STM32CubeIDE\workspace_1.12.0\CANtest\Core\Src\stm32f4xx_it.c_save
2023-04-04 19:30:03,482 [INFO] CodeEngine:279 - Generated code: C:\Users\ktp21\STM32CubeIDE\workspace_1.12.0\CANtest\Core\Src\stm32f4xx_it.c
2023-04-04 19:30:03,497 [INFO] CodeEngine:255 - oldGeneratedFile, C:\Users\ktp21\STM32CubeIDE\workspace_1.12.0\CANtest\Core\Inc\stm32f4xx_it.h_save
2023-04-04 19:30:03,535 [INFO] CodeEngine:279 - Generated code: C:\Users\ktp21\STM32CubeIDE\workspace_1.12.0\CANtest\Core\Inc\stm32f4xx_it.h
2023-04-04 19:30:03,566 [INFO] CodeEngine:255 - oldGeneratedFile, C:\Users\ktp21\STM32CubeIDE\workspace_1.12.0\CANtest\Core\Src\stm32f4xx_hal_msp.c_save
2023-04-04 19:30:03,635 [INFO] CodeEngine:279 - Generated code: C:\Users\ktp21\STM32CubeIDE\workspace_1.12.0\CANtest\Core\Src\stm32f4xx_hal_msp.c
2023-04-04 19:30:03,635 [INFO] CodeEngine:255 - oldGeneratedFile, C:\Users\ktp21\STM32CubeIDE\workspace_1.12.0\CANtest\MXTmpFiles\system.tmp_save
2023-04-04 19:30:03,666 [INFO] CodeEngine:279 - Generated code: C:\Users\ktp21\STM32CubeIDE\workspace_1.12.0\CANtest\MXTmpFiles\system.tmp
2023-04-04 19:30:03,682 [INFO] CodeEngine:311 - oldGeneratedFile, C:\Users\ktp21\STM32CubeIDE\workspace_1.12.0\CANtest\Core\Inc\stm32f4xx_hal_conf.h_save
2023-04-04 19:30:03,761 [INFO] CodeEngine:335 - Generated code: C:\Users\ktp21\STM32CubeIDE\workspace_1.12.0\CANtest\Core\Inc\stm32f4xx_hal_conf.h
2023-04-04 19:30:03,793 [INFO] CodeEngine:255 - oldGeneratedFile, C:\Users\ktp21\STM32CubeIDE\workspace_1.12.0\CANtest\Core\Inc\main.h_save
2023-04-04 19:30:03,851 [INFO] CodeEngine:279 - Generated code: C:\Users\ktp21\STM32CubeIDE\workspace_1.12.0\CANtest\Core\Inc\main.h
2023-04-04 19:30:03,867 [INFO] CodeEngine:255 - oldGeneratedFile, C:\Users\ktp21\STM32CubeIDE\workspace_1.12.0\CANtest\Core\Src\main.c_save
2023-04-04 19:30:03,936 [INFO] CodeEngine:279 - Generated code: C:\Users\ktp21\STM32CubeIDE\workspace_1.12.0\CANtest\Core\Src\main.c
2023-04-04 19:30:04,483 [INFO] ProjectBuilder:2996 - Time for Copy HAL[1] : 316mS.
2023-04-04 19:30:04,499 [INFO] ProjectBuilder:4304 - Project Generator version: 3.19.2
2023-04-04 19:30:04,683 [INFO] ConfigFileManager:1483 - The Die is : DIE413
2023-04-04 19:30:04,699 [INFO] ApiDbMcu:507 - Load IP Config File for FATFS
2023-04-04 19:30:04,699 [INFO] ApiDbMcu:507 - Load IP Config File for FREERTOS
2023-04-04 19:30:04,715 [INFO] ApiDbMcu:507 - Load IP Config File for LIBJPEG
2023-04-04 19:30:04,721 [INFO] ApiDbMcu:507 - Load IP Config File for MBEDTLS
2023-04-04 19:30:04,721 [INFO] ApiDbMcu:507 - Load IP Config File for USB_DEVICE
2023-04-04 19:30:04,737 [INFO] ApiDbMcu:507 - Load IP Config File for USB_HOST
2023-04-04 19:30:05,396 [INFO] LogOutputStream:77 - [STDOUT_REDIRECT] 
2023-04-04 19:30:06,352 [INFO] ProjectBuilder:4505 - Time for Generating toolchain IDE Files: 1853mS.
2023-04-04 19:30:06,352 [INFO] ProjectBuilder:2867 - Time for Copy CMSIS : 0mS.
2023-04-04 19:30:06,352 [INFO] ProjectBuilder:2867 - Time for Copy CMSIS : 0mS.
2023-04-04 19:57:26,125 [INFO] NvicIntPanel:101 - NVIC parent = com.st.microxplorer.plugins.ip.nvic.MultiNvicIntPanel[,0,0,0x0,invalid,layout=javax.swing.BoxLayout,alignmentX=0.0,alignmentY=0.0,border=,flags=9,maximumSize=,minimumSize=,preferredSize=]
2023-04-04 19:57:39,180 [INFO] NvicIntPanel:101 - NVIC parent = com.st.microxplorer.plugins.ip.nvic.MultiNvicIntPanel[,0,0,0x0,invalid,layout=javax.swing.BoxLayout,alignmentX=0.0,alignmentY=0.0,border=,flags=9,maximumSize=,minimumSize=,preferredSize=]
2023-04-04 19:57:39,218 [INFO] NvicIntPanel:101 - NVIC parent = com.st.microxplorer.plugins.ip.nvic.MultiNvicIntPanel[,0,0,0x0,invalid,layout=javax.swing.BoxLayout,alignmentX=0.0,alignmentY=0.0,border=,flags=9,maximumSize=,minimumSize=,preferredSize=]
2023-04-04 19:57:41,068 [INFO] NvicIntPanel:101 - NVIC parent = com.st.microxplorer.plugins.ip.nvic.MultiNvicIntPanel[,0,0,0x0,invalid,layout=javax.swing.BoxLayout,alignmentX=0.0,alignmentY=0.0,border=,flags=9,maximumSize=,minimumSize=,preferredSize=]
2023-04-04 19:57:42,601 [INFO] NvicIntPanel:101 - NVIC parent = com.st.microxplorer.plugins.ip.nvic.MultiNvicIntPanel[,0,0,0x0,invalid,layout=javax.swing.BoxLayout,alignmentX=0.0,alignmentY=0.0,border=,flags=9,maximumSize=,minimumSize=,preferredSize=]
2023-04-04 19:57:46,718 [INFO] NvicIntPanel:101 - NVIC parent = com.st.microxplorer.plugins.ip.nvic.MultiNvicIntPanel[,0,0,0x0,invalid,layout=javax.swing.BoxLayout,alignmentX=0.0,alignmentY=0.0,border=,flags=9,maximumSize=,minimumSize=,preferredSize=]
2023-04-04 19:57:46,775 [INFO] NvicIntPanel:101 - NVIC parent = com.st.microxplorer.plugins.ip.nvic.MultiNvicIntPanel[,0,0,0x0,invalid,layout=javax.swing.BoxLayout,alignmentX=0.0,alignmentY=0.0,border=,flags=9,maximumSize=,minimumSize=,preferredSize=]
2023-04-04 19:57:51,478 [INFO] NvicIntPanel:101 - NVIC parent = com.st.microxplorer.plugins.ip.nvic.MultiNvicIntPanel[,0,0,0x0,invalid,layout=javax.swing.BoxLayout,alignmentX=0.0,alignmentY=0.0,border=,flags=9,maximumSize=,minimumSize=,preferredSize=]
2023-04-04 19:57:51,509 [INFO] NvicIntPanel:101 - NVIC parent = com.st.microxplorer.plugins.ip.nvic.MultiNvicIntPanel[,0,0,0x0,invalid,layout=javax.swing.BoxLayout,alignmentX=0.0,alignmentY=0.0,border=,flags=9,maximumSize=,minimumSize=,preferredSize=]
2023-04-04 19:57:54,654 [INFO] NvicIntPanel:101 - NVIC parent = com.st.microxplorer.plugins.ip.nvic.MultiNvicIntPanel[,0,0,0x0,invalid,layout=javax.swing.BoxLayout,alignmentX=0.0,alignmentY=0.0,border=,flags=9,maximumSize=,minimumSize=,preferredSize=]
2023-04-04 19:57:54,701 [INFO] NvicIntPanel:101 - NVIC parent = com.st.microxplorer.plugins.ip.nvic.MultiNvicIntPanel[,0,0,0x0,invalid,layout=javax.swing.BoxLayout,alignmentX=0.0,alignmentY=0.0,border=,flags=9,maximumSize=,minimumSize=,preferredSize=]
2023-04-04 19:57:56,977 [INFO] NvicIntPanel:101 - NVIC parent = com.st.microxplorer.plugins.ip.nvic.MultiNvicIntPanel[,0,0,0x0,invalid,layout=javax.swing.BoxLayout,alignmentX=0.0,alignmentY=0.0,border=,flags=9,maximumSize=,minimumSize=,preferredSize=]
2023-04-04 19:57:57,008 [INFO] NvicIntPanel:101 - NVIC parent = com.st.microxplorer.plugins.ip.nvic.MultiNvicIntPanel[,0,0,0x0,invalid,layout=javax.swing.BoxLayout,alignmentX=0.0,alignmentY=0.0,border=,flags=9,maximumSize=,minimumSize=,preferredSize=]
2023-04-04 19:58:09,789 [INFO] UtilMem:75 - End SaveConfig() Used Memory: 485720280 Bytes (574619648)
2023-04-04 19:58:11,954 [INFO] UtilMem:75 - End SaveConfig() Used Memory: 275959880 Bytes (574619648)
2023-04-04 19:58:15,872 [INFO] UtilMem:75 - End SaveConfig() Used Memory: 325242952 Bytes (574619648)
2023-04-04 19:58:15,970 [INFO] BlockDiagram:2759 - set Specific Code input for plugin: CAN
2023-04-04 19:58:15,970 [INFO] BlockDiagram:2759 - set Specific Code input for plugin: RCC
2023-04-04 19:58:15,970 [INFO] BlockDiagram:2759 - set Specific Code input for plugin: NVIC
2023-04-04 19:58:15,970 [INFO] BlockDiagram:2759 - set Specific Code input for plugin: GPIO
2023-04-04 19:58:15,970 [INFO] CodeGenerator:793 - code generatio: config db path: C:\ST\STM32CubeIDE_1.12.0\STM32CubeIDE\plugins\com.st.stm32cube.common.mx_6.8.0.202302231600\\db\
2023-04-04 19:58:16,061 [INFO] CodeEngine:255 - oldGeneratedFile, C:\Users\ktp21\STM32CubeIDE\workspace_1.12.0\CANtest\MXTmpFiles\license.tmp_save
2023-04-04 19:58:16,098 [INFO] CodeEngine:279 - Generated code: C:\Users\ktp21\STM32CubeIDE\workspace_1.12.0\CANtest\MXTmpFiles\license.tmp
2023-04-04 19:58:16,114 [INFO] CodeEngine:255 - oldGeneratedFile, C:\Users\ktp21\STM32CubeIDE\workspace_1.12.0\CANtest\MXTmpFiles\gpio.tmp_save
2023-04-04 19:58:16,199 [INFO] CodeEngine:279 - Generated code: C:\Users\ktp21\STM32CubeIDE\workspace_1.12.0\CANtest\MXTmpFiles\gpio.tmp
2023-04-04 19:58:16,214 [INFO] CodeEngine:255 - oldGeneratedFile, C:\Users\ktp21\STM32CubeIDE\workspace_1.12.0\CANtest\Core\Src\stm32f4xx_it.c_save
2023-04-04 19:58:16,299 [INFO] CodeEngine:279 - Generated code: C:\Users\ktp21\STM32CubeIDE\workspace_1.12.0\CANtest\Core\Src\stm32f4xx_it.c
2023-04-04 19:58:16,314 [INFO] CodeEngine:255 - oldGeneratedFile, C:\Users\ktp21\STM32CubeIDE\workspace_1.12.0\CANtest\Core\Inc\stm32f4xx_it.h_save
2023-04-04 19:58:16,361 [INFO] CodeEngine:279 - Generated code: C:\Users\ktp21\STM32CubeIDE\workspace_1.12.0\CANtest\Core\Inc\stm32f4xx_it.h
2023-04-04 19:58:16,399 [INFO] CodeEngine:255 - oldGeneratedFile, C:\Users\ktp21\STM32CubeIDE\workspace_1.12.0\CANtest\Core\Src\stm32f4xx_hal_msp.c_save
2023-04-04 19:58:16,457 [INFO] CodeEngine:279 - Generated code: C:\Users\ktp21\STM32CubeIDE\workspace_1.12.0\CANtest\Core\Src\stm32f4xx_hal_msp.c
2023-04-04 19:58:16,457 [INFO] CodeEngine:255 - oldGeneratedFile, C:\Users\ktp21\STM32CubeIDE\workspace_1.12.0\CANtest\MXTmpFiles\system.tmp_save
2023-04-04 19:58:16,489 [INFO] CodeEngine:279 - Generated code: C:\Users\ktp21\STM32CubeIDE\workspace_1.12.0\CANtest\MXTmpFiles\system.tmp
2023-04-04 19:58:16,499 [INFO] CodeEngine:311 - oldGeneratedFile, C:\Users\ktp21\STM32CubeIDE\workspace_1.12.0\CANtest\Core\Inc\stm32f4xx_hal_conf.h_save
2023-04-04 19:58:16,547 [INFO] CodeEngine:335 - Generated code: C:\Users\ktp21\STM32CubeIDE\workspace_1.12.0\CANtest\Core\Inc\stm32f4xx_hal_conf.h
2023-04-04 19:58:16,563 [INFO] CodeEngine:255 - oldGeneratedFile, C:\Users\ktp21\STM32CubeIDE\workspace_1.12.0\CANtest\Core\Inc\main.h_save
2023-04-04 19:58:16,615 [INFO] CodeEngine:279 - Generated code: C:\Users\ktp21\STM32CubeIDE\workspace_1.12.0\CANtest\Core\Inc\main.h
2023-04-04 19:58:16,615 [INFO] CodeEngine:255 - oldGeneratedFile, C:\Users\ktp21\STM32CubeIDE\workspace_1.12.0\CANtest\Core\Src\main.c_save
2023-04-04 19:58:16,677 [INFO] CodeEngine:279 - Generated code: C:\Users\ktp21\STM32CubeIDE\workspace_1.12.0\CANtest\Core\Src\main.c
2023-04-04 19:58:17,216 [INFO] ProjectBuilder:2996 - Time for Copy HAL[1] : 300mS.
2023-04-04 19:58:17,216 [INFO] ProjectBuilder:4304 - Project Generator version: 3.19.2
2023-04-04 19:58:17,379 [INFO] ConfigFileManager:1483 - The Die is : DIE413
2023-04-04 19:58:18,049 [INFO] ProjectBuilder:4505 - Time for Generating toolchain IDE Files: 833mS.
2023-04-04 19:58:18,049 [INFO] ProjectBuilder:2867 - Time for Copy CMSIS : 0mS.
2023-04-04 19:58:18,049 [INFO] ProjectBuilder:2867 - Time for Copy CMSIS : 0mS.
