2023-04-05 13:50:46,966 [INFO] UtilMem:75 - End SaveConfig() Used Memory: 504023704 Bytes (715128832)
2023-04-05 13:50:48,854 [INFO] UtilMem:75 - End SaveConfig() Used Memory: 551209624 Bytes (715128832)
2023-04-05 13:50:50,378 [INFO] UtilMem:75 - End SaveConfig() Used Memory: 614646424 Bytes (715128832)
2023-04-05 13:50:50,511 [INFO] BlockDiagram:2759 - set Specific Code input for plugin: CAN
2023-04-05 13:50:50,511 [INFO] BlockDiagram:2759 - set Specific Code input for plugin: RCC
2023-04-05 13:50:50,511 [INFO] BlockDiagram:2759 - set Specific Code input for plugin: NVIC
2023-04-05 13:50:50,511 [INFO] BlockDiagram:2759 - set Specific Code input for plugin: GPIO
2023-04-05 13:50:50,511 [INFO] CodeGenerator:793 - code generatio: config db path: C:\ST\STM32CubeIDE_1.12.0\STM32CubeIDE\plugins\com.st.stm32cube.common.mx_6.8.0.202302231600\\db\
2023-04-05 13:50:50,596 [INFO] CodeEngine:255 - oldGeneratedFile, C:\Users\ktp21\STM32CubeIDE\workspace_1.12.0\CANtest\MXTmpFiles\license.tmp_save
2023-04-05 13:50:50,636 [INFO] CodeEngine:279 - Generated code: C:\Users\ktp21\STM32CubeIDE\workspace_1.12.0\CANtest\MXTmpFiles\license.tmp
2023-04-05 13:50:50,651 [INFO] CodeEngine:255 - oldGeneratedFile, C:\Users\ktp21\STM32CubeIDE\workspace_1.12.0\CANtest\MXTmpFiles\gpio.tmp_save
2023-04-05 13:50:50,696 [INFO] CodeEngine:279 - Generated code: C:\Users\ktp21\STM32CubeIDE\workspace_1.12.0\CANtest\MXTmpFiles\gpio.tmp
2023-04-05 13:50:50,711 [INFO] CodeEngine:255 - oldGeneratedFile, C:\Users\ktp21\STM32CubeIDE\workspace_1.12.0\CANtest\Core\Src\stm32f4xx_it.c_save
2023-04-05 13:50:50,789 [INFO] CodeEngine:279 - Generated code: C:\Users\ktp21\STM32CubeIDE\workspace_1.12.0\CANtest\Core\Src\stm32f4xx_it.c
2023-04-05 13:50:50,796 [INFO] CodeEngine:255 - oldGeneratedFile, C:\Users\ktp21\STM32CubeIDE\workspace_1.12.0\CANtest\Core\Inc\stm32f4xx_it.h_save
2023-04-05 13:50:50,827 [INFO] CodeEngine:279 - Generated code: C:\Users\ktp21\STM32CubeIDE\workspace_1.12.0\CANtest\Core\Inc\stm32f4xx_it.h
2023-04-05 13:50:50,843 [INFO] CodeEngine:255 - oldGeneratedFile, C:\Users\ktp21\STM32CubeIDE\workspace_1.12.0\CANtest\Core\Src\stm32f4xx_hal_msp.c_save
2023-04-05 13:50:50,912 [INFO] CodeEngine:279 - Generated code: C:\Users\ktp21\STM32CubeIDE\workspace_1.12.0\CANtest\Core\Src\stm32f4xx_hal_msp.c
2023-04-05 13:50:50,912 [INFO] CodeEngine:255 - oldGeneratedFile, C:\Users\ktp21\STM32CubeIDE\workspace_1.12.0\CANtest\MXTmpFiles\system.tmp_save
2023-04-05 13:50:50,943 [INFO] CodeEngine:279 - Generated code: C:\Users\ktp21\STM32CubeIDE\workspace_1.12.0\CANtest\MXTmpFiles\system.tmp
2023-04-05 13:50:50,959 [INFO] CodeEngine:311 - oldGeneratedFile, C:\Users\ktp21\STM32CubeIDE\workspace_1.12.0\CANtest\Core\Inc\stm32f4xx_hal_conf.h_save
2023-04-05 13:50:50,996 [INFO] CodeEngine:335 - Generated code: C:\Users\ktp21\STM32CubeIDE\workspace_1.12.0\CANtest\Core\Inc\stm32f4xx_hal_conf.h
2023-04-05 13:50:51,028 [INFO] CodeEngine:255 - oldGeneratedFile, C:\Users\ktp21\STM32CubeIDE\workspace_1.12.0\CANtest\Core\Inc\main.h_save
2023-04-05 13:50:51,074 [INFO] CodeEngine:279 - Generated code: C:\Users\ktp21\STM32CubeIDE\workspace_1.12.0\CANtest\Core\Inc\main.h
2023-04-05 13:50:51,074 [INFO] CodeEngine:255 - oldGeneratedFile, C:\Users\ktp21\STM32CubeIDE\workspace_1.12.0\CANtest\Core\Src\main.c_save
2023-04-05 13:50:51,128 [INFO] CodeEngine:279 - Generated code: C:\Users\ktp21\STM32CubeIDE\workspace_1.12.0\CANtest\Core\Src\main.c
2023-04-05 13:50:51,675 [INFO] ProjectBuilder:2996 - Time for Copy HAL[1] : 300mS.
2023-04-05 13:50:51,675 [INFO] ProjectBuilder:4304 - Project Generator version: 3.19.2
2023-04-05 13:50:51,780 [INFO] ConfigFileManager:1483 - The Die is : DIE413
2023-04-05 13:50:52,357 [INFO] ProjectBuilder:4505 - Time for Generating toolchain IDE Files: 682mS.
2023-04-05 13:50:52,357 [INFO] ProjectBuilder:2867 - Time for Copy CMSIS : 0mS.
2023-04-05 13:50:52,357 [INFO] ProjectBuilder:2867 - Time for Copy CMSIS : 0mS.
2023-04-05 13:51:51,696 [INFO] UtilMem:75 - End SaveConfig() Used Memory: 610053720 Bytes (756023296)
2023-04-05 13:51:53,113 [INFO] UtilMem:75 - End SaveConfig() Used Memory: 640462424 Bytes (756023296)
2023-04-05 13:51:55,453 [INFO] UtilMem:75 - End SaveConfig() Used Memory: 275416504 Bytes (756023296)
2023-04-05 13:51:55,570 [INFO] BlockDiagram:2759 - set Specific Code input for plugin: CAN
2023-04-05 13:51:55,570 [INFO] BlockDiagram:2759 - set Specific Code input for plugin: RCC
2023-04-05 13:51:55,570 [INFO] BlockDiagram:2759 - set Specific Code input for plugin: NVIC
2023-04-05 13:51:55,570 [INFO] BlockDiagram:2759 - set Specific Code input for plugin: GPIO
2023-04-05 13:51:55,570 [INFO] CodeGenerator:793 - code generatio: config db path: C:\ST\STM32CubeIDE_1.12.0\STM32CubeIDE\plugins\com.st.stm32cube.common.mx_6.8.0.202302231600\\db\
2023-04-05 13:51:55,637 [INFO] CodeEngine:255 - oldGeneratedFile, C:\Users\ktp21\STM32CubeIDE\workspace_1.12.0\CANtest\MXTmpFiles\license.tmp_save
2023-04-05 13:51:55,669 [INFO] CodeEngine:279 - Generated code: C:\Users\ktp21\STM32CubeIDE\workspace_1.12.0\CANtest\MXTmpFiles\license.tmp
2023-04-05 13:51:55,684 [INFO] CodeEngine:255 - oldGeneratedFile, C:\Users\ktp21\STM32CubeIDE\workspace_1.12.0\CANtest\MXTmpFiles\gpio.tmp_save
2023-04-05 13:51:55,722 [INFO] CodeEngine:279 - Generated code: C:\Users\ktp21\STM32CubeIDE\workspace_1.12.0\CANtest\MXTmpFiles\gpio.tmp
2023-04-05 13:51:55,738 [INFO] CodeEngine:255 - oldGeneratedFile, C:\Users\ktp21\STM32CubeIDE\workspace_1.12.0\CANtest\Core\Src\stm32f4xx_it.c_save
2023-04-05 13:51:55,769 [INFO] CodeEngine:279 - Generated code: C:\Users\ktp21\STM32CubeIDE\workspace_1.12.0\CANtest\Core\Src\stm32f4xx_it.c
2023-04-05 13:51:55,769 [INFO] CodeEngine:255 - oldGeneratedFile, C:\Users\ktp21\STM32CubeIDE\workspace_1.12.0\CANtest\Core\Inc\stm32f4xx_it.h_save
2023-04-05 13:51:55,791 [INFO] CodeEngine:279 - Generated code: C:\Users\ktp21\STM32CubeIDE\workspace_1.12.0\CANtest\Core\Inc\stm32f4xx_it.h
2023-04-05 13:51:55,807 [INFO] CodeEngine:255 - oldGeneratedFile, C:\Users\ktp21\STM32CubeIDE\workspace_1.12.0\CANtest\Core\Src\stm32f4xx_hal_msp.c_save
2023-04-05 13:51:55,848 [INFO] CodeEngine:279 - Generated code: C:\Users\ktp21\STM32CubeIDE\workspace_1.12.0\CANtest\Core\Src\stm32f4xx_hal_msp.c
2023-04-05 13:51:55,848 [INFO] CodeEngine:255 - oldGeneratedFile, C:\Users\ktp21\STM32CubeIDE\workspace_1.12.0\CANtest\MXTmpFiles\system.tmp_save
2023-04-05 13:51:55,880 [INFO] CodeEngine:279 - Generated code: C:\Users\ktp21\STM32CubeIDE\workspace_1.12.0\CANtest\MXTmpFiles\system.tmp
2023-04-05 13:51:55,880 [INFO] CodeEngine:311 - oldGeneratedFile, C:\Users\ktp21\STM32CubeIDE\workspace_1.12.0\CANtest\Core\Inc\stm32f4xx_hal_conf.h_save
2023-04-05 13:51:55,922 [INFO] CodeEngine:335 - Generated code: C:\Users\ktp21\STM32CubeIDE\workspace_1.12.0\CANtest\Core\Inc\stm32f4xx_hal_conf.h
2023-04-05 13:51:55,938 [INFO] CodeEngine:255 - oldGeneratedFile, C:\Users\ktp21\STM32CubeIDE\workspace_1.12.0\CANtest\Core\Inc\main.h_save
2023-04-05 13:51:55,969 [INFO] CodeEngine:279 - Generated code: C:\Users\ktp21\STM32CubeIDE\workspace_1.12.0\CANtest\Core\Inc\main.h
2023-04-05 13:51:55,985 [INFO] CodeEngine:255 - oldGeneratedFile, C:\Users\ktp21\STM32CubeIDE\workspace_1.12.0\CANtest\Core\Src\main.c_save
2023-04-05 13:51:56,023 [INFO] CodeEngine:279 - Generated code: C:\Users\ktp21\STM32CubeIDE\workspace_1.12.0\CANtest\Core\Src\main.c
2023-04-05 13:51:56,323 [INFO] ProjectBuilder:2996 - Time for Copy HAL[1] : 69mS.
2023-04-05 13:51:56,323 [INFO] ProjectBuilder:4304 - Project Generator version: 3.19.2
2023-04-05 13:51:56,439 [INFO] ConfigFileManager:1483 - The Die is : DIE413
2023-04-05 13:51:56,953 [INFO] ProjectBuilder:4505 - Time for Generating toolchain IDE Files: 630mS.
2023-04-05 13:51:56,961 [INFO] ProjectBuilder:2867 - Time for Copy CMSIS : 8mS.
2023-04-05 13:51:56,962 [INFO] ProjectBuilder:2867 - Time for Copy CMSIS : 0mS.
2023-04-05 13:56:37,813 [INFO] UtilMem:75 - End SaveConfig() Used Memory: 361867224 Bytes (756023296)
2023-04-05 13:56:40,643 [INFO] UtilMem:75 - End SaveConfig() Used Memory: 415344600 Bytes (756023296)
2023-04-05 13:56:43,247 [INFO] UtilMem:75 - End SaveConfig() Used Memory: 495036376 Bytes (756023296)
2023-04-05 13:56:43,381 [INFO] BlockDiagram:2759 - set Specific Code input for plugin: CAN
2023-04-05 13:56:43,381 [INFO] BlockDiagram:2759 - set Specific Code input for plugin: RCC
2023-04-05 13:56:43,381 [INFO] BlockDiagram:2759 - set Specific Code input for plugin: NVIC
2023-04-05 13:56:43,381 [INFO] BlockDiagram:2759 - set Specific Code input for plugin: GPIO
2023-04-05 13:56:43,381 [INFO] CodeGenerator:793 - code generatio: config db path: C:\ST\STM32CubeIDE_1.12.0\STM32CubeIDE\plugins\com.st.stm32cube.common.mx_6.8.0.202302231600\\db\
2023-04-05 13:56:43,444 [INFO] CodeEngine:255 - oldGeneratedFile, C:\Users\ktp21\STM32CubeIDE\workspace_1.12.0\CANtest\MXTmpFiles\license.tmp_save
2023-04-05 13:56:43,481 [INFO] CodeEngine:279 - Generated code: C:\Users\ktp21\STM32CubeIDE\workspace_1.12.0\CANtest\MXTmpFiles\license.tmp
2023-04-05 13:56:43,481 [INFO] CodeEngine:255 - oldGeneratedFile, C:\Users\ktp21\STM32CubeIDE\workspace_1.12.0\CANtest\MXTmpFiles\gpio.tmp_save
2023-04-05 13:56:43,528 [INFO] CodeEngine:279 - Generated code: C:\Users\ktp21\STM32CubeIDE\workspace_1.12.0\CANtest\MXTmpFiles\gpio.tmp
2023-04-05 13:56:43,528 [INFO] CodeEngine:255 - oldGeneratedFile, C:\Users\ktp21\STM32CubeIDE\workspace_1.12.0\CANtest\Core\Src\stm32f4xx_it.c_save
2023-04-05 13:56:43,574 [INFO] CodeEngine:279 - Generated code: C:\Users\ktp21\STM32CubeIDE\workspace_1.12.0\CANtest\Core\Src\stm32f4xx_it.c
2023-04-05 13:56:43,574 [INFO] CodeEngine:255 - oldGeneratedFile, C:\Users\ktp21\STM32CubeIDE\workspace_1.12.0\CANtest\Core\Inc\stm32f4xx_it.h_save
2023-04-05 13:56:43,606 [INFO] CodeEngine:279 - Generated code: C:\Users\ktp21\STM32CubeIDE\workspace_1.12.0\CANtest\Core\Inc\stm32f4xx_it.h
2023-04-05 13:56:43,606 [INFO] CodeEngine:255 - oldGeneratedFile, C:\Users\ktp21\STM32CubeIDE\workspace_1.12.0\CANtest\Core\Src\stm32f4xx_hal_msp.c_save
2023-04-05 13:56:43,653 [INFO] CodeEngine:279 - Generated code: C:\Users\ktp21\STM32CubeIDE\workspace_1.12.0\CANtest\Core\Src\stm32f4xx_hal_msp.c
2023-04-05 13:56:43,653 [INFO] CodeEngine:255 - oldGeneratedFile, C:\Users\ktp21\STM32CubeIDE\workspace_1.12.0\CANtest\MXTmpFiles\system.tmp_save
2023-04-05 13:56:43,681 [INFO] CodeEngine:279 - Generated code: C:\Users\ktp21\STM32CubeIDE\workspace_1.12.0\CANtest\MXTmpFiles\system.tmp
2023-04-05 13:56:43,697 [INFO] CodeEngine:311 - oldGeneratedFile, C:\Users\ktp21\STM32CubeIDE\workspace_1.12.0\CANtest\Core\Inc\stm32f4xx_hal_conf.h_save
2023-04-05 13:56:43,743 [INFO] CodeEngine:335 - Generated code: C:\Users\ktp21\STM32CubeIDE\workspace_1.12.0\CANtest\Core\Inc\stm32f4xx_hal_conf.h
2023-04-05 13:56:43,759 [INFO] CodeEngine:255 - oldGeneratedFile, C:\Users\ktp21\STM32CubeIDE\workspace_1.12.0\CANtest\Core\Inc\main.h_save
2023-04-05 13:56:43,781 [INFO] CodeEngine:279 - Generated code: C:\Users\ktp21\STM32CubeIDE\workspace_1.12.0\CANtest\Core\Inc\main.h
2023-04-05 13:56:43,797 [INFO] CodeEngine:255 - oldGeneratedFile, C:\Users\ktp21\STM32CubeIDE\workspace_1.12.0\CANtest\Core\Src\main.c_save
2023-04-05 13:56:43,828 [INFO] CodeEngine:279 - Generated code: C:\Users\ktp21\STM32CubeIDE\workspace_1.12.0\CANtest\Core\Src\main.c
2023-04-05 13:56:44,145 [INFO] ProjectBuilder:2996 - Time for Copy HAL[1] : 85mS.
2023-04-05 13:56:44,145 [INFO] ProjectBuilder:4304 - Project Generator version: 3.19.2
2023-04-05 13:56:44,245 [INFO] ConfigFileManager:1483 - The Die is : DIE413
2023-04-05 13:56:44,761 [INFO] ProjectBuilder:4505 - Time for Generating toolchain IDE Files: 616mS.
2023-04-05 13:56:44,761 [INFO] ProjectBuilder:2867 - Time for Copy CMSIS : 0mS.
2023-04-05 13:56:44,777 [INFO] ProjectBuilder:2867 - Time for Copy CMSIS : 0mS.
2023-04-05 13:57:29,187 [INFO] UtilMem:75 - End SaveConfig() Used Memory: 402781152 Bytes (756023296)
2023-04-05 13:57:34,742 [INFO] UtilMem:75 - End SaveConfig() Used Memory: 489812960 Bytes (756023296)
2023-04-05 13:57:37,119 [INFO] UtilMem:75 - End SaveConfig() Used Memory: 289601944 Bytes (756023296)
2023-04-05 13:57:37,225 [INFO] BlockDiagram:2759 - set Specific Code input for plugin: CAN
2023-04-05 13:57:37,225 [INFO] BlockDiagram:2759 - set Specific Code input for plugin: RCC
2023-04-05 13:57:37,225 [INFO] BlockDiagram:2759 - set Specific Code input for plugin: NVIC
2023-04-05 13:57:37,225 [INFO] BlockDiagram:2759 - set Specific Code input for plugin: GPIO
2023-04-05 13:57:37,225 [INFO] CodeGenerator:793 - code generatio: config db path: C:\ST\STM32CubeIDE_1.12.0\STM32CubeIDE\plugins\com.st.stm32cube.common.mx_6.8.0.202302231600\\db\
2023-04-05 13:57:37,288 [INFO] CodeEngine:255 - oldGeneratedFile, C:\Users\ktp21\STM32CubeIDE\workspace_1.12.0\CANtest\MXTmpFiles\license.tmp_save
2023-04-05 13:57:37,319 [INFO] CodeEngine:279 - Generated code: C:\Users\ktp21\STM32CubeIDE\workspace_1.12.0\CANtest\MXTmpFiles\license.tmp
2023-04-05 13:57:37,319 [INFO] CodeEngine:255 - oldGeneratedFile, C:\Users\ktp21\STM32CubeIDE\workspace_1.12.0\CANtest\MXTmpFiles\gpio.tmp_save
2023-04-05 13:57:37,361 [INFO] CodeEngine:279 - Generated code: C:\Users\ktp21\STM32CubeIDE\workspace_1.12.0\CANtest\MXTmpFiles\gpio.tmp
2023-04-05 13:57:37,377 [INFO] CodeEngine:255 - oldGeneratedFile, C:\Users\ktp21\STM32CubeIDE\workspace_1.12.0\CANtest\Core\Src\stm32f4xx_it.c_save
2023-04-05 13:57:37,404 [INFO] CodeEngine:279 - Generated code: C:\Users\ktp21\STM32CubeIDE\workspace_1.12.0\CANtest\Core\Src\stm32f4xx_it.c
2023-04-05 13:57:37,404 [INFO] CodeEngine:255 - oldGeneratedFile, C:\Users\ktp21\STM32CubeIDE\workspace_1.12.0\CANtest\Core\Inc\stm32f4xx_it.h_save
2023-04-05 13:57:37,435 [INFO] CodeEngine:279 - Generated code: C:\Users\ktp21\STM32CubeIDE\workspace_1.12.0\CANtest\Core\Inc\stm32f4xx_it.h
2023-04-05 13:57:37,451 [INFO] CodeEngine:255 - oldGeneratedFile, C:\Users\ktp21\STM32CubeIDE\workspace_1.12.0\CANtest\Core\Src\stm32f4xx_hal_msp.c_save
2023-04-05 13:57:37,489 [INFO] CodeEngine:279 - Generated code: C:\Users\ktp21\STM32CubeIDE\workspace_1.12.0\CANtest\Core\Src\stm32f4xx_hal_msp.c
2023-04-05 13:57:37,489 [INFO] CodeEngine:255 - oldGeneratedFile, C:\Users\ktp21\STM32CubeIDE\workspace_1.12.0\CANtest\MXTmpFiles\system.tmp_save
2023-04-05 13:57:37,520 [INFO] CodeEngine:279 - Generated code: C:\Users\ktp21\STM32CubeIDE\workspace_1.12.0\CANtest\MXTmpFiles\system.tmp
2023-04-05 13:57:37,520 [INFO] CodeEngine:311 - oldGeneratedFile, C:\Users\ktp21\STM32CubeIDE\workspace_1.12.0\CANtest\Core\Inc\stm32f4xx_hal_conf.h_save
2023-04-05 13:57:37,567 [INFO] CodeEngine:335 - Generated code: C:\Users\ktp21\STM32CubeIDE\workspace_1.12.0\CANtest\Core\Inc\stm32f4xx_hal_conf.h
2023-04-05 13:57:37,589 [INFO] CodeEngine:255 - oldGeneratedFile, C:\Users\ktp21\STM32CubeIDE\workspace_1.12.0\CANtest\Core\Inc\main.h_save
2023-04-05 13:57:37,620 [INFO] CodeEngine:279 - Generated code: C:\Users\ktp21\STM32CubeIDE\workspace_1.12.0\CANtest\Core\Inc\main.h
2023-04-05 13:57:37,636 [INFO] CodeEngine:255 - oldGeneratedFile, C:\Users\ktp21\STM32CubeIDE\workspace_1.12.0\CANtest\Core\Src\main.c_save
2023-04-05 13:57:37,667 [INFO] CodeEngine:279 - Generated code: C:\Users\ktp21\STM32CubeIDE\workspace_1.12.0\CANtest\Core\Src\main.c
2023-04-05 13:57:37,952 [INFO] ProjectBuilder:2996 - Time for Copy HAL[1] : 62mS.
2023-04-05 13:57:37,952 [INFO] ProjectBuilder:4304 - Project Generator version: 3.19.2
2023-04-05 13:57:38,052 [INFO] ConfigFileManager:1483 - The Die is : DIE413
2023-04-05 13:57:38,585 [INFO] ProjectBuilder:4505 - Time for Generating toolchain IDE Files: 633mS.
2023-04-05 13:57:38,585 [INFO] ProjectBuilder:2867 - Time for Copy CMSIS : 0mS.
2023-04-05 13:57:38,585 [INFO] ProjectBuilder:2867 - Time for Copy CMSIS : 0mS.
2023-04-05 14:02:21,196 [INFO] UtilMem:75 - End SaveConfig() Used Memory: 566865168 Bytes (756023296)
2023-04-05 14:02:22,558 [INFO] UtilMem:75 - End SaveConfig() Used Memory: 608808208 Bytes (756023296)
2023-04-05 14:02:23,857 [INFO] UtilMem:75 - End SaveConfig() Used Memory: 311939448 Bytes (756023296)
2023-04-05 14:02:23,990 [INFO] BlockDiagram:2759 - set Specific Code input for plugin: CAN
2023-04-05 14:02:23,990 [INFO] BlockDiagram:2759 - set Specific Code input for plugin: RCC
2023-04-05 14:02:23,990 [INFO] BlockDiagram:2759 - set Specific Code input for plugin: NVIC
2023-04-05 14:02:23,990 [INFO] BlockDiagram:2759 - set Specific Code input for plugin: GPIO
2023-04-05 14:02:23,990 [INFO] CodeGenerator:793 - code generatio: config db path: C:\ST\STM32CubeIDE_1.12.0\STM32CubeIDE\plugins\com.st.stm32cube.common.mx_6.8.0.202302231600\\db\
2023-04-05 14:02:24,043 [INFO] CodeEngine:255 - oldGeneratedFile, C:\Users\ktp21\STM32CubeIDE\workspace_1.12.0\CANtest\MXTmpFiles\license.tmp_save
2023-04-05 14:02:24,074 [INFO] CodeEngine:279 - Generated code: C:\Users\ktp21\STM32CubeIDE\workspace_1.12.0\CANtest\MXTmpFiles\license.tmp
2023-04-05 14:02:24,090 [INFO] CodeEngine:255 - oldGeneratedFile, C:\Users\ktp21\STM32CubeIDE\workspace_1.12.0\CANtest\MXTmpFiles\gpio.tmp_save
2023-04-05 14:02:24,127 [INFO] CodeEngine:279 - Generated code: C:\Users\ktp21\STM32CubeIDE\workspace_1.12.0\CANtest\MXTmpFiles\gpio.tmp
2023-04-05 14:02:24,127 [INFO] CodeEngine:255 - oldGeneratedFile, C:\Users\ktp21\STM32CubeIDE\workspace_1.12.0\CANtest\Core\Src\stm32f4xx_it.c_save
2023-04-05 14:02:24,174 [INFO] CodeEngine:279 - Generated code: C:\Users\ktp21\STM32CubeIDE\workspace_1.12.0\CANtest\Core\Src\stm32f4xx_it.c
2023-04-05 14:02:24,174 [INFO] CodeEngine:255 - oldGeneratedFile, C:\Users\ktp21\STM32CubeIDE\workspace_1.12.0\CANtest\Core\Inc\stm32f4xx_it.h_save
2023-04-05 14:02:24,206 [INFO] CodeEngine:279 - Generated code: C:\Users\ktp21\STM32CubeIDE\workspace_1.12.0\CANtest\Core\Inc\stm32f4xx_it.h
2023-04-05 14:02:24,212 [INFO] CodeEngine:255 - oldGeneratedFile, C:\Users\ktp21\STM32CubeIDE\workspace_1.12.0\CANtest\Core\Src\stm32f4xx_hal_msp.c_save
2023-04-05 14:02:24,243 [INFO] CodeEngine:279 - Generated code: C:\Users\ktp21\STM32CubeIDE\workspace_1.12.0\CANtest\Core\Src\stm32f4xx_hal_msp.c
2023-04-05 14:02:24,259 [INFO] CodeEngine:255 - oldGeneratedFile, C:\Users\ktp21\STM32CubeIDE\workspace_1.12.0\CANtest\MXTmpFiles\system.tmp_save
2023-04-05 14:02:24,275 [INFO] CodeEngine:279 - Generated code: C:\Users\ktp21\STM32CubeIDE\workspace_1.12.0\CANtest\MXTmpFiles\system.tmp
2023-04-05 14:02:24,290 [INFO] CodeEngine:311 - oldGeneratedFile, C:\Users\ktp21\STM32CubeIDE\workspace_1.12.0\CANtest\Core\Inc\stm32f4xx_hal_conf.h_save
2023-04-05 14:02:24,329 [INFO] CodeEngine:335 - Generated code: C:\Users\ktp21\STM32CubeIDE\workspace_1.12.0\CANtest\Core\Inc\stm32f4xx_hal_conf.h
2023-04-05 14:02:24,354 [INFO] CodeEngine:255 - oldGeneratedFile, C:\Users\ktp21\STM32CubeIDE\workspace_1.12.0\CANtest\Core\Inc\main.h_save
2023-04-05 14:02:24,386 [INFO] CodeEngine:279 - Generated code: C:\Users\ktp21\STM32CubeIDE\workspace_1.12.0\CANtest\Core\Inc\main.h
2023-04-05 14:02:24,401 [INFO] CodeEngine:255 - oldGeneratedFile, C:\Users\ktp21\STM32CubeIDE\workspace_1.12.0\CANtest\Core\Src\main.c_save
2023-04-05 14:02:24,428 [INFO] CodeEngine:279 - Generated code: C:\Users\ktp21\STM32CubeIDE\workspace_1.12.0\CANtest\Core\Src\main.c
2023-04-05 14:02:24,760 [INFO] ProjectBuilder:2996 - Time for Copy HAL[1] : 100mS.
2023-04-05 14:02:24,760 [INFO] ProjectBuilder:4304 - Project Generator version: 3.19.2
2023-04-05 14:02:24,861 [INFO] ConfigFileManager:1483 - The Die is : DIE413
2023-04-05 14:02:25,400 [INFO] ProjectBuilder:4505 - Time for Generating toolchain IDE Files: 640mS.
2023-04-05 14:02:25,400 [INFO] ProjectBuilder:2867 - Time for Copy CMSIS : 0mS.
2023-04-05 14:02:25,400 [INFO] ProjectBuilder:2867 - Time for Copy CMSIS : 0mS.
2023-04-05 14:08:19,743 [INFO] UtilMem:75 - End SaveConfig() Used Memory: 487850704 Bytes (766509056)
2023-04-05 14:08:20,966 [INFO] UtilMem:75 - End SaveConfig() Used Memory: 522975952 Bytes (766509056)
2023-04-05 14:08:23,336 [INFO] UtilMem:75 - End SaveConfig() Used Memory: 633076432 Bytes (766509056)
2023-04-05 14:08:23,469 [INFO] BlockDiagram:2759 - set Specific Code input for plugin: CAN
2023-04-05 14:08:23,469 [INFO] BlockDiagram:2759 - set Specific Code input for plugin: RCC
2023-04-05 14:08:23,469 [INFO] BlockDiagram:2759 - set Specific Code input for plugin: NVIC
2023-04-05 14:08:23,469 [INFO] BlockDiagram:2759 - set Specific Code input for plugin: GPIO
2023-04-05 14:08:23,469 [INFO] CodeGenerator:793 - code generatio: config db path: C:\ST\STM32CubeIDE_1.12.0\STM32CubeIDE\plugins\com.st.stm32cube.common.mx_6.8.0.202302231600\\db\
2023-04-05 14:08:23,521 [INFO] CodeEngine:255 - oldGeneratedFile, C:\Users\ktp21\STM32CubeIDE\workspace_1.12.0\CANtest\MXTmpFiles\license.tmp_save
2023-04-05 14:08:23,568 [INFO] CodeEngine:279 - Generated code: C:\Users\ktp21\STM32CubeIDE\workspace_1.12.0\CANtest\MXTmpFiles\license.tmp
2023-04-05 14:08:23,568 [INFO] CodeEngine:255 - oldGeneratedFile, C:\Users\ktp21\STM32CubeIDE\workspace_1.12.0\CANtest\MXTmpFiles\gpio.tmp_save
2023-04-05 14:08:23,606 [INFO] CodeEngine:279 - Generated code: C:\Users\ktp21\STM32CubeIDE\workspace_1.12.0\CANtest\MXTmpFiles\gpio.tmp
2023-04-05 14:08:23,621 [INFO] CodeEngine:255 - oldGeneratedFile, C:\Users\ktp21\STM32CubeIDE\workspace_1.12.0\CANtest\Core\Src\stm32f4xx_it.c_save
2023-04-05 14:08:23,653 [INFO] CodeEngine:279 - Generated code: C:\Users\ktp21\STM32CubeIDE\workspace_1.12.0\CANtest\Core\Src\stm32f4xx_it.c
2023-04-05 14:08:23,653 [INFO] CodeEngine:255 - oldGeneratedFile, C:\Users\ktp21\STM32CubeIDE\workspace_1.12.0\CANtest\Core\Inc\stm32f4xx_it.h_save
2023-04-05 14:08:23,684 [INFO] CodeEngine:279 - Generated code: C:\Users\ktp21\STM32CubeIDE\workspace_1.12.0\CANtest\Core\Inc\stm32f4xx_it.h
2023-04-05 14:08:23,690 [INFO] CodeEngine:255 - oldGeneratedFile, C:\Users\ktp21\STM32CubeIDE\workspace_1.12.0\CANtest\Core\Src\stm32f4xx_hal_msp.c_save
2023-04-05 14:08:23,737 [INFO] CodeEngine:279 - Generated code: C:\Users\ktp21\STM32CubeIDE\workspace_1.12.0\CANtest\Core\Src\stm32f4xx_hal_msp.c
2023-04-05 14:08:23,739 [INFO] CodeEngine:255 - oldGeneratedFile, C:\Users\ktp21\STM32CubeIDE\workspace_1.12.0\CANtest\MXTmpFiles\system.tmp_save
2023-04-05 14:08:23,754 [INFO] CodeEngine:279 - Generated code: C:\Users\ktp21\STM32CubeIDE\workspace_1.12.0\CANtest\MXTmpFiles\system.tmp
2023-04-05 14:08:23,770 [INFO] CodeEngine:311 - oldGeneratedFile, C:\Users\ktp21\STM32CubeIDE\workspace_1.12.0\CANtest\Core\Inc\stm32f4xx_hal_conf.h_save
2023-04-05 14:08:23,806 [INFO] CodeEngine:335 - Generated code: C:\Users\ktp21\STM32CubeIDE\workspace_1.12.0\CANtest\Core\Inc\stm32f4xx_hal_conf.h
2023-04-05 14:08:23,821 [INFO] CodeEngine:255 - oldGeneratedFile, C:\Users\ktp21\STM32CubeIDE\workspace_1.12.0\CANtest\Core\Inc\main.h_save
2023-04-05 14:08:23,852 [INFO] CodeEngine:279 - Generated code: C:\Users\ktp21\STM32CubeIDE\workspace_1.12.0\CANtest\Core\Inc\main.h
2023-04-05 14:08:23,868 [INFO] CodeEngine:255 - oldGeneratedFile, C:\Users\ktp21\STM32CubeIDE\workspace_1.12.0\CANtest\Core\Src\main.c_save
2023-04-05 14:08:23,906 [INFO] CodeEngine:279 - Generated code: C:\Users\ktp21\STM32CubeIDE\workspace_1.12.0\CANtest\Core\Src\main.c
2023-04-05 14:08:24,191 [INFO] ProjectBuilder:2996 - Time for Copy HAL[1] : 53mS.
2023-04-05 14:08:24,207 [INFO] ProjectBuilder:4304 - Project Generator version: 3.19.2
2023-04-05 14:08:24,353 [INFO] ConfigFileManager:1483 - The Die is : DIE413
2023-04-05 14:08:24,856 [INFO] ProjectBuilder:4505 - Time for Generating toolchain IDE Files: 649mS.
2023-04-05 14:08:24,856 [INFO] ProjectBuilder:2867 - Time for Copy CMSIS : 0mS.
2023-04-05 14:08:24,871 [INFO] ProjectBuilder:2867 - Time for Copy CMSIS : 0mS.
2023-04-05 14:09:42,925 [INFO] UtilMem:75 - End SaveConfig() Used Memory: 372924336 Bytes (816840704)
2023-04-05 14:09:44,288 [INFO] UtilMem:75 - End SaveConfig() Used Memory: 414345136 Bytes (816840704)
2023-04-05 14:09:45,916 [INFO] UtilMem:75 - End SaveConfig() Used Memory: 483551152 Bytes (816840704)
2023-04-05 14:09:46,007 [INFO] BlockDiagram:2759 - set Specific Code input for plugin: CAN
2023-04-05 14:09:46,007 [INFO] BlockDiagram:2759 - set Specific Code input for plugin: RCC
2023-04-05 14:09:46,007 [INFO] BlockDiagram:2759 - set Specific Code input for plugin: NVIC
2023-04-05 14:09:46,007 [INFO] BlockDiagram:2759 - set Specific Code input for plugin: GPIO
2023-04-05 14:09:46,007 [INFO] CodeGenerator:793 - code generatio: config db path: C:\ST\STM32CubeIDE_1.12.0\STM32CubeIDE\plugins\com.st.stm32cube.common.mx_6.8.0.202302231600\\db\
2023-04-05 14:09:46,107 [INFO] CodeEngine:255 - oldGeneratedFile, C:\Users\ktp21\STM32CubeIDE\workspace_1.12.0\CANtest\MXTmpFiles\license.tmp_save
2023-04-05 14:09:46,161 [INFO] CodeEngine:279 - Generated code: C:\Users\ktp21\STM32CubeIDE\workspace_1.12.0\CANtest\MXTmpFiles\license.tmp
2023-04-05 14:09:46,176 [INFO] CodeEngine:255 - oldGeneratedFile, C:\Users\ktp21\STM32CubeIDE\workspace_1.12.0\CANtest\MXTmpFiles\gpio.tmp_save
2023-04-05 14:09:46,208 [INFO] CodeEngine:279 - Generated code: C:\Users\ktp21\STM32CubeIDE\workspace_1.12.0\CANtest\MXTmpFiles\gpio.tmp
2023-04-05 14:09:46,223 [INFO] CodeEngine:255 - oldGeneratedFile, C:\Users\ktp21\STM32CubeIDE\workspace_1.12.0\CANtest\Core\Src\stm32f4xx_it.c_save
2023-04-05 14:09:46,261 [INFO] CodeEngine:279 - Generated code: C:\Users\ktp21\STM32CubeIDE\workspace_1.12.0\CANtest\Core\Src\stm32f4xx_it.c
2023-04-05 14:09:46,261 [INFO] CodeEngine:255 - oldGeneratedFile, C:\Users\ktp21\STM32CubeIDE\workspace_1.12.0\CANtest\Core\Inc\stm32f4xx_it.h_save
2023-04-05 14:09:46,292 [INFO] CodeEngine:279 - Generated code: C:\Users\ktp21\STM32CubeIDE\workspace_1.12.0\CANtest\Core\Inc\stm32f4xx_it.h
2023-04-05 14:09:46,292 [INFO] CodeEngine:255 - oldGeneratedFile, C:\Users\ktp21\STM32CubeIDE\workspace_1.12.0\CANtest\Core\Src\stm32f4xx_hal_msp.c_save
2023-04-05 14:09:46,339 [INFO] CodeEngine:279 - Generated code: C:\Users\ktp21\STM32CubeIDE\workspace_1.12.0\CANtest\Core\Src\stm32f4xx_hal_msp.c
2023-04-05 14:09:46,339 [INFO] CodeEngine:255 - oldGeneratedFile, C:\Users\ktp21\STM32CubeIDE\workspace_1.12.0\CANtest\MXTmpFiles\system.tmp_save
2023-04-05 14:09:46,361 [INFO] CodeEngine:279 - Generated code: C:\Users\ktp21\STM32CubeIDE\workspace_1.12.0\CANtest\MXTmpFiles\system.tmp
2023-04-05 14:09:46,377 [INFO] CodeEngine:311 - oldGeneratedFile, C:\Users\ktp21\STM32CubeIDE\workspace_1.12.0\CANtest\Core\Inc\stm32f4xx_hal_conf.h_save
2023-04-05 14:09:46,424 [INFO] CodeEngine:335 - Generated code: C:\Users\ktp21\STM32CubeIDE\workspace_1.12.0\CANtest\Core\Inc\stm32f4xx_hal_conf.h
2023-04-05 14:09:46,434 [INFO] CodeEngine:255 - oldGeneratedFile, C:\Users\ktp21\STM32CubeIDE\workspace_1.12.0\CANtest\Core\Inc\main.h_save
2023-04-05 14:09:46,477 [INFO] CodeEngine:279 - Generated code: C:\Users\ktp21\STM32CubeIDE\workspace_1.12.0\CANtest\Core\Inc\main.h
2023-04-05 14:09:46,477 [INFO] CodeEngine:255 - oldGeneratedFile, C:\Users\ktp21\STM32CubeIDE\workspace_1.12.0\CANtest\Core\Src\main.c_save
2023-04-05 14:09:46,508 [INFO] CodeEngine:279 - Generated code: C:\Users\ktp21\STM32CubeIDE\workspace_1.12.0\CANtest\Core\Src\main.c
2023-04-05 14:09:46,725 [INFO] ProjectBuilder:2996 - Time for Copy HAL[1] : 63mS.
2023-04-05 14:09:46,725 [INFO] ProjectBuilder:4304 - Project Generator version: 3.19.2
2023-04-05 14:09:46,898 [INFO] ConfigFileManager:1483 - The Die is : DIE413
2023-04-05 14:09:47,400 [INFO] ProjectBuilder:4505 - Time for Generating toolchain IDE Files: 675mS.
2023-04-05 14:09:47,400 [INFO] ProjectBuilder:2867 - Time for Copy CMSIS : 0mS.
2023-04-05 14:09:47,400 [INFO] ProjectBuilder:2867 - Time for Copy CMSIS : 0mS.
2023-04-05 14:51:27,422 [INFO] NvicIntPanel:101 - NVIC parent = com.st.microxplorer.plugins.ip.nvic.MultiNvicIntPanel[,0,0,568x473,layout=javax.swing.BoxLayout,alignmentX=0.0,alignmentY=0.0,border=,flags=9,maximumSize=,minimumSize=,preferredSize=]
2023-04-05 15:09:41,500 [INFO] Activator:176 - 


2023-04-05 15:09:41,500 [INFO] Activator:177 - !SESSION log4j initialized
2023-04-05 15:09:44,519 [INFO] LogOutputStream:77 - [STDOUT_REDIRECT] 
2023-04-05 15:10:05,386 [ERROR] LogOutputStream:75 - [STDERR_REDIRECT] SLF4J: Failed to load class "org.slf4j.impl.StaticLoggerBinder".
2023-04-05 15:10:05,386 [ERROR] LogOutputStream:75 - [STDERR_REDIRECT] SLF4J: Defaulting to no-operation (NOP) logger implementation
2023-04-05 15:10:05,386 [ERROR] LogOutputStream:75 - [STDERR_REDIRECT] SLF4J: See http://www.slf4j.org/codes.html#StaticLoggerBinder for further details.
2023-04-05 15:44:02,780 [INFO] ApplicationProperties:184 - Using Application install path: C:\ST\STM32CubeIDE_1.12.0\STM32CubeIDE\plugins\com.st.stm32cube.common.mx_6.8.0.202302231600
2023-04-05 15:44:02,796 [INFO] DbMcusXml:78 - Set database path to: C:\ST\STM32CubeIDE_1.12.0\STM32CubeIDE\plugins\com.st.stm32cube.common.mx_6.8.0.202302231600\\db\/mcu/
2023-04-05 15:44:02,796 [INFO] ApiDb:274 - Set plugin database path to: C:\ST\STM32CubeIDE_1.12.0\STM32CubeIDE\plugins\com.st.stm32cube.common.mx_6.8.0.202302231600\\db\/plugins/boardmanager/
2023-04-05 15:44:02,796 [WARN] ApiDb:259 - Overriding images path with different value:  => C:\ST\STM32CubeIDE_1.12.0\STM32CubeIDE\plugins\com.st.stm32cube.common.mx_6.8.0.202302231600\\db\/plugins/mcufinder/images/
2023-04-05 15:44:02,796 [INFO] ApiDb:250 - Set database path to: C:\Users\ktp21\.stmcufinder\plugins\mcufinder//mcu/
2023-04-05 15:44:02,796 [INFO] DbMcusAds:125 - Set database path to: C:\Users\ktp21\.stmcufinder\plugins\mcufinder//mcu/
2023-04-05 15:44:02,811 [INFO] CrossReferenceDbSqlite:203 - Set database path to: C:\Users\ktp21\.stmcufinder\plugins\mcufinder//mcu/cs/
2023-04-05 15:44:02,864 [INFO] RulesReader:64 - Compatibility file has been processed (293 Rules)
2023-04-05 15:44:02,980 [INFO] DbMcusXml:78 - Set database path to: C:\ST\STM32CubeIDE_1.12.0\STM32CubeIDE\plugins\com.st.stm32cube.common.mx_6.8.0.202302231600\\db\/mcu/
2023-04-05 15:44:02,980 [INFO] ApiDb:274 - Set plugin database path to: C:\ST\STM32CubeIDE_1.12.0\STM32CubeIDE\plugins\com.st.stm32cube.common.mx_6.8.0.202302231600\\db\/plugins/boardmanager/
2023-04-05 15:44:02,980 [INFO] ApiDb:261 - Set plugin images path to: C:\ST\STM32CubeIDE_1.12.0\STM32CubeIDE\plugins\com.st.stm32cube.common.mx_6.8.0.202302231600\\db\/plugins/mcufinder/images/
2023-04-05 15:44:02,980 [WARN] DbFile:41 - Overriding database path with different value: C:\Users\ktp21\.stmcufinder\plugins\mcufinder/ => C:\Users\ktp21\.stmcufinder\plugins\mcufinder
2023-04-05 15:44:02,980 [INFO] ApiDb:250 - Set database path to: C:\Users\ktp21\.stmcufinder\plugins\mcufinder//mcu/
2023-04-05 15:44:02,980 [WARN] DbFile:41 - Overriding database path with different value: C:\Users\ktp21\.stmcufinder\plugins\mcufinder/ => C:\Users\ktp21\.stmcufinder\plugins\mcufinder
2023-04-05 15:44:02,980 [INFO] DbMcusAds:125 - Set database path to: C:\Users\ktp21\.stmcufinder\plugins\mcufinder//mcu/
2023-04-05 15:44:02,980 [WARN] DbFile:41 - Overriding database path with different value: C:\Users\ktp21\.stmcufinder\plugins\mcufinder/ => C:\Users\ktp21\.stmcufinder\plugins\mcufinder
2023-04-05 15:44:02,980 [WARN] DbFile:41 - Overriding database path with different value: C:\Users\ktp21\.stmcufinder\plugins\mcufinder/ => C:\Users\ktp21\.stmcufinder\plugins\mcufinder
2023-04-05 15:44:02,980 [INFO] CrossReferenceDbSqlite:203 - Set database path to: C:\Users\ktp21\.stmcufinder\plugins\mcufinder//mcu/cs/
2023-04-05 15:44:03,027 [INFO] MainPanel:253 - HeapMemory: 420478976
2023-04-05 15:44:03,064 [INFO] DbMcusXml:78 - Set database path to: C:\ST\STM32CubeIDE_1.12.0\STM32CubeIDE\plugins\com.st.stm32cube.common.mx_6.8.0.202302231600\\db\/mcu/
2023-04-05 15:44:03,064 [INFO] ApiDb:274 - Set plugin database path to: C:\ST\STM32CubeIDE_1.12.0\STM32CubeIDE\plugins\com.st.stm32cube.common.mx_6.8.0.202302231600\\db\/plugins/boardmanager/
2023-04-05 15:44:03,064 [INFO] ApiDb:261 - Set plugin images path to: C:\ST\STM32CubeIDE_1.12.0\STM32CubeIDE\plugins\com.st.stm32cube.common.mx_6.8.0.202302231600\\db\/plugins/mcufinder/images/
2023-04-05 15:44:03,064 [WARN] DbFile:41 - Overriding database path with different value: C:\Users\ktp21\.stmcufinder\plugins\mcufinder/ => C:\Users\ktp21\.stmcufinder\plugins\mcufinder
2023-04-05 15:44:03,064 [INFO] ApiDb:250 - Set database path to: C:\Users\ktp21\.stmcufinder\plugins\mcufinder//mcu/
2023-04-05 15:44:03,064 [WARN] DbFile:41 - Overriding database path with different value: C:\Users\ktp21\.stmcufinder\plugins\mcufinder/ => C:\Users\ktp21\.stmcufinder\plugins\mcufinder
2023-04-05 15:44:03,064 [INFO] DbMcusAds:125 - Set database path to: C:\Users\ktp21\.stmcufinder\plugins\mcufinder//mcu/
2023-04-05 15:44:03,064 [WARN] DbFile:41 - Overriding database path with different value: C:\Users\ktp21\.stmcufinder\plugins\mcufinder/ => C:\Users\ktp21\.stmcufinder\plugins\mcufinder
2023-04-05 15:44:03,064 [WARN] DbFile:41 - Overriding database path with different value: C:\Users\ktp21\.stmcufinder\plugins\mcufinder/ => C:\Users\ktp21\.stmcufinder\plugins\mcufinder
2023-04-05 15:44:03,064 [INFO] CrossReferenceDbSqlite:203 - Set database path to: C:\Users\ktp21\.stmcufinder\plugins\mcufinder//mcu/cs/
2023-04-05 15:44:03,080 [INFO] ApplicationProperties:184 - Using Application install path: C:\ST\STM32CubeIDE_1.12.0\STM32CubeIDE\plugins\com.st.stm32cube.common.mx_6.8.0.202302231600
2023-04-05 15:44:03,080 [INFO] PluginManage:196 - Search for loadable plugins [exclusion list=, ]
2023-04-05 15:44:03,080 [INFO] PluginManage:310 - Check plugin analytics
2023-04-05 15:44:03,180 [INFO] AnalyticsPlugin:253 - Accepted Software Licenses: 
2023-04-05 15:44:03,180 [INFO] AnalyticsPlugin:255 - Accepted CMSIS Pack Licenses: 
2023-04-05 15:44:03,180 [INFO] AnalyticsPlugin:257 - Accepted Firmware Licenses: FW.F4.1.27.0
2023-04-05 15:44:03,180 [INFO] PluginManage:359 - Loaded plugin analytics (category:tool,tabindex:-1)
2023-04-05 15:44:03,180 [INFO] PluginManage:310 - Check plugin cadmodel
2023-04-05 15:44:03,196 [INFO] CADModel:105 - Init CAD model plugin
2023-04-05 15:44:03,196 [INFO] PluginManage:359 - Loaded plugin cadmodel (category:power,tabindex:5)
2023-04-05 15:44:03,196 [INFO] PluginManage:310 - Check plugin clock
2023-04-05 15:44:03,196 [INFO] PluginManage:359 - Loaded plugin clock (category:base,tabindex:2)
2023-04-05 15:44:03,196 [INFO] PluginManage:310 - Check plugin ddr
2023-04-05 15:44:03,212 [INFO] PluginManage:359 - Loaded plugin ddr (category:tool,tabindex:6)
2023-04-05 15:44:03,212 [INFO] PluginManage:310 - Check plugin filemanager
2023-04-05 15:44:03,296 [INFO] PluginManage:359 - Loaded plugin filemanager (category:base,tabindex:10)
2023-04-05 15:44:03,296 [INFO] PluginManage:310 - Check plugin ipmanager
2023-04-05 15:44:03,312 [INFO] PluginManage:359 - Loaded plugin ipmanager (category:base,tabindex:5)
2023-04-05 15:44:03,312 [INFO] PluginManage:310 - Check plugin lpbam
2023-04-05 15:44:03,312 [INFO] PluginManage:359 - Loaded plugin lpbam (category:base,tabindex:0)
2023-04-05 15:44:03,312 [INFO] PluginManage:310 - Check plugin pinoutandconfiguration
2023-04-05 15:44:03,327 [INFO] PluginManage:359 - Loaded plugin pinoutandconfiguration (category:base,tabindex:1)
2023-04-05 15:44:03,327 [INFO] PluginManage:310 - Check plugin pinoutconfig
2023-04-05 15:44:03,380 [WARN] SupportedApi:132 - Cannot load RTOS API schema: s4s-elt-must-match.1: The content of 'definitions' must match (annotation?, (simpleType | complexType)?, (unique | key | keyref)*)). A problem was found starting at: attribute.
2023-04-05 15:44:03,465 [INFO] PluginManage:359 - Loaded plugin pinoutconfig (category:base,tabindex:0)
2023-04-05 15:44:03,465 [INFO] PluginManage:310 - Check plugin power
2023-04-05 15:44:03,481 [INFO] PluginManage:359 - Loaded plugin power (category:power,tabindex:4)
2023-04-05 15:44:03,481 [INFO] PluginManage:310 - Check plugin projectmanager
2023-04-05 15:44:03,496 [INFO] PluginManage:359 - Loaded plugin projectmanager (category:projectmanager,tabindex:3)
2023-04-05 15:44:03,496 [INFO] PluginManage:310 - Check plugin thirdparty
2023-04-05 15:44:03,628 [INFO] PluginManage:359 - Loaded plugin thirdparty (category:base,tabindex:-1)
2023-04-05 15:44:03,628 [WARN] IntegrityCheckThread:84 - waiting for thirdparty lock release [integrity check]
2023-04-05 15:44:03,628 [INFO] PluginManage:310 - Check plugin tools
2023-04-05 15:44:03,628 [INFO] IntegrityCheckThread:86 - entering critical section [integrity check]
2023-04-05 15:44:03,643 [INFO] ThirdPartyUpdaterWithRetryManager:70 - Updater plugin not ready yet. [1/15]
2023-04-05 15:44:03,662 [INFO] PluginManage:359 - Loaded plugin tools (category:base,tabindex:7)
2023-04-05 15:44:03,662 [INFO] PluginManage:310 - Check plugin tutovideos
2023-04-05 15:44:03,781 [INFO] PluginManage:359 - Loaded plugin tutovideos (category:base,tabindex:-1)
2023-04-05 15:44:03,781 [INFO] PluginManage:310 - Check plugin updater
2023-04-05 15:44:03,781 [INFO] PluginManage:359 - Loaded plugin updater (category:base,tabindex:12)
2023-04-05 15:44:03,781 [INFO] PluginManage:283 - PluginManage : Loaded plugins [15]
2023-04-05 15:44:03,928 [INFO] PinOutPanel:1499 - setPackage(No Configuration,No Configuration)
2023-04-05 15:44:03,966 [INFO] CADModel:165 - CPN selected for project level
2023-04-05 15:44:03,966 [INFO] CADModel:114 - Register for checkConnection events
2023-04-05 15:44:03,982 [INFO] IPUIPlugin:80 - create IPUIPlugin
2023-04-05 15:44:03,982 [INFO] PluginManager:220 - loadIPPluginJar : add adc
2023-04-05 15:44:04,013 [INFO] IPUIPlugin:80 - create IPUIPlugin
2023-04-05 15:44:04,013 [INFO] PluginManager:220 - loadIPPluginJar : add aes
2023-04-05 15:44:04,028 [INFO] IPUIPlugin:80 - create IPUIPlugin
2023-04-05 15:44:04,028 [INFO] PluginManager:220 - loadIPPluginJar : add can
2023-04-05 15:44:04,044 [INFO] IPUIPlugin:80 - create IPUIPlugin
2023-04-05 15:44:04,044 [INFO] PluginManager:220 - loadIPPluginJar : add comp
2023-04-05 15:44:04,066 [INFO] IPUIPlugin:80 - create IPUIPlugin
2023-04-05 15:44:04,066 [INFO] PluginManager:220 - loadIPPluginJar : add cryp
2023-04-05 15:44:04,081 [INFO] IPUIPlugin:80 - create IPUIPlugin
2023-04-05 15:44:04,081 [INFO] PluginManager:220 - loadIPPluginJar : add dfsdm
2023-04-05 15:44:04,097 [INFO] IPUIPlugin:80 - create IPUIPlugin
2023-04-05 15:44:04,097 [INFO] PluginManager:220 - loadIPPluginJar : add dma
2023-04-05 15:44:04,128 [INFO] IPUIPlugin:80 - create IPUIPlugin
2023-04-05 15:44:04,128 [INFO] PluginManager:220 - loadIPPluginJar : add dma3
2023-04-05 15:44:04,144 [INFO] IPUIPlugin:80 - create IPUIPlugin
2023-04-05 15:44:04,144 [INFO] PluginManager:220 - loadIPPluginJar : add fatfs
2023-04-05 15:44:04,166 [INFO] IPUIPlugin:80 - create IPUIPlugin
2023-04-05 15:44:04,166 [INFO] PluginManager:220 - loadIPPluginJar : add fmc
2023-04-05 15:44:04,182 [INFO] IPUIPlugin:80 - create IPUIPlugin
2023-04-05 15:44:04,182 [INFO] PluginManager:220 - loadIPPluginJar : add freertos
2023-04-05 15:44:04,182 [INFO] IPUIPlugin:80 - create IPUIPlugin
2023-04-05 15:44:04,182 [INFO] PluginManager:220 - loadIPPluginJar : add genericplugin
2023-04-05 15:44:04,239 [INFO] IPUIPlugin:80 - create IPUIPlugin
2023-04-05 15:44:04,239 [INFO] PluginManager:220 - loadIPPluginJar : add gfxmmu
2023-04-05 15:44:04,313 [INFO] IPUIPlugin:80 - create IPUIPlugin
2023-04-05 15:44:04,313 [INFO] PluginManager:220 - loadIPPluginJar : add gic
2023-04-05 15:44:04,313 [INFO] IPUIPlugin:80 - create IPUIPlugin
2023-04-05 15:44:04,313 [INFO] PluginManager:220 - loadIPPluginJar : add gpio
2023-04-05 15:44:04,366 [INFO] IPUIPlugin:80 - create IPUIPlugin
2023-04-05 15:44:04,366 [INFO] PluginManager:220 - loadIPPluginJar : add gtzc
2023-04-05 15:44:04,381 [INFO] IPUIPlugin:80 - create IPUIPlugin
2023-04-05 15:44:04,381 [INFO] PluginManager:220 - loadIPPluginJar : add hash
2023-04-05 15:44:04,413 [INFO] IPUIPlugin:80 - create IPUIPlugin
2023-04-05 15:44:04,413 [INFO] PluginManager:220 - loadIPPluginJar : add i2c
2023-04-05 15:44:04,444 [INFO] IPUIPlugin:80 - create IPUIPlugin
2023-04-05 15:44:04,444 [INFO] PluginManager:220 - loadIPPluginJar : add i2s
2023-04-05 15:44:04,466 [INFO] IPUIPlugin:80 - create IPUIPlugin
2023-04-05 15:44:04,466 [INFO] PluginManager:220 - loadIPPluginJar : add i3c
2023-04-05 15:44:04,529 [INFO] IPUIPlugin:80 - create IPUIPlugin
2023-04-05 15:44:04,529 [INFO] PluginManager:220 - loadIPPluginJar : add ipddr
2023-04-05 15:44:04,582 [INFO] IPUIPlugin:80 - create IPUIPlugin
2023-04-05 15:44:04,582 [INFO] PluginManager:220 - loadIPPluginJar : add linkedlist
2023-04-05 15:44:04,598 [INFO] IPUIPlugin:80 - create IPUIPlugin
2023-04-05 15:44:04,598 [INFO] PluginManager:220 - loadIPPluginJar : add lorawan
2023-04-05 15:44:04,613 [INFO] IPUIPlugin:80 - create IPUIPlugin
2023-04-05 15:44:04,613 [INFO] PluginManager:220 - loadIPPluginJar : add ltdc
2023-04-05 15:44:04,629 [INFO] IPUIPlugin:80 - create IPUIPlugin
2023-04-05 15:44:04,629 [INFO] PluginManager:220 - loadIPPluginJar : add mdma
2023-04-05 15:44:04,629 [INFO] IPUIPlugin:80 - create IPUIPlugin
2023-04-05 15:44:04,629 [INFO] PluginManager:220 - loadIPPluginJar : add nvic
2023-04-05 15:44:04,660 [INFO] IPUIPlugin:80 - create IPUIPlugin
2023-04-05 15:44:04,660 [INFO] PluginManager:220 - loadIPPluginJar : add opamp
2023-04-05 15:44:04,698 [INFO] IPUIPlugin:80 - create IPUIPlugin
2023-04-05 15:44:04,698 [INFO] PluginManager:220 - loadIPPluginJar : add openamp
2023-04-05 15:44:04,714 [INFO] IPUIPlugin:80 - create IPUIPlugin
2023-04-05 15:44:04,714 [INFO] PluginManager:220 - loadIPPluginJar : add pdm2pcm
2023-04-05 15:44:04,729 [INFO] IPUIPlugin:80 - create IPUIPlugin
2023-04-05 15:44:04,729 [INFO] PluginManager:220 - loadIPPluginJar : add plateformsettings
2023-04-05 15:44:04,745 [INFO] IPUIPlugin:80 - create IPUIPlugin
2023-04-05 15:44:04,745 [INFO] PluginManager:220 - loadIPPluginJar : add quadspi
2023-04-05 15:44:04,745 [INFO] IPUIPlugin:80 - create IPUIPlugin
2023-04-05 15:44:04,745 [INFO] PluginManager:220 - loadIPPluginJar : add resmgrutility
2023-04-05 15:44:04,783 [INFO] IPUIPlugin:80 - create IPUIPlugin
2023-04-05 15:44:04,783 [INFO] PluginManager:220 - loadIPPluginJar : add sai
2023-04-05 15:44:04,798 [INFO] IPUIPlugin:80 - create IPUIPlugin
2023-04-05 15:44:04,798 [INFO] PluginManager:220 - loadIPPluginJar : add spi
2023-04-05 15:44:04,830 [INFO] IPUIPlugin:80 - create IPUIPlugin
2023-04-05 15:44:04,830 [INFO] PluginManager:220 - loadIPPluginJar : add stm32_wpan
2023-04-05 15:44:04,845 [INFO] IPUIPlugin:80 - create IPUIPlugin
2023-04-05 15:44:04,845 [INFO] PluginManager:220 - loadIPPluginJar : add tim
2023-04-05 15:44:04,868 [INFO] IPUIPlugin:80 - create IPUIPlugin
2023-04-05 15:44:04,868 [INFO] PluginManager:220 - loadIPPluginJar : add touchsensing
2023-04-05 15:44:04,883 [INFO] IPUIPlugin:80 - create IPUIPlugin
2023-04-05 15:44:04,883 [INFO] PluginManager:220 - loadIPPluginJar : add tracer_emb
2023-04-05 15:44:04,899 [INFO] IPUIPlugin:80 - create IPUIPlugin
2023-04-05 15:44:04,899 [INFO] PluginManager:220 - loadIPPluginJar : add ts
2023-04-05 15:44:04,914 [INFO] IPUIPlugin:80 - create IPUIPlugin
2023-04-05 15:44:04,914 [INFO] PluginManager:220 - loadIPPluginJar : add tsc
2023-04-05 15:44:04,930 [INFO] IPUIPlugin:80 - create IPUIPlugin
2023-04-05 15:44:04,930 [INFO] PluginManager:220 - loadIPPluginJar : add ucpd
2023-04-05 15:44:04,961 [INFO] IPUIPlugin:80 - create IPUIPlugin
2023-04-05 15:44:04,961 [INFO] PluginManager:220 - loadIPPluginJar : add usart
2023-04-05 15:44:04,984 [INFO] IPUIPlugin:80 - create IPUIPlugin
2023-04-05 15:44:04,984 [INFO] PluginManager:220 - loadIPPluginJar : add usbx
2023-04-05 15:44:05,092 [INFO] CADModel:165 - CPN selected for project level
2023-04-05 15:44:05,092 [INFO] CADModel:114 - Register for checkConnection events
2023-04-05 15:44:05,092 [FATAL] Updater:308 - Updater called before beeing initialized
2023-04-05 15:44:05,092 [ERROR] CADModel:125 - Updater not yet initialized, retry later 
2023-04-05 15:44:05,168 [INFO] CADModel:165 - CPN selected for project level
2023-04-05 15:44:05,168 [INFO] CADModel:114 - Register for checkConnection events
2023-04-05 15:44:05,168 [FATAL] Updater:308 - Updater called before beeing initialized
2023-04-05 15:44:05,168 [ERROR] CADModel:125 - Updater not yet initialized, retry later 
2023-04-05 15:44:05,168 [FATAL] Updater:308 - Updater called before beeing initialized
2023-04-05 15:44:05,230 [FATAL] Updater:308 - Updater called before beeing initialized
2023-04-05 15:44:05,246 [INFO] DbMcusAds:53 - JSON generation date=Thu Sep 30 19:55:09 NZDT 2021 (1632984909247)
2023-04-05 15:44:05,246 [FATAL] Updater:308 - Updater called before beeing initialized
2023-04-05 15:44:05,268 [WARN] DetailPanel:346 - Failed to get advertising image, set to default
2023-04-05 15:44:05,326 [FATAL] Updater:308 - Updater called before beeing initialized
2023-04-05 15:44:05,326 [FATAL] Updater:308 - Updater called before beeing initialized
2023-04-05 15:44:05,326 [FATAL] Updater:308 - Updater called before beeing initialized
2023-04-05 15:44:05,326 [WARN] DetailPanel:346 - Failed to get advertising image, set to default
2023-04-05 15:44:05,326 [FATAL] Updater:308 - Updater called before beeing initialized
2023-04-05 15:44:05,357 [ERROR] Updater:1120 - MainUpdater not yet initialized. External WinMGr cannot be set.
2023-04-05 15:44:05,368 [INFO] Updater:1056 - Updater Version found : 6.8.0
2023-04-05 15:44:05,384 [INFO] ApplicationProperties:184 - Using Application install path: C:\ST\STM32CubeIDE_1.12.0\STM32CubeIDE\plugins\com.st.stm32cube.common.mx_6.8.0.202302231600
2023-04-05 15:44:05,500 [INFO] MainUpdater:2854 - connection check result : 10
2023-04-05 15:44:05,500 [INFO] MainUpdater:283 - Updater Check For Update Now.
2023-04-05 15:44:05,500 [INFO] MicroXplorer:498 - Change Database Version : DB.6.0.80
2023-04-05 15:44:05,637 [INFO] CheckServerUpdateThread:120 - End of CheckServer Thread
2023-04-05 15:44:05,716 [INFO] MainUpdater:2854 - connection check result : 10
2023-04-05 15:44:05,716 [INFO] MainUpdater:2854 - connection check result : 10
2023-04-05 15:44:05,801 [INFO] MicroXplorer:468 - Change Database Path : 
2023-04-05 15:44:05,801 [INFO] MicroXplorer:498 - Change Database Version : DB.6.0.80
2023-04-05 15:44:05,801 [WARN] ThirdParty:871 - waiting for thirdparty lock release [close project]
2023-04-05 15:44:06,717 [WARN] PackLoader:240 - Cannot read IP mode file for STMicroelectronics.X-CUBE-GNSS1.6.0.0
2023-04-05 15:44:06,732 [WARN] PackLoader:240 - Cannot read IP mode file for STMicroelectronics.X-CUBE-AZRTOS-F4.1.1.0
2023-04-05 15:44:06,748 [WARN] PackLoader:240 - Cannot read IP mode file for wolfSSL.I-CUBE-wolfSSL.5.6.0
2023-04-05 15:44:06,763 [WARN] PackLoader:240 - Cannot read IP mode file for STMicroelectronics.X-CUBE-AZRTOS-F7.1.1.0
2023-04-05 15:44:06,770 [WARN] PackLoader:240 - Cannot read IP mode file for STMicroelectronics.X-CUBE-BLE1.6.2.4
2023-04-05 15:44:06,786 [WARN] PackLoader:240 - Cannot read IP mode file for emotas.I-CUBE-CANOPEN.1.1.3
2023-04-05 15:44:06,786 [WARN] PackLoader:240 - Cannot read IP mode file for STMicroelectronics.X-CUBE-BLEMGR.2.0.0
2023-04-05 15:44:06,801 [WARN] PackLoader:240 - Cannot read IP mode file for STMicroelectronics.X-CUBE-DISPLAY.3.0.0
2023-04-05 15:44:06,801 [WARN] PackLoader:240 - Cannot read IP mode file for STMicroelectronics.X-CUBE-NFC7.1.0.0
2023-04-05 15:44:06,817 [WARN] PackLoader:240 - Cannot read IP mode file for STMicroelectronics.X-CUBE-EEPRMA1.4.1.0
2023-04-05 15:44:06,817 [WARN] PackLoader:240 - Cannot read IP mode file for WES.I-CUBE-Cesium.1.3.0
2023-04-05 15:44:06,832 [WARN] PackLoader:240 - Cannot read IP mode file for STMicroelectronics.X-CUBE-SFXS2LP1.4.0.0
2023-04-05 15:44:06,832 [WARN] PackLoader:240 - Cannot read IP mode file for STMicroelectronics.X-CUBE-BLE2.3.3.0
2023-04-05 15:44:06,870 [WARN] PackLoader:240 - Cannot read IP mode file for STMicroelectronics.X-CUBE-AZRTOS-H7.3.0.0
2023-04-05 15:44:06,886 [WARN] PackLoader:240 - Cannot read IP mode file for STMicroelectronics.X-CUBE-ISPU.1.1.0
2023-04-05 15:44:06,886 [WARN] PackLoader:240 - Cannot read IP mode file for RoweBots.I-CUBE-UNISONRTOS.5.5.0-4
2023-04-05 15:44:06,901 [WARN] PackLoader:240 - Cannot read IP mode file for STMicroelectronics.X-CUBE-AI.8.0.0
2023-04-05 15:44:06,901 [WARN] PackLoader:240 - Cannot read IP mode file for STMicroelectronics.X-CUBE-FREERTOS.1.0.0
2023-04-05 15:44:06,917 [WARN] PackLoader:240 - Cannot read IP mode file for STMicroelectronics.X-CUBE-TOUCHGFX.4.21.3
2023-04-05 15:44:06,917 [WARN] PackLoader:240 - Cannot read IP mode file for STMicroelectronics.X-CUBE-ALGOBUILD.1.3.0
2023-04-05 15:44:06,933 [WARN] PackLoader:240 - Cannot read IP mode file for STMicroelectronics.X-CUBE-AZRTOS-L5.1.1.0
2023-04-05 15:44:06,948 [WARN] PackLoader:240 - Cannot read IP mode file for STMicroelectronics.X-CUBE-AZRTOS-G0.1.1.0
2023-04-05 15:44:06,948 [WARN] PackLoader:240 - Cannot read IP mode file for STMicroelectronics.X-CUBE-SUBG2.5.0.0
2023-04-05 15:44:06,971 [WARN] PackLoader:240 - Cannot read IP mode file for STMicroelectronics.X-CUBE-NFC4.3.0.0
2023-04-05 15:44:06,971 [WARN] PackLoader:240 - Cannot read IP mode file for STMicroelectronics.X-CUBE-TOF1.3.3.0
2023-04-05 15:44:06,986 [WARN] PackLoader:240 - Cannot read IP mode file for STMicroelectronics.FP-ATR-ASTRA1.1.1.1
2023-04-05 15:44:07,002 [WARN] PackLoader:240 - Cannot read IP mode file for STMicroelectronics.X-CUBE-AZRTOS-G4.1.0.0
2023-04-05 15:44:07,002 [WARN] PackLoader:240 - Cannot read IP mode file for STMicroelectronics.FP-ATR-SIGFOX1.3.2.0
2023-04-05 15:44:07,017 [WARN] PackLoader:240 - Cannot read IP mode file for STMicroelectronics.X-CUBE-AZRTOS-L4.1.0.0
2023-04-05 15:44:07,033 [WARN] PackLoader:240 - Cannot read IP mode file for STMicroelectronics.X-CUBE-AZRTOS-WL.1.0.0
2023-04-05 15:44:07,033 [WARN] PackLoader:240 - Cannot read IP mode file for portGmbH.I-Cube-SoM-uGOAL.1.1.0
2023-04-05 15:44:07,049 [WARN] PackLoader:240 - Cannot read IP mode file for STMicroelectronics.X-CUBE-ALS.1.0.1
2023-04-05 15:44:07,071 [WARN] PackLoader:240 - Cannot read IP mode file for STMicroelectronics.X-CUBE-MEMS1.9.5.0
2023-04-05 15:44:07,133 [WARN] PackLoader:240 - Cannot read IP mode file for STMicroelectronics.X-CUBE-AZRTOS-WB.1.1.0
2023-04-05 15:44:07,149 [WARN] PackLoader:240 - Cannot read IP mode file for SEGGER.I-CUBE-embOS.1.3.1
2023-04-05 15:44:07,171 [INFO] ThirdParty:978 - Integrity check success = true
2023-04-05 15:44:07,171 [INFO] IntegrityCheckThread:100 - exiting critical section [integrity check]
2023-04-05 15:44:07,171 [INFO] ThirdParty:873 - entering critical section [close project]
2023-04-05 15:44:07,171 [INFO] IntegrityCheckThread:103 - End integrity checks thread
2023-04-05 15:44:07,171 [INFO] ThirdParty:883 - exiting critical section [close project]
2023-04-05 15:44:07,187 [INFO] PinOutPanel:1499 - setPackage(No Configuration,No Configuration)
2023-04-05 15:44:07,187 [INFO] UtilMem:75 - Begin LoadConfig() Used Memory: 188932336 Bytes (420478976)
2023-04-05 15:44:07,187 [INFO] MicroXplorer:468 - Change Database Path : 
2023-04-05 15:44:07,187 [INFO] MicroXplorer:498 - Change Database Version : DB.6.0.80
2023-04-05 15:44:07,187 [INFO] OpenFileManager:308 - Change cursor
2023-04-05 15:44:07,249 [INFO] Mcu:1937 - Initializing MCU STM32F405RGTx STM32F405RGTx STM32F405RGT6
2023-04-05 15:44:08,019 [INFO] Context:659 - Trying to add GPIOservice into a context  which must be forbidden
2023-04-05 15:44:08,252 [INFO] RtosManager:555 - Registered RTOS mode: class=CMSIS, group=RTOS, mode=CMSIS_V1, owner=FREERTOS
2023-04-05 15:44:08,252 [INFO] RtosManager:555 - Registered RTOS mode: class=CMSIS, group=RTOS2, mode=CMSIS_V2, owner=FREERTOS
2023-04-05 15:44:08,252 [INFO] RtosManager:555 - Registered RTOS mode: class=RTOS, group=Core, mode=CMSIS_V1, owner=FREERTOS
2023-04-05 15:44:08,252 [INFO] RtosManager:555 - Registered RTOS mode: class=RTOS, group=Core, mode=CMSIS_V2, owner=FREERTOS
2023-04-05 15:44:08,252 [WARN] ModelIntegratedComponent:184 - Missing modes for component STMicroelectronics:FreeRTOS:0.0.1:STMicroelectronics:RTOS:FreeRTOS:Core:::10.2.0:
2023-04-05 15:44:08,268 [WARN] ModelIntegratedComponent:63 - No mode defined for component null
2023-04-05 15:44:08,268 [WARN] ModelIntegratedComponent:63 - No mode defined for component null
2023-04-05 15:44:08,268 [WARN] ModelIntegratedComponent:63 - No mode defined for component null
2023-04-05 15:44:08,268 [WARN] ModelIntegratedComponent:63 - No mode defined for component null
2023-04-05 15:44:08,268 [WARN] ModelIntegratedComponent:63 - No mode defined for component null
2023-04-05 15:44:08,268 [WARN] ModelIntegratedComponent:63 - No mode defined for component null
2023-04-05 15:44:08,268 [WARN] ModelIntegratedComponent:63 - No mode defined for component null
2023-04-05 15:44:08,268 [WARN] ModelIntegratedComponent:63 - No mode defined for component null
2023-04-05 15:44:08,268 [WARN] ModelIntegratedComponent:63 - No mode defined for component null
2023-04-05 15:44:08,268 [WARN] ModelIntegratedComponent:63 - No mode defined for component null
2023-04-05 15:44:08,268 [WARN] ModelIntegratedComponent:63 - No mode defined for component null
2023-04-05 15:44:08,268 [WARN] ModelIntegratedComponent:63 - No mode defined for component null
2023-04-05 15:44:08,272 [WARN] ModelIntegratedComponent:63 - No mode defined for component null
2023-04-05 15:44:08,272 [WARN] ModelIntegratedComponent:63 - No mode defined for component null
2023-04-05 15:44:08,272 [WARN] ModelIntegratedComponent:63 - No mode defined for component null
2023-04-05 15:44:08,272 [WARN] ModelIntegratedComponent:63 - No mode defined for component null
2023-04-05 15:44:08,272 [WARN] ModelIntegratedComponent:63 - No mode defined for component null
2023-04-05 15:44:08,272 [WARN] ModelIntegratedComponent:63 - No mode defined for component null
2023-04-05 15:44:08,272 [WARN] ModelIntegratedComponent:63 - No mode defined for component null
2023-04-05 15:44:08,272 [WARN] ModelIntegratedComponent:63 - No mode defined for component null
2023-04-05 15:44:08,272 [WARN] ModelIntegratedComponent:63 - No mode defined for component null
2023-04-05 15:44:08,272 [WARN] ModelIntegratedComponent:63 - No mode defined for component null
2023-04-05 15:44:08,272 [WARN] ModelIntegratedComponent:63 - No mode defined for component null
2023-04-05 15:44:08,272 [WARN] ModelIntegratedComponent:63 - No mode defined for component null
2023-04-05 15:44:08,272 [WARN] ModelIntegratedComponent:63 - No mode defined for component null
2023-04-05 15:44:08,272 [WARN] ModelIntegratedComponent:63 - No mode defined for component null
2023-04-05 15:44:08,272 [WARN] ModelIntegratedComponent:63 - No mode defined for component null
2023-04-05 15:44:08,272 [WARN] ModelIntegratedComponent:63 - No mode defined for component null
2023-04-05 15:44:08,272 [WARN] ModelIntegratedComponent:63 - No mode defined for component null
2023-04-05 15:44:08,272 [WARN] ModelIntegratedComponent:63 - No mode defined for component null
2023-04-05 15:44:08,272 [WARN] ModelIntegratedComponent:63 - No mode defined for component null
2023-04-05 15:44:08,272 [WARN] ModelIntegratedComponent:63 - No mode defined for component null
2023-04-05 15:44:08,272 [WARN] ModelIntegratedComponent:63 - No mode defined for component null
2023-04-05 15:44:08,304 [INFO] ThirdPartyModel:298 - Start build external matchings
2023-04-05 15:44:08,388 [INFO] ThirdPartyModel:316 - End build external matchings
2023-04-05 15:44:08,404 [INFO] ImportTextPane:194 - (OptionalMessage_ERROR) IP (RCC) : Parameter (RTCHSEDivFreq_Value) has invalid value (8000000)
2023-04-05 15:44:08,588 [INFO] UtilMem:75 - End LoadConfig() Used Memory: 186633384 Bytes (420478976)
2023-04-05 15:44:08,660 [INFO] ApiDb:581 - Connected to CubeFinder SQLite database (C:\Users\ktp21\.stmcufinder\plugins\mcufinder\mcu\cube-finder-db.db)
2023-04-05 15:44:08,687 [INFO] ApiDb:668 - CubeFinder database Data Model version=2.1
2023-04-05 15:44:08,687 [INFO] ApiDb:669 - CubeFinder database Configuration version=3.0.35
2023-04-05 15:44:08,687 [INFO] ApiDb:670 - CubeFinder database generation date=2023-02-21 (1676964986)
2023-04-05 15:44:08,687 [INFO] ApiDb:671 - CubeFinder database FW Pack versions=[FP-ATR-ASTRA1_V1.1.1, STM32Cube_FW_C0_V1.0.1, STM32Cube_FW_F0_V1.11.4, STM32Cube_FW_F3_V1.11.4, STM32Cube_FW_F4_V1.27.1, STM32Cube_FW_F7_V1.17.0, STM32Cube_FW_G0_V1.6.1, STM32Cube_FW_G4_V1.5.1, STM32Cube_FW_H5_V0.5.1, STM32Cube_FW_H5_V1.0.0, STM32Cube_FW_H7_V1.11.0, STM32Cube_FW_L0_V1.12.2, STM32Cube_FW_L5_V1.5.0, STM32Cube_FW_U5_V1.2.0, STM32Cube_FW_WBA_V1.0.0, STM32Cube_FW_WBA_V1.0.0RC1, STM32Cube_FW_WBA_V1.0.0RC3, STM32Cube_FW_WB_V1.15.0RC1, STM32Cube_FW_WB_V1.16.0, STM32Cube_FW_WB_V1.16.0RC2, STM32Cube_FW_WL_V1.3.0, X-CUBE-ALGOBUILD_V1.3.0, X-CUBE-ALS_V1.0.1, X-CUBE-AZRTOS-F4_V1.1.0, X-CUBE-AZRTOS-F7_V1.1.0, X-CUBE-AZRTOS-G0_V1.1.0, X-CUBE-AZRTOS-G4_V1.0.0, X-CUBE-AZRTOS-H7_V3.0.0, X-CUBE-AZRTOS-L4_V1.0.0, X-CUBE-AZRTOS-L5_V1.1.0, X-CUBE-AZRTOS-WB_V1.1.0, X-CUBE-AZRTOS-WL_V1.0.0, X-CUBE-BLE1_V6.2.4, X-CUBE-BLE2_V3.3.0, X-CUBE-BLEMGR_V1.3.0, X-CUBE-EEPRMA1_V4.1.0, X-CUBE-GNSS1_V6.0.0, X-CUBE-MEMS1_V9.1.0, X-CUBE-MEMS1_V9.4.0, X-CUBE-MEMS1_V9.5.0, X-CUBE-NFC4_V3.0.0, X-CUBE-NFC7_V1.0.0, X-CUBE-SFXS2LP1_V4.0.0, X-CUBE-SUBG2_V5.0.0]
2023-04-05 15:44:09,636 [INFO] ApiDb:240 - Found 297 in-development CPN: [B-G473E-ZEST1S, B-WB1M-WPAN1, B-WL5M-SUBG1, NUCLEO-C031C6, NUCLEO-H503RB, NUCLEO-H563ZI, NUCLEO-U545RE-Q, NUCLEO-U5A5ZJ-Q, NUCLEO-WBA52CG, STEVAL-PROTEUS1, STEVAL-STWINBX1, STM320518-EVAL, STM32C0116-DK, STM32C011D6Y3TR, STM32C011D6Y6TR, STM32C011F4P3, STM32C011F4P6, STM32C011F4U3, STM32C011F4U6TR, STM32C011F6P3, STM32C011F6P6, STM32C011F6U3, STM32C011F6U6TR, STM32C011J4M3, STM32C011J4M6, STM32C011J6M3, STM32C011J6M6, STM32C0316-DK, STM32C031C4T3, STM32C031C4T6, STM32C031C4U3, STM32C031C4U6, STM32C031C6T3, STM32C031C6T6, STM32C031C6U3, STM32C031C6U6, STM32C031F4P3, STM32C031F4P6, STM32C031F6P3, STM32C031F6P6, STM32C031G4U3, STM32C031G4U6, STM32C031G6U3, STM32C031G6U6, STM32C031K4T3, STM32C031K4T6, STM32C031K4U3, STM32C031K4U6, STM32C031K6T3, STM32C031K6T6, STM32C031K6U3, STM32C031K6U6, STM32G071K8TXN, STM32G071K8UXN, STM32G081GBU6N, STM32G081KBT6N, STM32G081KBUXN, STM32G0B1CCT6N, STM32G0B1KCT6, STM32G0B1NEY6TR, STM32G0B1RCT6N, STM32G0C1CCT6, STM32G0C1CCT6N, STM32G0C1CCU6N, STM32G0C1CET6N, STM32G0C1CEU6N, STM32G0C1KCT6, STM32G0C1NEY6TR, STM32G0C1RCI6N, STM32G0C1RCT6N, STM32G0C1REI6N, STM32G0C1RET6N, STM32G0C1VCI6, STM32G0C1VEI6, STM32G471CCT6, STM32G471CCU6, STM32G471CET3, STM32G471CET6, STM32G471CEU3, STM32G471CEU6, STM32G471MCT6, STM32G471MET3, STM32G471MET6, STM32G471MEY6TR, STM32G471QCT6, STM32G471QET3, STM32G471RCT6, STM32G471RET3, STM32G471RET6, STM32G471VCH6, STM32G471VCI6, STM32G471VCT6, STM32G471VEH3, STM32G471VEH6, STM32G471VEI3, STM32G471VEI6, STM32G471VET3, STM32G471VET6, STM32G474CCT6, STM32H503CBT6, STM32H503CBU6, STM32H503EBY6TR, STM32H503KBU6, STM32H503RBT6, STM32H562AGI6, STM32H562AII6, STM32H562IGK6, STM32H562IGT6, STM32H562IIK6, STM32H562IIT6, STM32H562RGT6, STM32H562RGV6, STM32H562RIT6, STM32H562RIV6, STM32H562VGT6, STM32H562VIT6, STM32H562ZGT6, STM32H562ZIT6, STM32H563AGI6, STM32H563AII3Q, STM32H563AII6, STM32H563IGK6, STM32H563IGT6, STM32H563IIK3Q, STM32H563IIK6, STM32H563IIT3Q, STM32H563IIT6, STM32H563MIY3QTR, STM32H563RGT6, STM32H563RGV6, STM32H563RIT6, STM32H563RIV6, STM32H563VGT6, STM32H563VIT3Q, STM32H563VIT6, STM32H563ZGT6, STM32H563ZIT3Q, STM32H563ZIT6, STM32H573AII3Q, STM32H573AII6, STM32H573I-DK, STM32H573IIK3Q, STM32H573IIK6, STM32H573IIT3Q, STM32H573IIT6, STM32H573MIY3QTR, STM32H573RIT6, STM32H573RIV6, STM32H573VIT3Q, STM32H573VIT6, STM32H573ZIT3Q, STM32H573ZIT6, STM32L4R5QGI6STR, STM32MP131AAE3, STM32MP131AAF3, STM32MP131AAG3, STM32MP131CAE3, STM32MP131CAF3, STM32MP131CAG3, STM32MP131DAE7, STM32MP131DAF7, STM32MP131DAG7, STM32MP131FAE7, STM32MP131FAF7, STM32MP131FAG7, STM32MP133AAE3, STM32MP133AAF3, STM32MP133AAG3, STM32MP133CAE3, STM32MP133CAF3, STM32MP133CAG3, STM32MP133DAE7, STM32MP133DAF7, STM32MP133DAG7, STM32MP133FAE7, STM32MP133FAF7, STM32MP133FAG7, STM32MP135AAE3, STM32MP135AAF3, STM32MP135AAG3, STM32MP135CAE3, STM32MP135CAF3, STM32MP135CAG3, STM32MP135DAE7, STM32MP135DAF7, STM32MP135DAG7, STM32MP135F-DK, STM32MP135FAE7, STM32MP135FAF7, STM32MP135FAF7T, STM32MP135FAF7U, STM32MP135FAG7, STM32U535CBT6, STM32U535CBT6Q, STM32U535CBU6, STM32U535CBU6Q, STM32U535CCT6, STM32U535CCT6Q, STM32U535CCU6, STM32U535CCU6Q, STM32U535CET6, STM32U535CET6Q, STM32U535CEU6, STM32U535CEU6Q, STM32U535JEY6QTR, STM32U535NCY6QTR, STM32U535NEY6QTR, STM32U535RBI6, STM32U535RBI6Q, STM32U535RBT6, STM32U535RBT6Q, STM32U535RCI6, STM32U535RCI6Q, STM32U535RCT6, STM32U535RCT6Q, STM32U535REI6, STM32U535REI6Q, STM32U535RET6, STM32U535RET6Q, STM32U535VCI6, STM32U535VCI6Q, STM32U535VCT6, STM32U535VCT6Q, STM32U535VEI6, STM32U535VEI6Q, STM32U535VET6, STM32U535VET6Q, STM32U545CET6, STM32U545CET6Q, STM32U545CEU6, STM32U545CEU6Q, STM32U545JEY6QTR, STM32U545NEY6QTR, STM32U545REI6, STM32U545REI6Q, STM32U545RET6, STM32U545RET6Q, STM32U545VEI6, STM32U545VEI6Q, STM32U545VET6, STM32U545VET6Q, STM32U595AIH6, STM32U595AIH6Q, STM32U595AJH6, STM32U595AJH6Q, STM32U595QII6, STM32U595QII6Q, STM32U595QJI6, STM32U595QJI6Q, STM32U595RIT6, STM32U595RIT6Q, STM32U595RJT6, STM32U595RJT6Q, STM32U595VIT6, STM32U595VIT6Q, STM32U595VJT6, STM32U595VJT6Q, STM32U595ZIT6, STM32U595ZIT6Q, STM32U595ZIY6QTR, STM32U595ZJT6, STM32U595ZJT6Q, STM32U595ZJY6QTR, STM32U599BJY6QTR, STM32U599NIH6Q, STM32U599NJH6Q, STM32U599VIT6Q, STM32U599VJT6, STM32U599VJT6Q, STM32U599ZIT6Q, STM32U599ZIY6QTR, STM32U599ZJT6Q, STM32U599ZJY6QTR, STM32U5A5AJH6, STM32U5A5AJH6Q, STM32U5A5QJI6, STM32U5A5QJI6Q, STM32U5A5RJT6, STM32U5A5RJT6Q, STM32U5A5VJT6, STM32U5A5VJT6Q, STM32U5A5ZJT6, STM32U5A5ZJT6Q, STM32U5A5ZJY6QTR, STM32U5A9BJY6QTR, STM32U5A9J-DK, STM32U5A9NJH6Q, STM32U5A9VJT6Q, STM32U5A9ZJT6Q, STM32U5A9ZJY6QTR, STM32WB1MMCH6, STM32WBA52CEU6, STM32WBA52CEU6T, STM32WBA52CGU6, STM32WBA52CGU6T, STM32WL5MOCH6, STM32WL5MOCH6TR]
2023-04-05 15:44:09,636 [INFO] DbMcus:216 - Found 3772 MCUs, 3772 are supported
2023-04-05 15:44:09,636 [INFO] ApiDb:423 - Load user favorites file C:\Users\ktp21/.stm32cubeide/favorites.mcus.txt: 0 item(s)
2023-04-05 15:44:09,636 [INFO] ApiDb:427 - User favorites MCUs=[]
2023-04-05 15:44:09,636 [INFO] DbMcus:222 - Set 0 / 0 favorites MCUs
2023-04-05 15:44:09,805 [WARN] ThirdParty:833 - waiting for thirdparty lock release [change project]
2023-04-05 15:44:09,805 [INFO] ThirdParty:835 - entering critical section [change project]
2023-04-05 15:44:09,805 [INFO] ThirdParty:1030 - CMSIS Pack Vendor :STMicroelectronics X-CUBE-ISPU 1.1.0
2023-04-05 15:44:09,805 [INFO] ThirdParty:1030 - CMSIS Pack Vendor :RoweBots I-CUBE-UNISONRTOS 5.5.0-4
2023-04-05 15:44:09,805 [INFO] ThirdParty:1030 - CMSIS Pack Vendor :STMicroelectronics X-CUBE-GNSS1 6.0.0
2023-04-05 15:44:09,805 [INFO] ThirdParty:1030 - CMSIS Pack Vendor :STMicroelectronics USB_HOST 2.0.0
2023-04-05 15:44:09,805 [INFO] ThirdParty:1030 - CMSIS Pack Vendor :STMicroelectronics X-CUBE-AZRTOS-F4 1.1.0
2023-04-05 15:44:09,805 [INFO] ThirdParty:1030 - CMSIS Pack Vendor :STMicroelectronics LIBJPEG 8.0.0
2023-04-05 15:44:09,805 [INFO] ThirdParty:1030 - CMSIS Pack Vendor :wolfSSL I-CUBE-wolfSSL 5.6.0
2023-04-05 15:44:09,805 [INFO] ThirdParty:1030 - CMSIS Pack Vendor :STMicroelectronics USB_DEVICE 3.0.0
2023-04-05 15:44:09,805 [INFO] ThirdParty:1030 - CMSIS Pack Vendor :STMicroelectronics X-CUBE-AI 8.0.0
2023-04-05 15:44:09,805 [INFO] ThirdParty:1030 - CMSIS Pack Vendor :STMicroelectronics X-CUBE-FREERTOS 1.0.0
2023-04-05 15:44:09,805 [INFO] ThirdParty:1030 - CMSIS Pack Vendor :STMicroelectronics X-CUBE-TOUCHGFX 4.21.3
2023-04-05 15:44:09,805 [INFO] ThirdParty:1030 - CMSIS Pack Vendor :STMicroelectronics X-CUBE-AZRTOS-F7 1.1.0
2023-04-05 15:44:09,805 [INFO] ThirdParty:1030 - CMSIS Pack Vendor :STMicroelectronics USB_DEVICE 2.0.0
2023-04-05 15:44:09,805 [INFO] ThirdParty:1030 - CMSIS Pack Vendor :STMicroelectronics X-CUBE-ALGOBUILD 1.3.0
2023-04-05 15:44:09,805 [INFO] ThirdParty:1030 - CMSIS Pack Vendor :STMicroelectronics X-CUBE-BLE1 6.2.4
2023-04-05 15:44:09,805 [INFO] ThirdParty:1030 - CMSIS Pack Vendor :STMicroelectronics X-CUBE-AZRTOS-L5 1.1.0
2023-04-05 15:44:09,805 [INFO] ThirdParty:1030 - CMSIS Pack Vendor :STMicroelectronics FreeRTOS 0.0.1
2023-04-05 15:44:09,805 [INFO] ThirdParty:1030 - CMSIS Pack Vendor :emotas I-CUBE-CANOPEN 1.1.3
2023-04-05 15:44:09,805 [INFO] ThirdParty:1030 - CMSIS Pack Vendor :STMicroelectronics X-CUBE-AZRTOS-G0 1.1.0
2023-04-05 15:44:09,805 [INFO] ThirdParty:1030 - CMSIS Pack Vendor :STMicroelectronics X-CUBE-BLEMGR 2.0.0
2023-04-05 15:44:09,805 [INFO] ThirdParty:1030 - CMSIS Pack Vendor :STMicroelectronics X-CUBE-SUBG2 5.0.0
2023-04-05 15:44:09,805 [INFO] ThirdParty:1030 - CMSIS Pack Vendor :STMicroelectronics X-CUBE-NFC4 3.0.0
2023-04-05 15:44:09,805 [INFO] ThirdParty:1030 - CMSIS Pack Vendor :STMicroelectronics STM32_WPAN 1.0.0
2023-04-05 15:44:09,805 [INFO] ThirdParty:1030 - CMSIS Pack Vendor :STMicroelectronics lwIP 2.0.3
2023-04-05 15:44:09,805 [INFO] ThirdParty:1030 - CMSIS Pack Vendor :STMicroelectronics USB_HOST 1.0.0
2023-04-05 15:44:09,805 [INFO] ThirdParty:1030 - CMSIS Pack Vendor :STMicroelectronics PDM2PCM 3.1.0
2023-04-05 15:44:09,805 [INFO] ThirdParty:1030 - CMSIS Pack Vendor :STMicroelectronics X-CUBE-TOF1 3.3.0
2023-04-05 15:44:09,805 [INFO] ThirdParty:1030 - CMSIS Pack Vendor :STMicroelectronics FP-ATR-ASTRA1 1.1.1
2023-04-05 15:44:09,805 [INFO] ThirdParty:1030 - CMSIS Pack Vendor :STMicroelectronics PDM2PCM 3.3.0
2023-04-05 15:44:09,805 [INFO] ThirdParty:1030 - CMSIS Pack Vendor :STMicroelectronics X-CUBE-DISPLAY 3.0.0
2023-04-05 15:44:09,805 [INFO] ThirdParty:1030 - CMSIS Pack Vendor :STMicroelectronics X-CUBE-AZRTOS-G4 1.0.0
2023-04-05 15:44:09,805 [INFO] ThirdParty:1030 - CMSIS Pack Vendor :STMicroelectronics FP-ATR-SIGFOX1 3.2.0
2023-04-05 15:44:09,805 [INFO] ThirdParty:1030 - CMSIS Pack Vendor :STMicroelectronics X-CUBE-AZRTOS-L4 1.0.0
2023-04-05 15:44:09,805 [INFO] ThirdParty:1030 - CMSIS Pack Vendor :STMicroelectronics HAL Drivers 0.0.0
2023-04-05 15:44:09,805 [INFO] ThirdParty:1030 - CMSIS Pack Vendor :STMicroelectronics MBEDTLS 2.16.2
2023-04-05 15:44:09,805 [INFO] ThirdParty:1030 - CMSIS Pack Vendor :STMicroelectronics MBEDTLS 2.14.1
2023-04-05 15:44:09,805 [INFO] ThirdParty:1030 - CMSIS Pack Vendor :STMicroelectronics X-CUBE-NFC7 1.0.0
2023-04-05 15:44:09,805 [INFO] ThirdParty:1030 - CMSIS Pack Vendor :STMicroelectronics X-CUBE-AZRTOS-WL 1.0.0
2023-04-05 15:44:09,805 [INFO] ThirdParty:1030 - CMSIS Pack Vendor :STMicroelectronics X-CUBE-EEPRMA1 4.1.0
2023-04-05 15:44:09,805 [INFO] ThirdParty:1030 - CMSIS Pack Vendor :portGmbH I-Cube-SoM-uGOAL 1.1.0
2023-04-05 15:44:09,805 [INFO] ThirdParty:1030 - CMSIS Pack Vendor :STMicroelectronics X-CUBE-ALS 1.0.1
2023-04-05 15:44:09,805 [INFO] ThirdParty:1030 - CMSIS Pack Vendor :STMicroelectronics X-CUBE-MEMS1 9.5.0
2023-04-05 15:44:09,805 [INFO] ThirdParty:1030 - CMSIS Pack Vendor :STMicroelectronics ThreadX 1.0.0
2023-04-05 15:44:09,805 [INFO] ThirdParty:1030 - CMSIS Pack Vendor :STMicroelectronics X-CUBE-AZRTOS-WB 1.1.0
2023-04-05 15:44:09,805 [INFO] ThirdParty:1030 - CMSIS Pack Vendor :SEGGER I-CUBE-embOS 1.3.1
2023-04-05 15:44:09,805 [INFO] ThirdParty:1030 - CMSIS Pack Vendor :STMicroelectronics USB_DEVICE 1.0.0
2023-04-05 15:44:09,805 [INFO] ThirdParty:1030 - CMSIS Pack Vendor :STMicroelectronics ThreadX 0.0.2
2023-04-05 15:44:09,805 [INFO] ThirdParty:1030 - CMSIS Pack Vendor :WES I-CUBE-Cesium 1.3.0
2023-04-05 15:44:09,805 [INFO] ThirdParty:1030 - CMSIS Pack Vendor :STMicroelectronics lwIP 2.1.2
2023-04-05 15:44:09,805 [INFO] ThirdParty:1030 - CMSIS Pack Vendor :STMicroelectronics X-CUBE-SFXS2LP1 4.0.0
2023-04-05 15:44:09,805 [INFO] ThirdParty:1030 - CMSIS Pack Vendor :STMicroelectronics X-CUBE-BLE2 3.3.0
2023-04-05 15:44:09,805 [INFO] ThirdParty:1030 - CMSIS Pack Vendor :STMicroelectronics PDM2PCM 3.2.0
2023-04-05 15:44:09,805 [INFO] ThirdParty:1030 - CMSIS Pack Vendor :STMicroelectronics X-CUBE-AZRTOS-H7 3.0.0
2023-04-05 15:44:09,805 [INFO] ThirdParty:841 - exiting critical section [change project]
2023-04-05 15:44:10,022 [INFO] PinOutPanel:1499 - setPackage(No Configuration,No Configuration)
2023-04-05 15:44:10,037 [INFO] PinOutPanel:1499 - setPackage(STM32F405RGTx,LQFP64)
2023-04-05 15:44:10,375 [INFO] UtilMem:75 - Before build in PCC Used Memory: 319091200 Bytes (420478976)
2023-04-05 15:44:10,854 [INFO] UtilMem:75 - After build in PCC Used Memory: 206073616 Bytes (420478976)
2023-04-05 15:44:10,876 [INFO] IPUIPlugin:80 - create IPUIPlugin
2023-04-05 15:44:10,876 [INFO] IPUIPlugin:80 - create IPUIPlugin
2023-04-05 15:44:10,876 [INFO] IPUIPlugin:80 - create IPUIPlugin
2023-04-05 15:44:10,876 [INFO] IPUIPlugin:80 - create IPUIPlugin
2023-04-05 15:44:10,876 [INFO] IPUIPlugin:80 - create IPUIPlugin
2023-04-05 15:44:10,876 [INFO] IPUIPlugin:80 - create IPUIPlugin
2023-04-05 15:44:10,876 [INFO] IPUIPlugin:80 - create IPUIPlugin
2023-04-05 15:44:10,876 [INFO] IPUIPlugin:80 - create IPUIPlugin
2023-04-05 15:44:10,876 [INFO] IPUIPlugin:80 - create IPUIPlugin
2023-04-05 15:44:10,876 [INFO] IPUIPlugin:80 - create IPUIPlugin
2023-04-05 15:44:10,876 [INFO] IPUIPlugin:80 - create IPUIPlugin
2023-04-05 15:44:10,876 [INFO] IPUIPlugin:80 - create IPUIPlugin
2023-04-05 15:44:10,876 [INFO] IPUIPlugin:80 - create IPUIPlugin
2023-04-05 15:44:10,876 [INFO] IPUIPlugin:80 - create IPUIPlugin
2023-04-05 15:44:10,876 [INFO] IPUIPlugin:80 - create IPUIPlugin
2023-04-05 15:44:10,876 [INFO] IPUIPlugin:80 - create IPUIPlugin
2023-04-05 15:44:10,876 [INFO] IPUIPlugin:80 - create IPUIPlugin
2023-04-05 15:44:10,876 [INFO] IPUIPlugin:80 - create IPUIPlugin
2023-04-05 15:44:10,876 [INFO] IPUIPlugin:80 - create IPUIPlugin
2023-04-05 15:44:10,876 [INFO] IPUIPlugin:80 - create IPUIPlugin
2023-04-05 15:44:10,876 [INFO] IPUIPlugin:80 - create IPUIPlugin
2023-04-05 15:44:10,876 [INFO] IPUIPlugin:80 - create IPUIPlugin
2023-04-05 15:44:10,876 [INFO] IPUIPlugin:80 - create IPUIPlugin
2023-04-05 15:44:10,876 [INFO] IPUIPlugin:80 - create IPUIPlugin
2023-04-05 15:44:10,876 [INFO] IPUIPlugin:80 - create IPUIPlugin
2023-04-05 15:44:10,876 [INFO] IPUIPlugin:80 - create IPUIPlugin
2023-04-05 15:44:10,876 [INFO] IPUIPlugin:80 - create IPUIPlugin
2023-04-05 15:44:10,876 [INFO] IPUIPlugin:80 - create IPUIPlugin
2023-04-05 15:44:10,876 [INFO] IPUIPlugin:80 - create IPUIPlugin
2023-04-05 15:44:10,876 [INFO] IPUIPlugin:80 - create IPUIPlugin
2023-04-05 15:44:10,876 [INFO] IPUIPlugin:80 - create IPUIPlugin
2023-04-05 15:44:10,876 [INFO] IPUIPlugin:80 - create IPUIPlugin
2023-04-05 15:44:10,876 [INFO] IPUIPlugin:80 - create IPUIPlugin
2023-04-05 15:44:10,876 [INFO] IPUIPlugin:80 - create IPUIPlugin
2023-04-05 15:44:10,876 [INFO] IPUIPlugin:80 - create IPUIPlugin
2023-04-05 15:44:10,876 [INFO] IPUIPlugin:80 - create IPUIPlugin
2023-04-05 15:44:10,876 [INFO] IPUIPlugin:80 - create IPUIPlugin
2023-04-05 15:44:10,876 [INFO] IPUIPlugin:80 - create IPUIPlugin
2023-04-05 15:44:10,876 [INFO] IPUIPlugin:80 - create IPUIPlugin
2023-04-05 15:44:10,876 [INFO] IPUIPlugin:80 - create IPUIPlugin
2023-04-05 15:44:10,876 [INFO] IPUIPlugin:80 - create IPUIPlugin
2023-04-05 15:44:10,876 [INFO] IPUIPlugin:80 - create IPUIPlugin
2023-04-05 15:44:10,876 [INFO] IPUIPlugin:80 - create IPUIPlugin
2023-04-05 15:44:10,876 [INFO] IPUIPlugin:80 - create IPUIPlugin
2023-04-05 15:44:10,876 [INFO] IPUIPlugin:80 - create IPUIPlugin
2023-04-05 15:44:10,876 [INFO] IPUIPlugin:80 - create IPUIPlugin
2023-04-05 15:44:10,876 [INFO] IPUIPlugin:80 - create IPUIPlugin
2023-04-05 15:44:10,876 [INFO] IPUIPlugin:80 - create IPUIPlugin
2023-04-05 15:44:10,876 [INFO] IPUIPlugin:80 - create IPUIPlugin
2023-04-05 15:44:10,876 [INFO] IPUIPlugin:80 - create IPUIPlugin
2023-04-05 15:44:10,876 [INFO] IPUIPlugin:80 - create IPUIPlugin
2023-04-05 15:44:10,876 [INFO] IPUIPlugin:80 - create IPUIPlugin
2023-04-05 15:44:10,876 [INFO] IPUIPlugin:80 - create IPUIPlugin
2023-04-05 15:44:10,892 [INFO] IPUIPlugin:80 - create IPUIPlugin
2023-04-05 15:44:10,939 [INFO] ApiDbMcu:507 - Load IP Config File for PDM2PCM
2023-04-05 15:44:10,939 [INFO] Can:71 - Can Add PropertyChangeListener com.st.microxplorer.plugins.ip.can.Can@694edd91
2023-04-05 15:44:11,070 [INFO] CADModel:165 - CPN selected for project levelSTM32F405RGT6
2023-04-05 15:44:11,070 [INFO] CADModel:114 - Register for checkConnection events
2023-04-05 15:44:11,124 [INFO] OpenFileManager:328 - Restore cursor
2023-04-05 15:46:03,229 [INFO] NvicIntPanel:101 - NVIC parent = com.st.microxplorer.plugins.ip.nvic.MultiNvicIntPanel[,0,0,0x0,invalid,layout=javax.swing.BoxLayout,alignmentX=0.0,alignmentY=0.0,border=,flags=9,maximumSize=,minimumSize=,preferredSize=]
2023-04-05 16:50:46,698 [INFO] NvicIntPanel:101 - NVIC parent = com.st.microxplorer.plugins.ip.nvic.MultiNvicIntPanel[,0,0,0x0,invalid,layout=javax.swing.BoxLayout,alignmentX=0.0,alignmentY=0.0,border=,flags=9,maximumSize=,minimumSize=,preferredSize=]
2023-04-05 16:51:18,979 [INFO] NvicIntPanel:101 - NVIC parent = com.st.microxplorer.plugins.ip.nvic.MultiNvicIntPanel[,0,0,0x0,invalid,layout=javax.swing.BoxLayout,alignmentX=0.0,alignmentY=0.0,border=,flags=9,maximumSize=,minimumSize=,preferredSize=]
2023-04-05 16:51:19,836 [INFO] NvicIntPanel:101 - NVIC parent = com.st.microxplorer.plugins.ip.nvic.MultiNvicIntPanel[,0,0,0x0,invalid,layout=javax.swing.BoxLayout,alignmentX=0.0,alignmentY=0.0,border=,flags=9,maximumSize=,minimumSize=,preferredSize=]
2023-04-05 16:51:49,804 [INFO] NvicIntPanel:101 - NVIC parent = com.st.microxplorer.plugins.ip.nvic.MultiNvicIntPanel[,0,0,573x473,layout=javax.swing.BoxLayout,alignmentX=0.0,alignmentY=0.0,border=,flags=9,maximumSize=,minimumSize=,preferredSize=]
2023-04-05 16:52:01,669 [INFO] NvicIntPanel:101 - NVIC parent = com.st.microxplorer.plugins.ip.nvic.MultiNvicIntPanel[,0,0,0x0,invalid,layout=javax.swing.BoxLayout,alignmentX=0.0,alignmentY=0.0,border=,flags=9,maximumSize=,minimumSize=,preferredSize=]
2023-04-05 16:52:03,389 [INFO] NvicIntPanel:101 - NVIC parent = com.st.microxplorer.plugins.ip.nvic.MultiNvicIntPanel[,0,0,0x0,invalid,layout=javax.swing.BoxLayout,alignmentX=0.0,alignmentY=0.0,border=,flags=9,maximumSize=,minimumSize=,preferredSize=]
2023-04-05 16:52:18,713 [INFO] UtilMem:75 - End SaveConfig() Used Memory: 221838032 Bytes (420478976)
2023-04-05 16:52:19,898 [INFO] UtilMem:75 - End SaveConfig() Used Memory: 245433040 Bytes (420478976)
2023-04-05 16:52:21,952 [INFO] UtilMem:75 - End SaveConfig() Used Memory: 292092624 Bytes (420478976)
2023-04-05 16:52:22,238 [INFO] BlockDiagram:2759 - set Specific Code input for plugin: CAN
2023-04-05 16:52:22,238 [INFO] BlockDiagram:2759 - set Specific Code input for plugin: RCC
2023-04-05 16:52:22,238 [INFO] BlockDiagram:2759 - set Specific Code input for plugin: NVIC
2023-04-05 16:52:22,238 [INFO] BlockDiagram:2759 - set Specific Code input for plugin: GPIO
2023-04-05 16:52:22,238 [INFO] CodeGenerator:793 - code generatio: config db path: C:\ST\STM32CubeIDE_1.12.0\STM32CubeIDE\plugins\com.st.stm32cube.common.mx_6.8.0.202302231600\\db\
2023-04-05 16:52:22,421 [INFO] CodeEngine:255 - oldGeneratedFile, C:\Users\ktp21\STM32CubeIDE\workspace_1.12.0\CANtest\MXTmpFiles\license.tmp_save
2023-04-05 16:52:22,621 [INFO] CodeEngine:279 - Generated code: C:\Users\ktp21\STM32CubeIDE\workspace_1.12.0\CANtest\MXTmpFiles\license.tmp
2023-04-05 16:52:22,668 [INFO] CodeEngine:255 - oldGeneratedFile, C:\Users\ktp21\STM32CubeIDE\workspace_1.12.0\CANtest\MXTmpFiles\gpio.tmp_save
2023-04-05 16:52:22,737 [INFO] CodeEngine:279 - Generated code: C:\Users\ktp21\STM32CubeIDE\workspace_1.12.0\CANtest\MXTmpFiles\gpio.tmp
2023-04-05 16:52:22,790 [INFO] CodeEngine:255 - oldGeneratedFile, C:\Users\ktp21\STM32CubeIDE\workspace_1.12.0\CANtest\Core\Src\stm32f4xx_it.c_save
2023-04-05 16:52:22,884 [INFO] CodeEngine:279 - Generated code: C:\Users\ktp21\STM32CubeIDE\workspace_1.12.0\CANtest\Core\Src\stm32f4xx_it.c
2023-04-05 16:52:22,891 [INFO] CodeEngine:255 - oldGeneratedFile, C:\Users\ktp21\STM32CubeIDE\workspace_1.12.0\CANtest\Core\Inc\stm32f4xx_it.h_save
2023-04-05 16:52:22,937 [INFO] CodeEngine:279 - Generated code: C:\Users\ktp21\STM32CubeIDE\workspace_1.12.0\CANtest\Core\Inc\stm32f4xx_it.h
2023-04-05 16:52:22,969 [INFO] CodeEngine:255 - oldGeneratedFile, C:\Users\ktp21\STM32CubeIDE\workspace_1.12.0\CANtest\Core\Src\stm32f4xx_hal_msp.c_save
2023-04-05 16:52:23,038 [INFO] CodeEngine:279 - Generated code: C:\Users\ktp21\STM32CubeIDE\workspace_1.12.0\CANtest\Core\Src\stm32f4xx_hal_msp.c
2023-04-05 16:52:23,038 [INFO] CodeEngine:255 - oldGeneratedFile, C:\Users\ktp21\STM32CubeIDE\workspace_1.12.0\CANtest\MXTmpFiles\system.tmp_save
2023-04-05 16:52:23,069 [INFO] CodeEngine:279 - Generated code: C:\Users\ktp21\STM32CubeIDE\workspace_1.12.0\CANtest\MXTmpFiles\system.tmp
2023-04-05 16:52:23,091 [INFO] CodeEngine:311 - oldGeneratedFile, C:\Users\ktp21\STM32CubeIDE\workspace_1.12.0\CANtest\Core\Inc\stm32f4xx_hal_conf.h_save
2023-04-05 16:52:23,138 [INFO] CodeEngine:335 - Generated code: C:\Users\ktp21\STM32CubeIDE\workspace_1.12.0\CANtest\Core\Inc\stm32f4xx_hal_conf.h
2023-04-05 16:52:23,191 [INFO] CodeEngine:255 - oldGeneratedFile, C:\Users\ktp21\STM32CubeIDE\workspace_1.12.0\CANtest\Core\Inc\main.h_save
2023-04-05 16:52:23,264 [INFO] CodeEngine:279 - Generated code: C:\Users\ktp21\STM32CubeIDE\workspace_1.12.0\CANtest\Core\Inc\main.h
2023-04-05 16:52:23,280 [INFO] CodeEngine:255 - oldGeneratedFile, C:\Users\ktp21\STM32CubeIDE\workspace_1.12.0\CANtest\Core\Src\main.c_save
2023-04-05 16:52:23,354 [INFO] CodeEngine:279 - Generated code: C:\Users\ktp21\STM32CubeIDE\workspace_1.12.0\CANtest\Core\Src\main.c
2023-04-05 16:52:23,940 [INFO] ProjectBuilder:2996 - Time for Copy HAL[1] : 317mS.
2023-04-05 16:52:23,955 [INFO] ProjectBuilder:4304 - Project Generator version: 3.19.2
2023-04-05 16:52:24,148 [INFO] ConfigFileManager:1483 - The Die is : DIE413
2023-04-05 16:52:24,158 [INFO] ApiDbMcu:507 - Load IP Config File for FATFS
2023-04-05 16:52:24,166 [INFO] ApiDbMcu:507 - Load IP Config File for FREERTOS
2023-04-05 16:52:24,171 [INFO] ApiDbMcu:507 - Load IP Config File for LIBJPEG
2023-04-05 16:52:24,178 [INFO] ApiDbMcu:507 - Load IP Config File for MBEDTLS
2023-04-05 16:52:24,185 [INFO] ApiDbMcu:507 - Load IP Config File for USB_DEVICE
2023-04-05 16:52:24,194 [INFO] ApiDbMcu:507 - Load IP Config File for USB_HOST
2023-04-05 16:52:24,811 [INFO] LogOutputStream:77 - [STDOUT_REDIRECT] 
2023-04-05 16:52:25,613 [INFO] ProjectBuilder:4505 - Time for Generating toolchain IDE Files: 1658mS.
2023-04-05 16:52:25,613 [INFO] ProjectBuilder:2867 - Time for Copy CMSIS : 0mS.
2023-04-05 16:52:25,613 [INFO] ProjectBuilder:2867 - Time for Copy CMSIS : 0mS.
