2023-04-14 10:40:09,096 [ERROR] LogOutputStream:75 - [STDERR_REDIRECT] Exception in thread "AWT-EventQueue-0" java.lang.ClassCastException: class sun.awt.windows.WEmbeddedFrame cannot be cast to class javax.swing.JFrame (sun.awt.windows.WEmbeddedFrame and javax.swing.JFrame are in module java.desktop of loader 'bootstrap')
2023-04-14 10:40:09,110 [ERROR] LogOutputStream:75 - [STDERR_REDIRECT] 	at com.st.microxplorer.plugins.clock.ClockConfigurationView.activatePlugin(ClockConfigurationView.java:425)
2023-04-14 10:40:09,110 [ERROR] LogOutputStream:75 - [STDERR_REDIRECT] 	at com.st.microxplorer.maingui.MainPanel$1.stateChanged(MainPanel.java:358)
2023-04-14 10:40:09,110 [ERROR] LogOutputStream:75 - [STDERR_REDIRECT] 	at java.desktop/javax.swing.JTabbedPane.fireStateChanged(JTabbedPane.java:418)
2023-04-14 10:40:09,110 [ERROR] LogOutputStream:75 - [STDERR_REDIRECT] 	at java.desktop/javax.swing.JTabbedPane$ModelListener.stateChanged(JTabbedPane.java:269)
2023-04-14 10:40:09,110 [ERROR] LogOutputStream:75 - [STDERR_REDIRECT] 	at java.desktop/javax.swing.DefaultSingleSelectionModel.fireStateChanged(DefaultSingleSelectionModel.java:143)
2023-04-14 10:40:09,110 [ERROR] LogOutputStream:75 - [STDERR_REDIRECT] 	at java.desktop/javax.swing.DefaultSingleSelectionModel.setSelectedIndex(DefaultSingleSelectionModel.java:74)
2023-04-14 10:40:09,110 [ERROR] LogOutputStream:75 - [STDERR_REDIRECT] 	at java.desktop/javax.swing.JTabbedPane.setSelectedIndexImpl(JTabbedPane.java:622)
2023-04-14 10:40:09,110 [ERROR] LogOutputStream:75 - [STDERR_REDIRECT] 	at java.desktop/javax.swing.JTabbedPane.setSelectedIndex(JTabbedPane.java:597)
2023-04-14 10:40:09,110 [ERROR] LogOutputStream:75 - [STDERR_REDIRECT] 	at java.desktop/javax.swing.plaf.basic.BasicTabbedPaneUI$Handler.mousePressed(BasicTabbedPaneUI.java:4090)
2023-04-14 10:40:09,110 [ERROR] LogOutputStream:75 - [STDERR_REDIRECT] 	at java.desktop/java.awt.Component.processMouseEvent(Component.java:6632)
2023-04-14 10:40:09,110 [ERROR] LogOutputStream:75 - [STDERR_REDIRECT] 	at java.desktop/javax.swing.JComponent.processMouseEvent(JComponent.java:3342)
2023-04-14 10:40:09,110 [ERROR] LogOutputStream:75 - [STDERR_REDIRECT] 	at java.desktop/java.awt.Component.processEvent(Component.java:6400)
2023-04-14 10:40:09,110 [ERROR] LogOutputStream:75 - [STDERR_REDIRECT] 	at java.desktop/java.awt.Container.processEvent(Container.java:2263)
2023-04-14 10:40:09,110 [ERROR] LogOutputStream:75 - [STDERR_REDIRECT] 	at java.desktop/java.awt.Component.dispatchEventImpl(Component.java:5011)
2023-04-14 10:40:09,110 [ERROR] LogOutputStream:75 - [STDERR_REDIRECT] 	at java.desktop/java.awt.Container.dispatchEventImpl(Container.java:2321)
2023-04-14 10:40:09,110 [ERROR] LogOutputStream:75 - [STDERR_REDIRECT] 	at java.desktop/java.awt.Component.dispatchEvent(Component.java:4843)
2023-04-14 10:40:09,126 [ERROR] LogOutputStream:75 - [STDERR_REDIRECT] 	at java.desktop/java.awt.LightweightDispatcher.retargetMouseEvent(Container.java:4918)
2023-04-14 10:40:09,126 [ERROR] LogOutputStream:75 - [STDERR_REDIRECT] 	at java.desktop/java.awt.LightweightDispatcher.processMouseEvent(Container.java:4544)
2023-04-14 10:40:09,126 [ERROR] LogOutputStream:75 - [STDERR_REDIRECT] 	at java.desktop/java.awt.LightweightDispatcher.dispatchEvent(Container.java:4488)
2023-04-14 10:40:09,127 [ERROR] LogOutputStream:75 - [STDERR_REDIRECT] 	at java.desktop/java.awt.Container.dispatchEventImpl(Container.java:2307)
2023-04-14 10:40:09,127 [ERROR] LogOutputStream:75 - [STDERR_REDIRECT] 	at java.desktop/java.awt.Component.dispatchEvent(Component.java:4843)
2023-04-14 10:40:09,127 [ERROR] LogOutputStream:75 - [STDERR_REDIRECT] 	at java.desktop/java.awt.EventQueue.dispatchEventImpl(EventQueue.java:772)
2023-04-14 10:40:09,127 [ERROR] LogOutputStream:75 - [STDERR_REDIRECT] 	at java.desktop/java.awt.EventQueue$4.run(EventQueue.java:721)
2023-04-14 10:40:09,127 [ERROR] LogOutputStream:75 - [STDERR_REDIRECT] 	at java.desktop/java.awt.EventQueue$4.run(EventQueue.java:715)
2023-04-14 10:40:09,127 [ERROR] LogOutputStream:75 - [STDERR_REDIRECT] 	at java.base/java.security.AccessController.doPrivileged(Native Method)
2023-04-14 10:40:09,127 [ERROR] LogOutputStream:75 - [STDERR_REDIRECT] 	at java.base/java.security.ProtectionDomain$JavaSecurityAccessImpl.doIntersectionPrivilege(ProtectionDomain.java:85)
2023-04-14 10:40:09,127 [ERROR] LogOutputStream:75 - [STDERR_REDIRECT] 	at java.base/java.security.ProtectionDomain$JavaSecurityAccessImpl.doIntersectionPrivilege(ProtectionDomain.java:95)
2023-04-14 10:40:09,127 [ERROR] LogOutputStream:75 - [STDERR_REDIRECT] 	at java.desktop/java.awt.EventQueue$5.run(EventQueue.java:745)
2023-04-14 10:40:09,127 [ERROR] LogOutputStream:75 - [STDERR_REDIRECT] 	at java.desktop/java.awt.EventQueue$5.run(EventQueue.java:743)
2023-04-14 10:40:09,127 [ERROR] LogOutputStream:75 - [STDERR_REDIRECT] 	at java.base/java.security.AccessController.doPrivileged(Native Method)
2023-04-14 10:40:09,127 [ERROR] LogOutputStream:75 - [STDERR_REDIRECT] 	at java.base/java.security.ProtectionDomain$JavaSecurityAccessImpl.doIntersectionPrivilege(ProtectionDomain.java:85)
2023-04-14 10:40:09,127 [ERROR] LogOutputStream:75 - [STDERR_REDIRECT] 	at java.desktop/java.awt.EventQueue.dispatchEvent(EventQueue.java:742)
2023-04-14 10:40:09,127 [ERROR] LogOutputStream:75 - [STDERR_REDIRECT] 	at java.desktop/java.awt.EventDispatchThread.pumpOneEventForFilters(EventDispatchThread.java:203)
2023-04-14 10:40:09,127 [ERROR] LogOutputStream:75 - [STDERR_REDIRECT] 	at java.desktop/java.awt.EventDispatchThread.pumpEventsForFilter(EventDispatchThread.java:124)
2023-04-14 10:40:09,127 [ERROR] LogOutputStream:75 - [STDERR_REDIRECT] 	at java.desktop/java.awt.EventDispatchThread.pumpEventsForHierarchy(EventDispatchThread.java:113)
2023-04-14 10:40:09,127 [ERROR] LogOutputStream:75 - [STDERR_REDIRECT] 	at java.desktop/java.awt.EventDispatchThread.pumpEvents(EventDispatchThread.java:109)
2023-04-14 10:40:09,127 [ERROR] LogOutputStream:75 - [STDERR_REDIRECT] 	at java.desktop/java.awt.EventDispatchThread.pumpEvents(EventDispatchThread.java:101)
2023-04-14 10:40:09,127 [ERROR] LogOutputStream:75 - [STDERR_REDIRECT] 	at java.desktop/java.awt.EventDispatchThread.run(EventDispatchThread.java:90)
2023-04-14 10:40:15,944 [WARN] IP:2113 - DEVICE_SERIAL0_CDC_FS not found: check if there is a RefParameter without a condition.
2023-04-14 10:40:15,944 [WARN] IP:2113 - DEVICE_SERIAL1_CDC_FS not found: check if there is a RefParameter without a condition.
2023-04-14 10:40:15,944 [WARN] IP:2113 - DEVICE_SERIAL2_CDC_FS not found: check if there is a RefParameter without a condition.
2023-04-14 10:40:15,944 [WARN] IP:2113 - DEVICE_SERIAL0_CDC_FS not found: check if there is a RefParameter without a condition.
2023-04-14 10:40:15,944 [WARN] IP:2113 - DEVICE_SERIAL1_CDC_FS not found: check if there is a RefParameter without a condition.
2023-04-14 10:40:15,944 [WARN] IP:2113 - DEVICE_SERIAL2_CDC_FS not found: check if there is a RefParameter without a condition.
2023-04-14 10:40:25,633 [WARN] IP:2113 - DEVICE_SERIAL0_CDC_FS not found: check if there is a RefParameter without a condition.
2023-04-14 10:40:25,633 [WARN] IP:2113 - DEVICE_SERIAL1_CDC_FS not found: check if there is a RefParameter without a condition.
2023-04-14 10:40:25,633 [WARN] IP:2113 - DEVICE_SERIAL2_CDC_FS not found: check if there is a RefParameter without a condition.
2023-04-14 10:40:25,633 [WARN] IP:2113 - DEVICE_SERIAL0_CDC_FS not found: check if there is a RefParameter without a condition.
2023-04-14 10:40:25,633 [WARN] IP:2113 - DEVICE_SERIAL1_CDC_FS not found: check if there is a RefParameter without a condition.
2023-04-14 10:40:25,633 [WARN] IP:2113 - DEVICE_SERIAL2_CDC_FS not found: check if there is a RefParameter without a condition.
2023-04-14 10:40:42,717 [INFO] NvicIntPanel:101 - NVIC parent = com.st.microxplorer.plugins.ip.nvic.MultiNvicIntPanel[,0,0,0x0,invalid,layout=javax.swing.BoxLayout,alignmentX=0.0,alignmentY=0.0,border=,flags=9,maximumSize=,minimumSize=,preferredSize=]
2023-04-14 10:40:42,748 [INFO] NvicIntPanel:101 - NVIC parent = com.st.microxplorer.plugins.ip.nvic.MultiNvicIntPanel[,0,0,0x0,invalid,layout=javax.swing.BoxLayout,alignmentX=0.0,alignmentY=0.0,border=,flags=9,maximumSize=,minimumSize=,preferredSize=]
2023-04-14 10:40:49,352 [INFO] NvicIntPanel:101 - NVIC parent = com.st.microxplorer.plugins.ip.nvic.MultiNvicIntPanel[,0,0,0x0,invalid,layout=javax.swing.BoxLayout,alignmentX=0.0,alignmentY=0.0,border=,flags=9,maximumSize=,minimumSize=,preferredSize=]
2023-04-14 10:40:49,390 [INFO] NvicIntPanel:101 - NVIC parent = com.st.microxplorer.plugins.ip.nvic.MultiNvicIntPanel[,0,0,0x0,invalid,layout=javax.swing.BoxLayout,alignmentX=0.0,alignmentY=0.0,border=,flags=9,maximumSize=,minimumSize=,preferredSize=]
2023-04-14 10:40:54,549 [INFO] NvicIntPanel:101 - NVIC parent = com.st.microxplorer.plugins.ip.nvic.MultiNvicIntPanel[,0,0,0x0,invalid,layout=javax.swing.BoxLayout,alignmentX=0.0,alignmentY=0.0,border=,flags=9,maximumSize=,minimumSize=,preferredSize=]
2023-04-14 10:40:54,587 [INFO] NvicIntPanel:101 - NVIC parent = com.st.microxplorer.plugins.ip.nvic.MultiNvicIntPanel[,0,0,0x0,invalid,layout=javax.swing.BoxLayout,alignmentX=0.0,alignmentY=0.0,border=,flags=9,maximumSize=,minimumSize=,preferredSize=]
2023-04-14 10:41:01,122 [INFO] NvicIntPanel:101 - NVIC parent = com.st.microxplorer.plugins.ip.nvic.MultiNvicIntPanel[,0,0,0x0,invalid,layout=javax.swing.BoxLayout,alignmentX=0.0,alignmentY=0.0,border=,flags=9,maximumSize=,minimumSize=,preferredSize=]
2023-04-14 10:41:01,153 [INFO] NvicIntPanel:101 - NVIC parent = com.st.microxplorer.plugins.ip.nvic.MultiNvicIntPanel[,0,0,0x0,invalid,layout=javax.swing.BoxLayout,alignmentX=0.0,alignmentY=0.0,border=,flags=9,maximumSize=,minimumSize=,preferredSize=]
2023-04-14 10:41:03,111 [INFO] NvicIntPanel:101 - NVIC parent = com.st.microxplorer.plugins.ip.nvic.MultiNvicIntPanel[,0,0,0x0,invalid,layout=javax.swing.BoxLayout,alignmentX=0.0,alignmentY=0.0,border=,flags=9,maximumSize=,minimumSize=,preferredSize=]
2023-04-14 10:41:05,510 [INFO] NvicIntPanel:101 - NVIC parent = com.st.microxplorer.plugins.ip.nvic.MultiNvicIntPanel[,0,0,0x0,invalid,layout=javax.swing.BoxLayout,alignmentX=0.0,alignmentY=0.0,border=,flags=9,maximumSize=,minimumSize=,preferredSize=]
2023-04-14 10:41:08,326 [INFO] NvicIntPanel:101 - NVIC parent = com.st.microxplorer.plugins.ip.nvic.MultiNvicIntPanel[,0,0,0x0,invalid,layout=javax.swing.BoxLayout,alignmentX=0.0,alignmentY=0.0,border=,flags=9,maximumSize=,minimumSize=,preferredSize=]
2023-04-14 10:41:08,357 [INFO] NvicIntPanel:101 - NVIC parent = com.st.microxplorer.plugins.ip.nvic.MultiNvicIntPanel[,0,0,0x0,invalid,layout=javax.swing.BoxLayout,alignmentX=0.0,alignmentY=0.0,border=,flags=9,maximumSize=,minimumSize=,preferredSize=]
2023-04-14 10:41:09,728 [INFO] NvicIntPanel:101 - NVIC parent = com.st.microxplorer.plugins.ip.nvic.MultiNvicIntPanel[,0,0,0x0,invalid,layout=javax.swing.BoxLayout,alignmentX=0.0,alignmentY=0.0,border=,flags=9,maximumSize=,minimumSize=,preferredSize=]
2023-04-14 10:41:09,775 [INFO] NvicIntPanel:101 - NVIC parent = com.st.microxplorer.plugins.ip.nvic.MultiNvicIntPanel[,0,0,0x0,invalid,layout=javax.swing.BoxLayout,alignmentX=0.0,alignmentY=0.0,border=,flags=9,maximumSize=,minimumSize=,preferredSize=]
2023-04-14 10:41:13,336 [INFO] NvicIntPanel:101 - NVIC parent = com.st.microxplorer.plugins.ip.nvic.MultiNvicIntPanel[,0,0,0x0,invalid,layout=javax.swing.BoxLayout,alignmentX=0.0,alignmentY=0.0,border=,flags=9,maximumSize=,minimumSize=,preferredSize=]
2023-04-14 10:41:13,383 [INFO] NvicIntPanel:101 - NVIC parent = com.st.microxplorer.plugins.ip.nvic.MultiNvicIntPanel[,0,0,0x0,invalid,layout=javax.swing.BoxLayout,alignmentX=0.0,alignmentY=0.0,border=,flags=9,maximumSize=,minimumSize=,preferredSize=]
2023-04-14 10:41:15,405 [INFO] NvicIntPanel:101 - NVIC parent = com.st.microxplorer.plugins.ip.nvic.MultiNvicIntPanel[,0,0,0x0,invalid,layout=javax.swing.BoxLayout,alignmentX=0.0,alignmentY=0.0,border=,flags=9,maximumSize=,minimumSize=,preferredSize=]
2023-04-14 10:41:15,443 [INFO] NvicIntPanel:101 - NVIC parent = com.st.microxplorer.plugins.ip.nvic.MultiNvicIntPanel[,0,0,0x0,invalid,layout=javax.swing.BoxLayout,alignmentX=0.0,alignmentY=0.0,border=,flags=9,maximumSize=,minimumSize=,preferredSize=]
2023-04-14 10:41:18,930 [INFO] NvicIntPanel:101 - NVIC parent = com.st.microxplorer.plugins.ip.nvic.MultiNvicIntPanel[,0,0,0x0,invalid,layout=javax.swing.BoxLayout,alignmentX=0.0,alignmentY=0.0,border=,flags=9,maximumSize=,minimumSize=,preferredSize=]
2023-04-14 10:41:18,952 [INFO] NvicIntPanel:101 - NVIC parent = com.st.microxplorer.plugins.ip.nvic.MultiNvicIntPanel[,0,0,0x0,invalid,layout=javax.swing.BoxLayout,alignmentX=0.0,alignmentY=0.0,border=,flags=9,maximumSize=,minimumSize=,preferredSize=]
2023-04-14 10:41:21,273 [INFO] NvicIntPanel:101 - NVIC parent = com.st.microxplorer.plugins.ip.nvic.MultiNvicIntPanel[,0,0,0x0,invalid,layout=javax.swing.BoxLayout,alignmentX=0.0,alignmentY=0.0,border=,flags=9,maximumSize=,minimumSize=,preferredSize=]
2023-04-14 10:41:21,320 [INFO] NvicIntPanel:101 - NVIC parent = com.st.microxplorer.plugins.ip.nvic.MultiNvicIntPanel[,0,0,0x0,invalid,layout=javax.swing.BoxLayout,alignmentX=0.0,alignmentY=0.0,border=,flags=9,maximumSize=,minimumSize=,preferredSize=]
2023-04-14 10:41:24,698 [INFO] NvicIntPanel:101 - NVIC parent = com.st.microxplorer.plugins.ip.nvic.MultiNvicIntPanel[,0,0,0x0,invalid,layout=javax.swing.BoxLayout,alignmentX=0.0,alignmentY=0.0,border=,flags=9,maximumSize=,minimumSize=,preferredSize=]
2023-04-14 10:41:24,724 [INFO] NvicIntPanel:101 - NVIC parent = com.st.microxplorer.plugins.ip.nvic.MultiNvicIntPanel[,0,0,0x0,invalid,layout=javax.swing.BoxLayout,alignmentX=0.0,alignmentY=0.0,border=,flags=9,maximumSize=,minimumSize=,preferredSize=]
2023-04-14 10:41:27,104 [INFO] NvicIntPanel:101 - NVIC parent = com.st.microxplorer.plugins.ip.nvic.MultiNvicIntPanel[,0,0,0x0,invalid,layout=javax.swing.BoxLayout,alignmentX=0.0,alignmentY=0.0,border=,flags=9,maximumSize=,minimumSize=,preferredSize=]
2023-04-14 10:41:27,135 [INFO] NvicIntPanel:101 - NVIC parent = com.st.microxplorer.plugins.ip.nvic.MultiNvicIntPanel[,0,0,0x0,invalid,layout=javax.swing.BoxLayout,alignmentX=0.0,alignmentY=0.0,border=,flags=9,maximumSize=,minimumSize=,preferredSize=]
2023-04-14 10:41:30,082 [INFO] NvicIntPanel:101 - NVIC parent = com.st.microxplorer.plugins.ip.nvic.MultiNvicIntPanel[,0,0,0x0,invalid,layout=javax.swing.BoxLayout,alignmentX=0.0,alignmentY=0.0,border=,flags=9,maximumSize=,minimumSize=,preferredSize=]
2023-04-14 10:41:30,113 [INFO] NvicIntPanel:101 - NVIC parent = com.st.microxplorer.plugins.ip.nvic.MultiNvicIntPanel[,0,0,0x0,invalid,layout=javax.swing.BoxLayout,alignmentX=0.0,alignmentY=0.0,border=,flags=9,maximumSize=,minimumSize=,preferredSize=]
2023-04-14 10:41:39,020 [WARN] IP:2113 - DEVICE_SERIAL0_CDC_FS not found: check if there is a RefParameter without a condition.
2023-04-14 10:41:39,020 [WARN] IP:2113 - DEVICE_SERIAL1_CDC_FS not found: check if there is a RefParameter without a condition.
2023-04-14 10:41:39,020 [WARN] IP:2113 - DEVICE_SERIAL2_CDC_FS not found: check if there is a RefParameter without a condition.
2023-04-14 10:41:39,020 [WARN] IP:2113 - DEVICE_SERIAL0_CDC_FS not found: check if there is a RefParameter without a condition.
2023-04-14 10:41:39,020 [WARN] IP:2113 - DEVICE_SERIAL1_CDC_FS not found: check if there is a RefParameter without a condition.
2023-04-14 10:41:39,020 [WARN] IP:2113 - DEVICE_SERIAL2_CDC_FS not found: check if there is a RefParameter without a condition.
2023-04-14 10:41:41,475 [WARN] IP:2113 - DEVICE_SERIAL0_CDC_FS not found: check if there is a RefParameter without a condition.
2023-04-14 10:41:41,475 [WARN] IP:2113 - DEVICE_SERIAL1_CDC_FS not found: check if there is a RefParameter without a condition.
2023-04-14 10:41:41,475 [WARN] IP:2113 - DEVICE_SERIAL2_CDC_FS not found: check if there is a RefParameter without a condition.
2023-04-14 10:41:41,475 [WARN] IP:2113 - DEVICE_SERIAL0_CDC_FS not found: check if there is a RefParameter without a condition.
2023-04-14 10:41:41,475 [WARN] IP:2113 - DEVICE_SERIAL1_CDC_FS not found: check if there is a RefParameter without a condition.
2023-04-14 10:41:41,475 [WARN] IP:2113 - DEVICE_SERIAL2_CDC_FS not found: check if there is a RefParameter without a condition.
2023-04-14 10:41:44,268 [INFO] UtilMem:75 - End SaveConfig() Used Memory: 506407432 Bytes (717225984)
2023-04-14 10:41:45,803 [INFO] UtilMem:75 - End SaveConfig() Used Memory: 530480744 Bytes (717225984)
2023-04-14 10:41:47,528 [INFO] UtilMem:75 - End SaveConfig() Used Memory: 569278056 Bytes (717225984)
2023-04-14 10:41:47,632 [INFO] BlockDiagram:2759 - set Specific Code input for plugin: CAN
2023-04-14 10:41:47,632 [INFO] BlockDiagram:2759 - set Specific Code input for plugin: USB_DEVICE
2023-04-14 10:41:47,632 [INFO] BlockDiagram:2759 - set Specific Code input for plugin: RCC
2023-04-14 10:41:47,632 [INFO] BlockDiagram:2759 - set Specific Code input for plugin: USB_OTG_FS
2023-04-14 10:41:47,632 [INFO] BlockDiagram:2759 - set Specific Code input for plugin: NVIC
2023-04-14 10:41:47,632 [INFO] BlockDiagram:2759 - set Specific Code input for plugin: GPIO
2023-04-14 10:41:47,632 [INFO] CodeGenerator:793 - code generatio: config db path: C:\ST\STM32CubeIDE_1.12.0\STM32CubeIDE\plugins\com.st.stm32cube.common.mx_6.8.0.202302231600\\db\
2023-04-14 10:41:47,632 [WARN] IP:2113 - DEVICE_SERIAL0_CDC_FS not found: check if there is a RefParameter without a condition.
2023-04-14 10:41:47,632 [WARN] IP:2113 - DEVICE_SERIAL1_CDC_FS not found: check if there is a RefParameter without a condition.
2023-04-14 10:41:47,632 [WARN] IP:2113 - DEVICE_SERIAL2_CDC_FS not found: check if there is a RefParameter without a condition.
2023-04-14 10:41:47,714 [INFO] CodeEngine:255 - oldGeneratedFile, C:\Users\ktp21\STM32CubeIDE\workspace_1.12.0\CANtest\MXTmpFiles\license.tmp_save
2023-04-14 10:41:47,764 [INFO] CodeEngine:279 - Generated code: C:\Users\ktp21\STM32CubeIDE\workspace_1.12.0\CANtest\MXTmpFiles\license.tmp
2023-04-14 10:41:47,782 [INFO] CodeEngine:255 - oldGeneratedFile, C:\Users\ktp21\STM32CubeIDE\workspace_1.12.0\CANtest\MXTmpFiles\gpio.tmp_save
2023-04-14 10:41:47,828 [INFO] CodeEngine:279 - Generated code: C:\Users\ktp21\STM32CubeIDE\workspace_1.12.0\CANtest\MXTmpFiles\gpio.tmp
2023-04-14 10:41:47,844 [WARN] IPConfigManager:2937 - Warning: the RefConfig PWREx_EnableUSBVoltageDetector is not available in your config.xml file
2023-04-14 10:41:47,860 [INFO] CodeEngine:255 - oldGeneratedFile, C:\Users\ktp21\STM32CubeIDE\workspace_1.12.0\CANtest\MXTmpFiles\usb_otg_fs_vars.tmp_save
2023-04-14 10:41:47,917 [INFO] CodeEngine:279 - Generated code: C:\Users\ktp21\STM32CubeIDE\workspace_1.12.0\CANtest\MXTmpFiles\usb_otg_fs_vars.tmp
2023-04-14 10:41:47,917 [INFO] CodeEngine:255 - oldGeneratedFile, C:\Users\ktp21\STM32CubeIDE\workspace_1.12.0\CANtest\MXTmpFiles\usb_otg_fs_inc.tmp_save
2023-04-14 10:41:47,944 [INFO] CodeEngine:279 - Generated code: C:\Users\ktp21\STM32CubeIDE\workspace_1.12.0\CANtest\MXTmpFiles\usb_otg_fs_inc.tmp
2023-04-14 10:41:47,960 [INFO] CodeEngine:255 - oldGeneratedFile, C:\Users\ktp21\STM32CubeIDE\workspace_1.12.0\CANtest\MXTmpFiles\usb_otg_fs_HalInit.tmp_save
2023-04-14 10:41:48,007 [INFO] CodeEngine:279 - Generated code: C:\Users\ktp21\STM32CubeIDE\workspace_1.12.0\CANtest\MXTmpFiles\usb_otg_fs_HalInit.tmp
2023-04-14 10:41:48,022 [INFO] CodeEngine:255 - oldGeneratedFile, C:\Users\ktp21\STM32CubeIDE\workspace_1.12.0\CANtest\MXTmpFiles\usb_otg_fs_Msp.tmp_save
2023-04-14 10:41:48,060 [INFO] CodeEngine:279 - Generated code: C:\Users\ktp21\STM32CubeIDE\workspace_1.12.0\CANtest\MXTmpFiles\usb_otg_fs_Msp.tmp
2023-04-14 10:41:48,107 [INFO] Middleware:1439 - No code input for Bsp Dependency
2023-04-14 10:41:48,107 [INFO] Middleware:1439 - No code input for Bsp Dependency
2023-04-14 10:41:48,107 [INFO] CodeEngine:255 - oldGeneratedFile, C:\Users\ktp21\STM32CubeIDE\workspace_1.12.0\CANtest\USB_DEVICE\App\usb_device.c_save
2023-04-14 10:41:48,160 [INFO] CodeEngine:279 - Generated code: C:\Users\ktp21\STM32CubeIDE\workspace_1.12.0\CANtest\USB_DEVICE\App\usb_device.c
2023-04-14 10:41:48,176 [INFO] CodeEngine:255 - oldGeneratedFile, C:\Users\ktp21\STM32CubeIDE\workspace_1.12.0\CANtest\USB_DEVICE\App\usb_device.h_save
2023-04-14 10:41:48,207 [INFO] CodeEngine:279 - Generated code: C:\Users\ktp21\STM32CubeIDE\workspace_1.12.0\CANtest\USB_DEVICE\App\usb_device.h
2023-04-14 10:41:48,207 [INFO] CodeEngine:255 - oldGeneratedFile, C:\Users\ktp21\STM32CubeIDE\workspace_1.12.0\CANtest\USB_DEVICE\Target\usbd_conf.h_save
2023-04-14 10:41:48,245 [INFO] CodeEngine:279 - Generated code: C:\Users\ktp21\STM32CubeIDE\workspace_1.12.0\CANtest\USB_DEVICE\Target\usbd_conf.h
2023-04-14 10:41:48,260 [INFO] CodeEngine:255 - oldGeneratedFile, C:\Users\ktp21\STM32CubeIDE\workspace_1.12.0\CANtest\USB_DEVICE\Target\usbd_conf.c_save
2023-04-14 10:41:48,292 [INFO] CodeEngine:279 - Generated code: C:\Users\ktp21\STM32CubeIDE\workspace_1.12.0\CANtest\USB_DEVICE\Target\usbd_conf.c
2023-04-14 10:41:48,307 [INFO] CodeEngine:255 - oldGeneratedFile, C:\Users\ktp21\STM32CubeIDE\workspace_1.12.0\CANtest\USB_DEVICE\App\usbd_desc.h_save
2023-04-14 10:41:48,345 [INFO] CodeEngine:279 - Generated code: C:\Users\ktp21\STM32CubeIDE\workspace_1.12.0\CANtest\USB_DEVICE\App\usbd_desc.h
2023-04-14 10:41:48,345 [INFO] CodeEngine:255 - oldGeneratedFile, C:\Users\ktp21\STM32CubeIDE\workspace_1.12.0\CANtest\USB_DEVICE\App\usbd_desc.c_save
2023-04-14 10:41:48,392 [INFO] CodeEngine:279 - Generated code: C:\Users\ktp21\STM32CubeIDE\workspace_1.12.0\CANtest\USB_DEVICE\App\usbd_desc.c
2023-04-14 10:41:48,392 [INFO] CodeEngine:255 - oldGeneratedFile, C:\Users\ktp21\STM32CubeIDE\workspace_1.12.0\CANtest\USB_DEVICE\App\usbd_cdc_if.h_save
2023-04-14 10:41:48,430 [INFO] CodeEngine:279 - Generated code: C:\Users\ktp21\STM32CubeIDE\workspace_1.12.0\CANtest\USB_DEVICE\App\usbd_cdc_if.h
2023-04-14 10:41:48,445 [INFO] CodeEngine:255 - oldGeneratedFile, C:\Users\ktp21\STM32CubeIDE\workspace_1.12.0\CANtest\USB_DEVICE\App\usbd_cdc_if.c_save
2023-04-14 10:41:48,477 [INFO] CodeEngine:279 - Generated code: C:\Users\ktp21\STM32CubeIDE\workspace_1.12.0\CANtest\USB_DEVICE\App\usbd_cdc_if.c
2023-04-14 10:41:48,492 [INFO] CodeEngine:255 - oldGeneratedFile, C:\Users\ktp21\STM32CubeIDE\workspace_1.12.0\CANtest\Core\Src\stm32f4xx_it.c_save
2023-04-14 10:41:48,592 [INFO] CodeEngine:279 - Generated code: C:\Users\ktp21\STM32CubeIDE\workspace_1.12.0\CANtest\Core\Src\stm32f4xx_it.c
2023-04-14 10:41:48,608 [INFO] CodeEngine:255 - oldGeneratedFile, C:\Users\ktp21\STM32CubeIDE\workspace_1.12.0\CANtest\Core\Inc\stm32f4xx_it.h_save
2023-04-14 10:41:48,646 [INFO] CodeEngine:279 - Generated code: C:\Users\ktp21\STM32CubeIDE\workspace_1.12.0\CANtest\Core\Inc\stm32f4xx_it.h
2023-04-14 10:41:48,662 [INFO] CodeEngine:255 - oldGeneratedFile, C:\Users\ktp21\STM32CubeIDE\workspace_1.12.0\CANtest\Core\Src\stm32f4xx_hal_msp.c_save
2023-04-14 10:41:48,709 [INFO] CodeEngine:279 - Generated code: C:\Users\ktp21\STM32CubeIDE\workspace_1.12.0\CANtest\Core\Src\stm32f4xx_hal_msp.c
2023-04-14 10:41:48,709 [INFO] CodeEngine:255 - oldGeneratedFile, C:\Users\ktp21\STM32CubeIDE\workspace_1.12.0\CANtest\MXTmpFiles\system.tmp_save
2023-04-14 10:41:48,746 [INFO] CodeEngine:279 - Generated code: C:\Users\ktp21\STM32CubeIDE\workspace_1.12.0\CANtest\MXTmpFiles\system.tmp
2023-04-14 10:41:48,761 [INFO] CodeEngine:311 - oldGeneratedFile, C:\Users\ktp21\STM32CubeIDE\workspace_1.12.0\CANtest\Core\Inc\stm32f4xx_hal_conf.h_save
2023-04-14 10:41:48,805 [INFO] CodeEngine:335 - Generated code: C:\Users\ktp21\STM32CubeIDE\workspace_1.12.0\CANtest\Core\Inc\stm32f4xx_hal_conf.h
2023-04-14 10:41:48,830 [INFO] CodeEngine:255 - oldGeneratedFile, C:\Users\ktp21\STM32CubeIDE\workspace_1.12.0\CANtest\Core\Inc\main.h_save
2023-04-14 10:41:48,877 [INFO] CodeEngine:279 - Generated code: C:\Users\ktp21\STM32CubeIDE\workspace_1.12.0\CANtest\Core\Inc\main.h
2023-04-14 10:41:48,877 [INFO] CodeEngine:255 - oldGeneratedFile, C:\Users\ktp21\STM32CubeIDE\workspace_1.12.0\CANtest\Core\Src\main.c_save
2023-04-14 10:41:48,946 [INFO] CodeEngine:279 - Generated code: C:\Users\ktp21\STM32CubeIDE\workspace_1.12.0\CANtest\Core\Src\main.c
2023-04-14 10:41:49,262 [INFO] ProjectBuilder:2996 - Time for Copy HAL[1] : 83mS.
2023-04-14 10:41:49,262 [INFO] ProjectBuilder:4304 - Project Generator version: 3.19.2
2023-04-14 10:41:49,414 [INFO] ConfigFileManager:1483 - The Die is : DIE413
2023-04-14 10:41:50,432 [INFO] ProjectBuilder:4505 - Time for Generating toolchain IDE Files: 1170mS.
2023-04-14 10:41:50,432 [INFO] ProjectBuilder:2867 - Time for Copy CMSIS : 0mS.
2023-04-14 10:41:50,432 [INFO] ProjectBuilder:2867 - Time for Copy CMSIS : 0mS.
2023-04-14 10:51:37,566 [INFO] NvicIntPanel:101 - NVIC parent = com.st.microxplorer.plugins.ip.nvic.MultiNvicIntPanel[,0,0,573x473,layout=javax.swing.BoxLayout,alignmentX=0.0,alignmentY=0.0,border=,flags=9,maximumSize=,minimumSize=,preferredSize=]
2023-04-14 11:19:22,379 [WARN] IP:2113 - DEVICE_SERIAL0_CDC_FS not found: check if there is a RefParameter without a condition.
2023-04-14 11:19:22,379 [WARN] IP:2113 - DEVICE_SERIAL1_CDC_FS not found: check if there is a RefParameter without a condition.
2023-04-14 11:19:22,379 [WARN] IP:2113 - DEVICE_SERIAL2_CDC_FS not found: check if there is a RefParameter without a condition.
2023-04-14 11:19:22,379 [WARN] IP:2113 - DEVICE_SERIAL0_CDC_FS not found: check if there is a RefParameter without a condition.
2023-04-14 11:19:22,379 [WARN] IP:2113 - DEVICE_SERIAL1_CDC_FS not found: check if there is a RefParameter without a condition.
2023-04-14 11:19:22,379 [WARN] IP:2113 - DEVICE_SERIAL2_CDC_FS not found: check if there is a RefParameter without a condition.
2023-04-14 11:23:29,199 [INFO] NvicIntPanel:101 - NVIC parent = com.st.microxplorer.plugins.ip.nvic.MultiNvicIntPanel[,0,0,573x473,layout=javax.swing.BoxLayout,alignmentX=0.0,alignmentY=0.0,border=,flags=9,maximumSize=,minimumSize=,preferredSize=]
2023-04-14 11:23:35,845 [WARN] IP:2113 - DEVICE_SERIAL0_CDC_FS not found: check if there is a RefParameter without a condition.
2023-04-14 11:23:35,845 [WARN] IP:2113 - DEVICE_SERIAL1_CDC_FS not found: check if there is a RefParameter without a condition.
2023-04-14 11:23:35,845 [WARN] IP:2113 - DEVICE_SERIAL2_CDC_FS not found: check if there is a RefParameter without a condition.
2023-04-14 11:23:38,847 [WARN] IP:2113 - DEVICE_SERIAL0_CDC_FS not found: check if there is a RefParameter without a condition.
2023-04-14 11:23:38,847 [WARN] IP:2113 - DEVICE_SERIAL1_CDC_FS not found: check if there is a RefParameter without a condition.
2023-04-14 11:23:38,847 [WARN] IP:2113 - DEVICE_SERIAL2_CDC_FS not found: check if there is a RefParameter without a condition.
2023-04-14 11:23:39,517 [WARN] IP:2113 - DEVICE_SERIAL0_CDC_FS not found: check if there is a RefParameter without a condition.
2023-04-14 11:23:39,517 [WARN] IP:2113 - DEVICE_SERIAL1_CDC_FS not found: check if there is a RefParameter without a condition.
2023-04-14 11:23:39,517 [WARN] IP:2113 - DEVICE_SERIAL2_CDC_FS not found: check if there is a RefParameter without a condition.
